#
# There is insufficient memory for the Java Runtime Environment to continue.
# Native memory allocation (mmap) failed to map 29360128 bytes for G1 virtual space
# Possible reasons:
#   The system is out of physical RAM or swap space
#   The process is running with CompressedOops enabled, and the Java Heap may be blocking the growth of the native heap
# Possible solutions:
#   Reduce memory load on the system
#   Increase physical memory or swap space
#   Check if swap backing store is full
#   Decrease Java heap size (-Xmx/-Xms)
#   Decrease number of Java threads
#   Decrease Java thread stack sizes (-Xss)
#   Set larger code cache with -XX:ReservedCodeCacheSize=
#   JVM is running with Unscaled Compressed Oops mode in which the Java heap is
#     placed in the first 4GB address space. The Java Heap base address is the
#     maximum limit for the native heap growth. Please use -XX:HeapBaseMinAddress
#     to set the Java Heap base and to place the Java Heap above 4GB virtual address.
# This output file may be truncated or incomplete.
#
#  Out of Memory Error (os_windows.cpp:3550), pid=9924, tid=38264
#
# JRE version: Java(TM) SE Runtime Environment (17.0.7+8) (build 17.0.7+8-LTS-224)
# Java VM: Java HotSpot(TM) 64-Bit Server VM (17.0.7+8-LTS-224, mixed mode, sharing, tiered, compressed oops, compressed class ptrs, g1 gc, windows-amd64)
# No core dump will be written. Minidumps are not enabled by default on client versions of Windows
#

---------------  S U M M A R Y ------------

Command Line: C:\Users\chidy\AppData\Local\Temp\surefire7551628372626524591\surefirebooter9752623232339299859.jar C:\Users\chidy\AppData\Local\Temp\surefire7551628372626524591 2024-07-04T00-19-32_367-jvmRun1 surefire3069315259760760595tmp surefire_018201805002483838870tmp

Host: Intel(R) Core(TM) i5-8265U CPU @ 1.60GHz, 8 cores, 7G,  Windows 11 , 64 bit Build 22621 (10.0.22621.3672)
Time: Thu Jul  4 00:21:04 2024 GMT Summer Time elapsed time: 91.911365 seconds (0d 0h 1m 31s)

---------------  T H R E A D  ---------------

Current thread (0x000001e766401a70):  VMThread "VM Thread" [stack: 0x0000001998f00000,0x0000001999000000] [id=38264]

Stack: [0x0000001998f00000,0x0000001999000000]
Native frames: (J=compiled Java code, j=interpreted, Vv=VM code, C=native code)
V  [jvm.dll+0x676a4a]
V  [jvm.dll+0x7d74f4]
V  [jvm.dll+0x7d8c9e]
V  [jvm.dll+0x7d9303]
V  [jvm.dll+0x2452c5]
V  [jvm.dll+0x6738f9]
V  [jvm.dll+0x668232]
V  [jvm.dll+0x302826]
V  [jvm.dll+0x309da6]
V  [jvm.dll+0x35952e]
V  [jvm.dll+0x35975f]
V  [jvm.dll+0x2d9a38]
V  [jvm.dll+0x2dcad6]
V  [jvm.dll+0x2e72d8]
V  [jvm.dll+0x31ad30]
V  [jvm.dll+0x7ddb0b]
V  [jvm.dll+0x7de844]
V  [jvm.dll+0x7ded5d]
V  [jvm.dll+0x7df134]
V  [jvm.dll+0x7df200]
V  [jvm.dll+0x78759a]
V  [jvm.dll+0x675875]
C  [ucrtbase.dll+0x29333]
C  [KERNEL32.DLL+0x1257d]
C  [ntdll.dll+0x5af28]

VM_Operation (0x0000001998bff4e0): G1Concurrent, mode: safepoint, requested by thread 0x000001e74649f4b0


---------------  P R O C E S S  ---------------

Threads class SMR info:
_java_thread_list=0x000001e76921b320, length=48, elements={
0x000001e746432100, 0x000001e766407980, 0x000001e766409800, 0x000001e76641fdb0,
0x000001e766420870, 0x000001e766421420, 0x000001e766423ee0, 0x000001e766424bc0,
0x000001e766431150, 0x000001e76645ba80, 0x000001e7670f9d00, 0x000001e7671005b0,
0x000001e76711f190, 0x000001e767235720, 0x000001e7685906f0, 0x000001e76948e9b0,
0x000001e7681dc030, 0x000001e7688fc8e0, 0x000001e7688fd750, 0x000001e768a499b0,
0x000001e768a4a820, 0x000001e768a45180, 0x000001e768a481a0, 0x000001e768a42fd0,
0x000001e768a48670, 0x000001e768a434a0, 0x000001e768a48b40, 0x000001e768a43e40,
0x000001e768a45ff0, 0x000001e768a44310, 0x000001e768a49010, 0x000001e768a44cb0,
0x000001e768a49e80, 0x000001e768a464c0, 0x000001e768a46990, 0x000001e768a46e60,
0x000001e768a447e0, 0x000001e768a45650, 0x000001e768a45b20, 0x000001e768a43970,
0x000001e768a4a350, 0x000001e768a47330, 0x000001e768a47800, 0x000001e768a47cd0,
0x000001e7688fcdb0, 0x000001e7688fd280, 0x000001e7688fc410, 0x000001e7688fdc20
}

Java Threads: ( => current thread )
  0x000001e746432100 JavaThread "Forwarding newSession on session null to remote" [_thread_blocked, id=16068, stack(0x0000001998900000,0x0000001998a00000)]
  0x000001e766407980 JavaThread "Reference Handler" daemon [_thread_blocked, id=14168, stack(0x0000001999000000,0x0000001999100000)]
  0x000001e766409800 JavaThread "Finalizer" daemon [_thread_blocked, id=49492, stack(0x0000001999100000,0x0000001999200000)]
  0x000001e76641fdb0 JavaThread "Signal Dispatcher" daemon [_thread_blocked, id=15420, stack(0x0000001999200000,0x0000001999300000)]
  0x000001e766420870 JavaThread "Attach Listener" daemon [_thread_blocked, id=22116, stack(0x0000001999300000,0x0000001999400000)]
  0x000001e766421420 JavaThread "Service Thread" daemon [_thread_blocked, id=35420, stack(0x0000001999400000,0x0000001999500000)]
  0x000001e766423ee0 JavaThread "Monitor Deflation Thread" daemon [_thread_blocked, id=46416, stack(0x0000001999500000,0x0000001999600000)]
  0x000001e766424bc0 JavaThread "C2 CompilerThread0" daemon [_thread_blocked, id=21920, stack(0x0000001999600000,0x0000001999700000)]
  0x000001e766431150 JavaThread "C1 CompilerThread0" daemon [_thread_blocked, id=51540, stack(0x0000001999700000,0x0000001999800000)]
  0x000001e76645ba80 JavaThread "Sweeper thread" daemon [_thread_blocked, id=29772, stack(0x0000001999800000,0x0000001999900000)]
  0x000001e7670f9d00 JavaThread "Notification Thread" daemon [_thread_blocked, id=19908, stack(0x0000001999900000,0x0000001999a00000)]
  0x000001e7671005b0 JavaThread "Common-Cleaner" daemon [_thread_blocked, id=17732, stack(0x0000001999b00000,0x0000001999c00000)]
  0x000001e76711f190 JavaThread "surefire-forkedjvm-command-thread" daemon [_thread_in_native, id=32788, stack(0x0000001999c00000,0x0000001999d00000)]
  0x000001e767235720 JavaThread "surefire-forkedjvm-ping-30s" daemon [_thread_in_native, id=37760, stack(0x0000001999d00000,0x0000001999e00000)]
  0x000001e7685906f0 JavaThread "ForkJoinPool.commonPool-worker-1" daemon [_thread_blocked, id=24524, stack(0x000000199aa00000,0x000000199ab00000)]
  0x000001e76948e9b0 JavaThread "AsyncHttpClient-1-1" daemon [_thread_blocked, id=50168, stack(0x000000199ab00000,0x000000199ac00000)]
  0x000001e7681dc030 JavaThread "ForkJoinPool.commonPool-worker-2" daemon [_thread_blocked, id=40688, stack(0x000000199ac00000,0x000000199ad00000)]
  0x000001e7688fc8e0 JavaThread "AsyncHttpClient-1-2" daemon [_thread_in_native, id=26072, stack(0x000000199b200000,0x000000199b300000)]
  0x000001e7688fd750 JavaThread "AsyncHttpClient-1-3" daemon [_thread_in_native, id=42760, stack(0x0000001999e00000,0x0000001999f00000)]
  0x000001e768a499b0 JavaThread "Exec Default Executor" daemon [_thread_in_native, id=50572, stack(0x000000199b300000,0x000000199b400000)]
  0x000001e768a4a820 JavaThread "Driver Service Executor" daemon [_thread_blocked, id=5496, stack(0x000000199b400000,0x000000199b500000)]
  0x000001e768a45180 JavaThread "Driver Service Executor" daemon [_thread_blocked, id=50828, stack(0x000000199b500000,0x000000199b600000)]
  0x000001e768a481a0 JavaThread "Exec Stream Pumper" daemon [_thread_in_native, id=32820, stack(0x000000199b600000,0x000000199b700000)]
  0x000001e768a42fd0 JavaThread "Exec Stream Pumper" daemon [_thread_in_native, id=32156, stack(0x000000199b700000,0x000000199b800000)]
  0x000001e768a48670 JavaThread "AsyncHttpClient-1-4" daemon [_thread_in_native, id=21724, stack(0x000000199b800000,0x000000199b900000)]
  0x000001e768a434a0 JavaThread "AsyncHttpClient-1-5" daemon [_thread_in_native, id=8544, stack(0x000000199b900000,0x000000199ba00000)]
  0x000001e768a48b40 JavaThread "AsyncHttpClient-1-6" daemon [_thread_in_native, id=20384, stack(0x000000199bd00000,0x000000199be00000)]
  0x000001e768a43e40 JavaThread "AsyncHttpClient-1-7" daemon [_thread_in_native, id=10692, stack(0x000000199ad00000,0x000000199ae00000)]
  0x000001e768a45ff0 JavaThread "Exec Default Executor" daemon [_thread_in_native, id=36452, stack(0x000000199be00000,0x000000199bf00000)]
  0x000001e768a44310 JavaThread "Driver Service Executor" daemon [_thread_blocked, id=25344, stack(0x000000199bf00000,0x000000199c000000)]
  0x000001e768a49010 JavaThread "Driver Service Executor" daemon [_thread_blocked, id=4856, stack(0x000000199c000000,0x000000199c100000)]
  0x000001e768a44cb0 JavaThread "Exec Stream Pumper" daemon [_thread_in_native, id=29636, stack(0x000000199c100000,0x000000199c200000)]
  0x000001e768a49e80 JavaThread "Exec Stream Pumper" daemon [_thread_in_native, id=33056, stack(0x000000199c200000,0x000000199c300000)]
  0x000001e768a464c0 JavaThread "AsyncHttpClient-1-8" daemon [_thread_in_native, id=30068, stack(0x000000199c300000,0x000000199c400000)]
  0x000001e768a46990 JavaThread "AsyncHttpClient-1-9" daemon [_thread_in_native, id=14420, stack(0x000000199c400000,0x000000199c500000)]
  0x000001e768a46e60 JavaThread "Exec Default Executor" daemon [_thread_in_native, id=19036, stack(0x0000001998600000,0x0000001998700000)]
  0x000001e768a447e0 JavaThread "Driver Service Executor" daemon [_thread_blocked, id=38584, stack(0x0000001998700000,0x0000001998800000)]
  0x000001e768a45650 JavaThread "Driver Service Executor" daemon [_thread_blocked, id=44936, stack(0x0000001998800000,0x0000001998900000)]
  0x000001e768a45b20 JavaThread "Exec Stream Pumper" daemon [_thread_in_native, id=49652, stack(0x000000199ae00000,0x000000199af00000)]
  0x000001e768a43970 JavaThread "Exec Stream Pumper" daemon [_thread_in_native, id=33968, stack(0x000000199af00000,0x000000199b000000)]
  0x000001e768a4a350 JavaThread "AsyncHttpClient-1-10" daemon [_thread_in_native, id=40396, stack(0x000000199b000000,0x000000199b100000)]
  0x000001e768a47330 JavaThread "AsyncHttpClient-1-11" daemon [_thread_in_native, id=41484, stack(0x000000199b100000,0x000000199b200000)]
  0x000001e768a47800 JavaThread "Exec Default Executor" daemon [_thread_in_native, id=27696, stack(0x000000199bc00000,0x000000199bd00000)]
  0x000001e768a47cd0 JavaThread "Driver Service Executor" daemon [_thread_blocked, id=40768, stack(0x000000199c500000,0x000000199c600000)]
  0x000001e7688fcdb0 JavaThread "Driver Service Executor" daemon [_thread_blocked, id=17404, stack(0x000000199c600000,0x000000199c700000)]
  0x000001e7688fd280 JavaThread "Exec Stream Pumper" daemon [_thread_blocked, id=22160, stack(0x000000199c700000,0x000000199c800000)]
  0x000001e7688fc410 JavaThread "Exec Stream Pumper" daemon [_thread_in_native, id=49100, stack(0x000000199c800000,0x000000199c900000)]
  0x000001e7688fdc20 JavaThread "AsyncHttpClient-1-12" daemon [_thread_blocked, id=48348, stack(0x000000199c900000,0x000000199ca00000)]

Other Threads:
=>0x000001e766401a70 VMThread "VM Thread" [stack: 0x0000001998f00000,0x0000001999000000] [id=38264]
  0x000001e7464a90c0 WatcherThread [stack: 0x0000001999a00000,0x0000001999b00000] [id=41848]
  0x000001e74648d310 GCTaskThread "GC Thread#0" [stack: 0x0000001998a00000,0x0000001998b00000] [id=21924]
  0x000001e76903a980 GCTaskThread "GC Thread#1" [stack: 0x000000199a000000,0x000000199a100000] [id=34504]
  0x000001e7675024c0 GCTaskThread "GC Thread#2" [stack: 0x000000199a100000,0x000000199a200000] [id=1524]
  0x000001e7686764a0 GCTaskThread "GC Thread#3" [stack: 0x000000199a200000,0x000000199a300000] [id=23128]
  0x000001e767c5a620 GCTaskThread "GC Thread#4" [stack: 0x000000199a300000,0x000000199a400000] [id=25076]
  0x000001e767c5a8d0 GCTaskThread "GC Thread#5" [stack: 0x000000199a400000,0x000000199a500000] [id=41672]
  0x000001e768bce9a0 GCTaskThread "GC Thread#6" [stack: 0x000000199a500000,0x000000199a600000] [id=18492]
  0x000001e768bcec50 GCTaskThread "GC Thread#7" [stack: 0x000000199a600000,0x000000199a700000] [id=46952]
  0x000001e74649f4b0 ConcurrentGCThread "G1 Main Marker" [stack: 0x0000001998b00000,0x0000001998c00000] [id=25144]
  0x000001e7464a1e80 ConcurrentGCThread "G1 Conc#0" [stack: 0x0000001998c00000,0x0000001998d00000] [id=38184]
  0x000001e768e26140 ConcurrentGCThread "G1 Conc#1" [stack: 0x000000199a900000,0x000000199aa00000] [id=36200]
  0x000001e7662c24c0 ConcurrentGCThread "G1 Refine#0" [stack: 0x0000001998d00000,0x0000001998e00000] [id=51476]
  0x000001e768266aa0 ConcurrentGCThread "G1 Refine#1" [stack: 0x000000199a700000,0x000000199a800000] [id=46496]
  0x000001e768176740 ConcurrentGCThread "G1 Refine#2" [stack: 0x000000199a800000,0x000000199a900000] [id=18824]
  0x000001e7662c2ee0 ConcurrentGCThread "G1 Service" [stack: 0x0000001998e00000,0x0000001998f00000] [id=24080]

Threads with active compile tasks:
C2 CompilerThread0    92052 4673       4       java.util.WeakHashMap::put (160 bytes)

VM state: at safepoint (normal execution)

VM Mutex/Monitor currently owned by a thread:  ([mutex/lock_event])
[0x000001e74642dd50] Threads_lock - owner thread: 0x000001e766401a70
[0x000001e74642df90] Heap_lock - owner thread: 0x000001e74649f4b0

Heap address: 0x0000000082e00000, size: 2002 MB, Compressed Oops mode: 32-bit

CDS archive(s) mapped at: [0x0000000800000000-0x0000000800bd0000-0x0000000800bd0000), size 12386304, SharedBaseAddress: 0x0000000800000000, ArchiveRelocationMode: 0.
Compressed class space mapped at: 0x0000000800c00000-0x0000000840c00000, reserved size: 1073741824
Narrow klass base: 0x0000000800000000, Narrow klass shift: 0, Narrow klass range: 0x100000000

GC Precious Log:
 CPUs: 8 total, 8 available
 Memory: 8006M
 Large Page Support: Disabled
 NUMA Support: Disabled
 Compressed Oops: Enabled (32-bit)
 Heap Region Size: 1M
 Heap Min Capacity: 8M
 Heap Initial Capacity: 126M
 Heap Max Capacity: 2002M
 Pre-touch: Disabled
 Parallel Workers: 8
 Concurrent Workers: 2
 Concurrent Refinement Workers: 8
 Periodic GC: Disabled

Heap:
 garbage-first heap   total 183296K, used 124336K [0x0000000082e00000, 0x0000000100000000)
  region size 1024K, 4 young (4096K), 3 survivors (3072K)
 Metaspace       used 32819K, committed 33152K, reserved 1081344K
  class space    used 4101K, committed 4288K, reserved 1048576K

Heap Regions: E=young(eden), S=young(survivor), O=old, HS=humongous(starts), HC=humongous(continues), CS=collection set, F=free, OA=open archive, CA=closed archive, TAMS=top-at-mark-start (previous, next)
|   0|0x0000000082e00000, 0x0000000082f00000, 0x0000000082f00000|100%| O|  |TAMS 0x0000000082f00000, 0x0000000082e00000| Untracked 
|   1|0x0000000082f00000, 0x0000000083000000, 0x0000000083000000|100%| O|  |TAMS 0x0000000083000000, 0x0000000082f00000| Untracked 
|   2|0x0000000083000000, 0x0000000083100000, 0x0000000083100000|100%| O|  |TAMS 0x0000000083100000, 0x0000000083000000| Updating 
|   3|0x0000000083100000, 0x0000000083200000, 0x0000000083200000|100%| O|  |TAMS 0x0000000083200000, 0x0000000083100000| Untracked 
|   4|0x0000000083200000, 0x0000000083300000, 0x0000000083300000|100%| O|  |TAMS 0x0000000083300000, 0x0000000083200000| Untracked 
|   5|0x0000000083300000, 0x0000000083400000, 0x0000000083400000|100%| O|  |TAMS 0x0000000083400000, 0x0000000083300000| Untracked 
|   6|0x0000000083400000, 0x0000000083500000, 0x0000000083500000|100%| O|  |TAMS 0x0000000083500000, 0x0000000083400000| Untracked 
|   7|0x0000000083500000, 0x0000000083600000, 0x0000000083600000|100%| O|  |TAMS 0x0000000083600000, 0x0000000083500000| Untracked 
|   8|0x0000000083600000, 0x0000000083700000, 0x0000000083700000|100%| O|  |TAMS 0x0000000083700000, 0x0000000083600000| Untracked 
|   9|0x0000000083700000, 0x0000000083744c00, 0x0000000083800000| 26%| O|  |TAMS 0x0000000083744c00, 0x0000000083700000| Updating 
|  10|0x0000000083800000, 0x0000000083900000, 0x0000000083900000|100%| O|  |TAMS 0x0000000083900000, 0x0000000083800000| Untracked 
|  11|0x0000000083900000, 0x0000000083a00000, 0x0000000083a00000|100%| O|  |TAMS 0x0000000083a00000, 0x0000000083900000| Untracked 
|  12|0x0000000083a00000, 0x0000000083b00000, 0x0000000083b00000|100%| O|  |TAMS 0x0000000083b00000, 0x0000000083a00000| Untracked 
|  13|0x0000000083b00000, 0x0000000083c00000, 0x0000000083c00000|100%| O|  |TAMS 0x0000000083c00000, 0x0000000083b00000| Untracked 
|  14|0x0000000083c00000, 0x0000000083d00000, 0x0000000083d00000|100%| O|  |TAMS 0x0000000083d00000, 0x0000000083c00000| Untracked 
|  15|0x0000000083d00000, 0x0000000083e00000, 0x0000000083e00000|100%| O|  |TAMS 0x0000000083e00000, 0x0000000083d00000| Untracked 
|  16|0x0000000083e00000, 0x0000000083f00000, 0x0000000083f00000|100%| O|  |TAMS 0x0000000083f00000, 0x0000000083e00000| Updating 
|  17|0x0000000083f00000, 0x0000000084000000, 0x0000000084000000|100%|HS|  |TAMS 0x0000000084000000, 0x0000000083f00000| Complete 
|  18|0x0000000084000000, 0x0000000084100000, 0x0000000084100000|100%|HC|  |TAMS 0x0000000084100000, 0x0000000084000000| Complete 
|  19|0x0000000084100000, 0x0000000084200000, 0x0000000084200000|100%|HC|  |TAMS 0x0000000084200000, 0x0000000084100000| Complete 
|  20|0x0000000084200000, 0x0000000084300000, 0x0000000084300000|100%|HC|  |TAMS 0x0000000084300000, 0x0000000084200000| Complete 
|  21|0x0000000084300000, 0x0000000084400000, 0x0000000084400000|100%|HC|  |TAMS 0x0000000084400000, 0x0000000084300000| Complete 
|  22|0x0000000084400000, 0x0000000084500000, 0x0000000084500000|100%|HC|  |TAMS 0x0000000084500000, 0x0000000084400000| Complete 
|  23|0x0000000084500000, 0x0000000084600000, 0x0000000084600000|100%|HC|  |TAMS 0x0000000084600000, 0x0000000084500000| Complete 
|  24|0x0000000084600000, 0x0000000084700000, 0x0000000084700000|100%|HC|  |TAMS 0x0000000084700000, 0x0000000084600000| Complete 
|  25|0x0000000084700000, 0x0000000084800000, 0x0000000084800000|100%|HC|  |TAMS 0x0000000084800000, 0x0000000084700000| Complete 
|  26|0x0000000084800000, 0x0000000084900000, 0x0000000084900000|100%|HC|  |TAMS 0x0000000084900000, 0x0000000084800000| Complete 
|  27|0x0000000084900000, 0x0000000084a00000, 0x0000000084a00000|100%|HC|  |TAMS 0x0000000084a00000, 0x0000000084900000| Complete 
|  28|0x0000000084a00000, 0x0000000084b00000, 0x0000000084b00000|100%|HC|  |TAMS 0x0000000084b00000, 0x0000000084a00000| Complete 
|  29|0x0000000084b00000, 0x0000000084c00000, 0x0000000084c00000|100%|HC|  |TAMS 0x0000000084c00000, 0x0000000084b00000| Complete 
|  30|0x0000000084c00000, 0x0000000084d00000, 0x0000000084d00000|100%|HC|  |TAMS 0x0000000084d00000, 0x0000000084c00000| Complete 
|  31|0x0000000084d00000, 0x0000000084e00000, 0x0000000084e00000|100%|HC|  |TAMS 0x0000000084e00000, 0x0000000084d00000| Complete 
|  32|0x0000000084e00000, 0x0000000084f00000, 0x0000000084f00000|100%|HC|  |TAMS 0x0000000084f00000, 0x0000000084e00000| Complete 
|  33|0x0000000084f00000, 0x0000000085000000, 0x0000000085000000|100%|HC|  |TAMS 0x0000000085000000, 0x0000000084f00000| Complete 
|  34|0x0000000085000000, 0x0000000085027600, 0x0000000085100000| 15%| O|  |TAMS 0x0000000085027600, 0x0000000085000000| Updating 
|  35|0x0000000085100000, 0x0000000085100000, 0x0000000085200000|  0%| F|  |TAMS 0x0000000085100000, 0x0000000085100000| Untracked 
|  36|0x0000000085200000, 0x0000000085200000, 0x0000000085300000|  0%| F|  |TAMS 0x0000000085200000, 0x0000000085200000| Untracked 
|  37|0x0000000085300000, 0x0000000085300000, 0x0000000085400000|  0%| F|  |TAMS 0x0000000085300000, 0x0000000085300000| Untracked 
|  38|0x0000000085400000, 0x0000000085400000, 0x0000000085500000|  0%| F|  |TAMS 0x0000000085400000, 0x0000000085400000| Untracked 
|  39|0x0000000085500000, 0x0000000085500000, 0x0000000085600000|  0%| F|  |TAMS 0x0000000085500000, 0x0000000085500000| Untracked 
|  40|0x0000000085600000, 0x0000000085600000, 0x0000000085700000|  0%| F|  |TAMS 0x0000000085600000, 0x0000000085600000| Untracked 
|  41|0x0000000085700000, 0x0000000085700000, 0x0000000085800000|  0%| F|  |TAMS 0x0000000085700000, 0x0000000085700000| Untracked 
|  42|0x0000000085800000, 0x0000000085800000, 0x0000000085900000|  0%| F|  |TAMS 0x0000000085800000, 0x0000000085800000| Untracked 
|  43|0x0000000085900000, 0x0000000085900000, 0x0000000085a00000|  0%| F|  |TAMS 0x0000000085900000, 0x0000000085900000| Untracked 
|  44|0x0000000085a00000, 0x0000000085a00000, 0x0000000085b00000|  0%| F|  |TAMS 0x0000000085a00000, 0x0000000085a00000| Untracked 
|  45|0x0000000085b00000, 0x0000000085b00000, 0x0000000085c00000|  0%| F|  |TAMS 0x0000000085b00000, 0x0000000085b00000| Untracked 
|  46|0x0000000085c00000, 0x0000000085c00000, 0x0000000085d00000|  0%| F|  |TAMS 0x0000000085c00000, 0x0000000085c00000| Untracked 
|  47|0x0000000085d00000, 0x0000000085e00000, 0x0000000085e00000|100%|HS|  |TAMS 0x0000000085e00000, 0x0000000085d00000| Complete 
|  48|0x0000000085e00000, 0x0000000085f00000, 0x0000000085f00000|100%|HC|  |TAMS 0x0000000085f00000, 0x0000000085e00000| Complete 
|  49|0x0000000085f00000, 0x0000000086000000, 0x0000000086000000|100%|HC|  |TAMS 0x0000000086000000, 0x0000000085f00000| Complete 
|  50|0x0000000086000000, 0x0000000086100000, 0x0000000086100000|100%|HC|  |TAMS 0x0000000086100000, 0x0000000086000000| Complete 
|  51|0x0000000086100000, 0x0000000086200000, 0x0000000086200000|100%|HC|  |TAMS 0x0000000086200000, 0x0000000086100000| Complete 
|  52|0x0000000086200000, 0x0000000086300000, 0x0000000086300000|100%|HC|  |TAMS 0x0000000086300000, 0x0000000086200000| Complete 
|  53|0x0000000086300000, 0x0000000086400000, 0x0000000086400000|100%|HC|  |TAMS 0x0000000086400000, 0x0000000086300000| Complete 
|  54|0x0000000086400000, 0x0000000086500000, 0x0000000086500000|100%|HC|  |TAMS 0x0000000086500000, 0x0000000086400000| Complete 
|  55|0x0000000086500000, 0x0000000086600000, 0x0000000086600000|100%|HC|  |TAMS 0x0000000086600000, 0x0000000086500000| Complete 
|  56|0x0000000086600000, 0x0000000086700000, 0x0000000086700000|100%|HC|  |TAMS 0x0000000086700000, 0x0000000086600000| Complete 
|  57|0x0000000086700000, 0x0000000086800000, 0x0000000086800000|100%|HC|  |TAMS 0x0000000086800000, 0x0000000086700000| Complete 
|  58|0x0000000086800000, 0x0000000086900000, 0x0000000086900000|100%|HC|  |TAMS 0x0000000086900000, 0x0000000086800000| Complete 
|  59|0x0000000086900000, 0x0000000086a00000, 0x0000000086a00000|100%|HC|  |TAMS 0x0000000086a00000, 0x0000000086900000| Complete 
|  60|0x0000000086a00000, 0x0000000086b00000, 0x0000000086b00000|100%|HC|  |TAMS 0x0000000086b00000, 0x0000000086a00000| Complete 
|  61|0x0000000086b00000, 0x0000000086c00000, 0x0000000086c00000|100%|HC|  |TAMS 0x0000000086c00000, 0x0000000086b00000| Complete 
|  62|0x0000000086c00000, 0x0000000086d00000, 0x0000000086d00000|100%|HC|  |TAMS 0x0000000086d00000, 0x0000000086c00000| Complete 
|  63|0x0000000086d00000, 0x0000000086e00000, 0x0000000086e00000|100%|HC|  |TAMS 0x0000000086e00000, 0x0000000086d00000| Complete 
|  64|0x0000000086e00000, 0x0000000086e00000, 0x0000000086f00000|  0%| F|  |TAMS 0x0000000086e00000, 0x0000000086e00000| Untracked 
|  65|0x0000000086f00000, 0x0000000086f00000, 0x0000000087000000|  0%| F|  |TAMS 0x0000000086f00000, 0x0000000086f00000| Untracked 
|  66|0x0000000087000000, 0x0000000087000000, 0x0000000087100000|  0%| F|  |TAMS 0x0000000087000000, 0x0000000087000000| Untracked 
|  67|0x0000000087100000, 0x0000000087100000, 0x0000000087200000|  0%| F|  |TAMS 0x0000000087100000, 0x0000000087100000| Untracked 
|  68|0x0000000087200000, 0x0000000087200000, 0x0000000087300000|  0%| F|  |TAMS 0x0000000087200000, 0x0000000087200000| Untracked 
|  69|0x0000000087300000, 0x0000000087300000, 0x0000000087400000|  0%| F|  |TAMS 0x0000000087300000, 0x0000000087300000| Untracked 
|  70|0x0000000087400000, 0x0000000087400000, 0x0000000087500000|  0%| F|  |TAMS 0x0000000087400000, 0x0000000087400000| Untracked 
|  71|0x0000000087500000, 0x0000000087500000, 0x0000000087600000|  0%| F|  |TAMS 0x0000000087500000, 0x0000000087500000| Untracked 
|  72|0x0000000087600000, 0x0000000087600000, 0x0000000087700000|  0%| F|  |TAMS 0x0000000087600000, 0x0000000087600000| Untracked 
|  73|0x0000000087700000, 0x0000000087700000, 0x0000000087800000|  0%| F|  |TAMS 0x0000000087700000, 0x0000000087700000| Untracked 
|  74|0x0000000087800000, 0x0000000087800000, 0x0000000087900000|  0%| F|  |TAMS 0x0000000087800000, 0x0000000087800000| Untracked 
|  75|0x0000000087900000, 0x0000000087900000, 0x0000000087a00000|  0%| F|  |TAMS 0x0000000087900000, 0x0000000087900000| Untracked 
|  76|0x0000000087a00000, 0x0000000087a00000, 0x0000000087b00000|  0%| F|  |TAMS 0x0000000087a00000, 0x0000000087a00000| Untracked 
|  77|0x0000000087b00000, 0x0000000087b00000, 0x0000000087c00000|  0%| F|  |TAMS 0x0000000087b00000, 0x0000000087b00000| Untracked 
|  78|0x0000000087c00000, 0x0000000087d00000, 0x0000000087d00000|100%|HS|  |TAMS 0x0000000087d00000, 0x0000000087c00000| Complete 
|  79|0x0000000087d00000, 0x0000000087e00000, 0x0000000087e00000|100%|HC|  |TAMS 0x0000000087e00000, 0x0000000087d00000| Complete 
|  80|0x0000000087e00000, 0x0000000087f00000, 0x0000000087f00000|100%|HC|  |TAMS 0x0000000087f00000, 0x0000000087e00000| Complete 
|  81|0x0000000087f00000, 0x0000000088000000, 0x0000000088000000|100%|HC|  |TAMS 0x0000000088000000, 0x0000000087f00000| Complete 
|  82|0x0000000088000000, 0x0000000088100000, 0x0000000088100000|100%|HC|  |TAMS 0x0000000088100000, 0x0000000088000000| Complete 
|  83|0x0000000088100000, 0x0000000088200000, 0x0000000088200000|100%|HC|  |TAMS 0x0000000088200000, 0x0000000088100000| Complete 
|  84|0x0000000088200000, 0x0000000088300000, 0x0000000088300000|100%|HC|  |TAMS 0x0000000088300000, 0x0000000088200000| Complete 
|  85|0x0000000088300000, 0x0000000088400000, 0x0000000088400000|100%|HC|  |TAMS 0x0000000088400000, 0x0000000088300000| Complete 
|  86|0x0000000088400000, 0x0000000088500000, 0x0000000088500000|100%|HC|  |TAMS 0x0000000088500000, 0x0000000088400000| Complete 
|  87|0x0000000088500000, 0x0000000088600000, 0x0000000088600000|100%|HC|  |TAMS 0x0000000088600000, 0x0000000088500000| Complete 
|  88|0x0000000088600000, 0x0000000088700000, 0x0000000088700000|100%|HC|  |TAMS 0x0000000088700000, 0x0000000088600000| Complete 
|  89|0x0000000088700000, 0x0000000088800000, 0x0000000088800000|100%|HC|  |TAMS 0x0000000088800000, 0x0000000088700000| Complete 
|  90|0x0000000088800000, 0x0000000088900000, 0x0000000088900000|100%|HC|  |TAMS 0x0000000088900000, 0x0000000088800000| Complete 
|  91|0x0000000088900000, 0x0000000088a00000, 0x0000000088a00000|100%|HC|  |TAMS 0x0000000088a00000, 0x0000000088900000| Complete 
|  92|0x0000000088a00000, 0x0000000088b00000, 0x0000000088b00000|100%|HC|  |TAMS 0x0000000088b00000, 0x0000000088a00000| Complete 
|  93|0x0000000088b00000, 0x0000000088c00000, 0x0000000088c00000|100%|HC|  |TAMS 0x0000000088c00000, 0x0000000088b00000| Complete 
|  94|0x0000000088c00000, 0x0000000088d00000, 0x0000000088d00000|100%|HC|  |TAMS 0x0000000088d00000, 0x0000000088c00000| Complete 
|  95|0x0000000088d00000, 0x0000000088d00000, 0x0000000088e00000|  0%| F|  |TAMS 0x0000000088d00000, 0x0000000088d00000| Untracked 
|  96|0x0000000088e00000, 0x0000000088f00000, 0x0000000088f00000|100%|HS|  |TAMS 0x0000000088f00000, 0x0000000088e00000| Complete 
|  97|0x0000000088f00000, 0x0000000089000000, 0x0000000089000000|100%|HC|  |TAMS 0x0000000089000000, 0x0000000088f00000| Complete 
|  98|0x0000000089000000, 0x0000000089100000, 0x0000000089100000|100%|HC|  |TAMS 0x0000000089100000, 0x0000000089000000| Complete 
|  99|0x0000000089100000, 0x0000000089200000, 0x0000000089200000|100%|HC|  |TAMS 0x0000000089200000, 0x0000000089100000| Complete 
| 100|0x0000000089200000, 0x0000000089300000, 0x0000000089300000|100%|HC|  |TAMS 0x0000000089300000, 0x0000000089200000| Complete 
| 101|0x0000000089300000, 0x0000000089400000, 0x0000000089400000|100%|HC|  |TAMS 0x0000000089400000, 0x0000000089300000| Complete 
| 102|0x0000000089400000, 0x0000000089500000, 0x0000000089500000|100%|HC|  |TAMS 0x0000000089500000, 0x0000000089400000| Complete 
| 103|0x0000000089500000, 0x0000000089600000, 0x0000000089600000|100%|HC|  |TAMS 0x0000000089600000, 0x0000000089500000| Complete 
| 104|0x0000000089600000, 0x0000000089700000, 0x0000000089700000|100%|HC|  |TAMS 0x0000000089700000, 0x0000000089600000| Complete 
| 105|0x0000000089700000, 0x0000000089800000, 0x0000000089800000|100%|HC|  |TAMS 0x0000000089800000, 0x0000000089700000| Complete 
| 106|0x0000000089800000, 0x0000000089900000, 0x0000000089900000|100%|HC|  |TAMS 0x0000000089900000, 0x0000000089800000| Complete 
| 107|0x0000000089900000, 0x0000000089a00000, 0x0000000089a00000|100%|HC|  |TAMS 0x0000000089a00000, 0x0000000089900000| Complete 
| 108|0x0000000089a00000, 0x0000000089b00000, 0x0000000089b00000|100%|HC|  |TAMS 0x0000000089b00000, 0x0000000089a00000| Complete 
| 109|0x0000000089b00000, 0x0000000089c00000, 0x0000000089c00000|100%|HC|  |TAMS 0x0000000089c00000, 0x0000000089b00000| Complete 
| 110|0x0000000089c00000, 0x0000000089d00000, 0x0000000089d00000|100%|HC|  |TAMS 0x0000000089d00000, 0x0000000089c00000| Complete 
| 111|0x0000000089d00000, 0x0000000089e00000, 0x0000000089e00000|100%|HC|  |TAMS 0x0000000089e00000, 0x0000000089d00000| Complete 
| 112|0x0000000089e00000, 0x0000000089f00000, 0x0000000089f00000|100%|HC|  |TAMS 0x0000000089f00000, 0x0000000089e00000| Complete 
| 113|0x0000000089f00000, 0x000000008a000000, 0x000000008a000000|100%|HS|  |TAMS 0x0000000089f00000, 0x0000000089f00000| Complete 
| 114|0x000000008a000000, 0x000000008a100000, 0x000000008a100000|100%|HC|  |TAMS 0x000000008a000000, 0x000000008a000000| Complete 
| 115|0x000000008a100000, 0x000000008a200000, 0x000000008a200000|100%|HC|  |TAMS 0x000000008a100000, 0x000000008a100000| Complete 
| 116|0x000000008a200000, 0x000000008a300000, 0x000000008a300000|100%|HC|  |TAMS 0x000000008a200000, 0x000000008a200000| Complete 
| 117|0x000000008a300000, 0x000000008a400000, 0x000000008a400000|100%|HC|  |TAMS 0x000000008a300000, 0x000000008a300000| Complete 
| 118|0x000000008a400000, 0x000000008a500000, 0x000000008a500000|100%|HC|  |TAMS 0x000000008a400000, 0x000000008a400000| Complete 
| 119|0x000000008a500000, 0x000000008a600000, 0x000000008a600000|100%|HC|  |TAMS 0x000000008a500000, 0x000000008a500000| Complete 
| 120|0x000000008a600000, 0x000000008a700000, 0x000000008a700000|100%|HC|  |TAMS 0x000000008a600000, 0x000000008a600000| Complete 
| 121|0x000000008a700000, 0x000000008a800000, 0x000000008a800000|100%|HC|  |TAMS 0x000000008a700000, 0x000000008a700000| Complete 
| 122|0x000000008a800000, 0x000000008a900000, 0x000000008a900000|100%|HC|  |TAMS 0x000000008a800000, 0x000000008a800000| Complete 
| 123|0x000000008a900000, 0x000000008aa00000, 0x000000008aa00000|100%|HC|  |TAMS 0x000000008a900000, 0x000000008a900000| Complete 
| 124|0x000000008aa00000, 0x000000008ab00000, 0x000000008ab00000|100%|HC|  |TAMS 0x000000008aa00000, 0x000000008aa00000| Complete 
| 125|0x000000008ab00000, 0x000000008ac00000, 0x000000008ac00000|100%|HC|  |TAMS 0x000000008ab00000, 0x000000008ab00000| Complete 
| 126|0x000000008ac00000, 0x000000008ad00000, 0x000000008ad00000|100%|HC|  |TAMS 0x000000008ac00000, 0x000000008ac00000| Complete 
| 127|0x000000008ad00000, 0x000000008ae00000, 0x000000008ae00000|100%|HC|  |TAMS 0x000000008ad00000, 0x000000008ad00000| Complete 
| 128|0x000000008ae00000, 0x000000008af00000, 0x000000008af00000|100%|HC|  |TAMS 0x000000008ae00000, 0x000000008ae00000| Complete 
| 129|0x000000008af00000, 0x000000008b000000, 0x000000008b000000|100%|HC|  |TAMS 0x000000008af00000, 0x000000008af00000| Complete 
| 130|0x000000008b000000, 0x000000008b100000, 0x000000008b100000|100%|HS|  |TAMS 0x000000008b100000, 0x000000008b000000| Complete 
| 131|0x000000008b100000, 0x000000008b200000, 0x000000008b200000|100%|HC|  |TAMS 0x000000008b200000, 0x000000008b100000| Complete 
| 132|0x000000008b200000, 0x000000008b300000, 0x000000008b300000|100%|HC|  |TAMS 0x000000008b300000, 0x000000008b200000| Complete 
| 133|0x000000008b300000, 0x000000008b400000, 0x000000008b400000|100%|HC|  |TAMS 0x000000008b400000, 0x000000008b300000| Complete 
| 134|0x000000008b400000, 0x000000008b500000, 0x000000008b500000|100%|HC|  |TAMS 0x000000008b500000, 0x000000008b400000| Complete 
| 135|0x000000008b500000, 0x000000008b600000, 0x000000008b600000|100%|HC|  |TAMS 0x000000008b600000, 0x000000008b500000| Complete 
| 136|0x000000008b600000, 0x000000008b700000, 0x000000008b700000|100%|HC|  |TAMS 0x000000008b700000, 0x000000008b600000| Complete 
| 137|0x000000008b700000, 0x000000008b800000, 0x000000008b800000|100%|HC|  |TAMS 0x000000008b800000, 0x000000008b700000| Complete 
| 138|0x000000008b800000, 0x000000008b900000, 0x000000008b900000|100%|HC|  |TAMS 0x000000008b900000, 0x000000008b800000| Complete 
| 139|0x000000008b900000, 0x000000008ba00000, 0x000000008ba00000|100%|HC|  |TAMS 0x000000008ba00000, 0x000000008b900000| Complete 
| 140|0x000000008ba00000, 0x000000008bb00000, 0x000000008bb00000|100%|HC|  |TAMS 0x000000008bb00000, 0x000000008ba00000| Complete 
| 141|0x000000008bb00000, 0x000000008bc00000, 0x000000008bc00000|100%|HC|  |TAMS 0x000000008bc00000, 0x000000008bb00000| Complete 
| 142|0x000000008bc00000, 0x000000008bd00000, 0x000000008bd00000|100%|HC|  |TAMS 0x000000008bd00000, 0x000000008bc00000| Complete 
| 143|0x000000008bd00000, 0x000000008be00000, 0x000000008be00000|100%|HC|  |TAMS 0x000000008be00000, 0x000000008bd00000| Complete 
| 144|0x000000008be00000, 0x000000008bf00000, 0x000000008bf00000|100%|HC|  |TAMS 0x000000008bf00000, 0x000000008be00000| Complete 
| 145|0x000000008bf00000, 0x000000008c000000, 0x000000008c000000|100%|HC|  |TAMS 0x000000008c000000, 0x000000008bf00000| Complete 
| 146|0x000000008c000000, 0x000000008c100000, 0x000000008c100000|100%|HC|  |TAMS 0x000000008c100000, 0x000000008c000000| Complete 
| 147|0x000000008c100000, 0x000000008c100000, 0x000000008c200000|  0%| F|  |TAMS 0x000000008c100000, 0x000000008c100000| Untracked 
| 148|0x000000008c200000, 0x000000008c200000, 0x000000008c300000|  0%| F|  |TAMS 0x000000008c200000, 0x000000008c200000| Untracked 
| 149|0x000000008c300000, 0x000000008c300000, 0x000000008c400000|  0%| F|  |TAMS 0x000000008c300000, 0x000000008c300000| Untracked 
| 150|0x000000008c400000, 0x000000008c400000, 0x000000008c500000|  0%| F|  |TAMS 0x000000008c400000, 0x000000008c400000| Untracked 
| 151|0x000000008c500000, 0x000000008c500000, 0x000000008c600000|  0%| F|  |TAMS 0x000000008c500000, 0x000000008c500000| Untracked 
| 152|0x000000008c600000, 0x000000008c600000, 0x000000008c700000|  0%| F|  |TAMS 0x000000008c600000, 0x000000008c600000| Untracked 
| 153|0x000000008c700000, 0x000000008c700000, 0x000000008c800000|  0%| F|  |TAMS 0x000000008c700000, 0x000000008c700000| Untracked 
| 154|0x000000008c800000, 0x000000008c800000, 0x000000008c900000|  0%| F|  |TAMS 0x000000008c800000, 0x000000008c800000| Untracked 
| 155|0x000000008c900000, 0x000000008c900000, 0x000000008ca00000|  0%| F|  |TAMS 0x000000008c900000, 0x000000008c900000| Untracked 
| 156|0x000000008ca00000, 0x000000008ca00000, 0x000000008cb00000|  0%| F|  |TAMS 0x000000008ca00000, 0x000000008ca00000| Untracked 
| 157|0x000000008cb00000, 0x000000008cb00000, 0x000000008cc00000|  0%| F|  |TAMS 0x000000008cb00000, 0x000000008cb00000| Untracked 
| 158|0x000000008cc00000, 0x000000008cc00000, 0x000000008cd00000|  0%| F|  |TAMS 0x000000008cc00000, 0x000000008cc00000| Untracked 
| 159|0x000000008cd00000, 0x000000008cd00000, 0x000000008ce00000|  0%| F|  |TAMS 0x000000008cd00000, 0x000000008cd00000| Untracked 
| 160|0x000000008ce00000, 0x000000008ce00000, 0x000000008cf00000|  0%| F|  |TAMS 0x000000008ce00000, 0x000000008ce00000| Untracked 
| 161|0x000000008cf00000, 0x000000008cf00000, 0x000000008d000000|  0%| F|  |TAMS 0x000000008cf00000, 0x000000008cf00000| Untracked 
| 162|0x000000008d000000, 0x000000008d000000, 0x000000008d100000|  0%| F|  |TAMS 0x000000008d000000, 0x000000008d000000| Untracked 
| 163|0x000000008d100000, 0x000000008d100000, 0x000000008d200000|  0%| F|  |TAMS 0x000000008d100000, 0x000000008d100000| Untracked 
| 164|0x000000008d200000, 0x000000008d200000, 0x000000008d300000|  0%| F|  |TAMS 0x000000008d200000, 0x000000008d200000| Untracked 
| 165|0x000000008d300000, 0x000000008d300000, 0x000000008d400000|  0%| F|  |TAMS 0x000000008d300000, 0x000000008d300000| Untracked 
| 166|0x000000008d400000, 0x000000008d500000, 0x000000008d500000|100%| S|CS|TAMS 0x000000008d400000, 0x000000008d400000| Complete 
| 167|0x000000008d500000, 0x000000008d600000, 0x000000008d600000|100%| S|CS|TAMS 0x000000008d500000, 0x000000008d500000| Complete 
| 168|0x000000008d600000, 0x000000008d700000, 0x000000008d700000|100%| S|CS|TAMS 0x000000008d600000, 0x000000008d600000| Complete 
| 169|0x000000008d700000, 0x000000008d700000, 0x000000008d800000|  0%| F|  |TAMS 0x000000008d700000, 0x000000008d700000| Untracked 
| 170|0x000000008d800000, 0x000000008d800000, 0x000000008d900000|  0%| F|  |TAMS 0x000000008d800000, 0x000000008d800000| Untracked 
| 171|0x000000008d900000, 0x000000008d900000, 0x000000008da00000|  0%| F|  |TAMS 0x000000008d900000, 0x000000008d900000| Untracked 
| 172|0x000000008da00000, 0x000000008da00000, 0x000000008db00000|  0%| F|  |TAMS 0x000000008da00000, 0x000000008da00000| Untracked 
| 173|0x000000008db00000, 0x000000008db00000, 0x000000008dc00000|  0%| F|  |TAMS 0x000000008db00000, 0x000000008db00000| Untracked 
| 174|0x000000008dc00000, 0x000000008dc00000, 0x000000008dd00000|  0%| F|  |TAMS 0x000000008dc00000, 0x000000008dc00000| Untracked 
| 175|0x000000008dd00000, 0x000000008dd00000, 0x000000008de00000|  0%| F|  |TAMS 0x000000008dd00000, 0x000000008dd00000| Untracked 
| 176|0x000000008de00000, 0x000000008de00000, 0x000000008df00000|  0%| F|  |TAMS 0x000000008de00000, 0x000000008de00000| Untracked 
| 177|0x000000008df00000, 0x000000008df00000, 0x000000008e000000|  0%| F|  |TAMS 0x000000008df00000, 0x000000008df00000| Untracked 
| 178|0x000000008e000000, 0x000000008e029458, 0x000000008e100000| 16%| E|  |TAMS 0x000000008e000000, 0x000000008e000000| Complete 

Card table byte_map: [0x000001e75f2f0000,0x000001e75f6e0000] _byte_map_base: 0x000001e75eed9000

Marking Bits (Prev, Next): (CMBitMap*) 0x000001e74648e930, (CMBitMap*) 0x000001e74648e970
 Prev Bits: [0x000001e75fad0000, 0x000001e761a18000)
 Next Bits: [0x000001e761a20000, 0x000001e763968000)

Polling page: 0x000001e746500000

Metaspace:

Usage:
  Non-class:     28.04 MB used.
      Class:      4.01 MB used.
       Both:     32.05 MB used.

Virtual space:
  Non-class space:       32.00 MB reserved,      28.19 MB ( 88%) committed,  4 nodes.
      Class space:        1.00 GB reserved,       4.19 MB ( <1%) committed,  1 nodes.
             Both:        1.03 GB reserved,      32.38 MB (  3%) committed. 

Chunk freelists:
   Non-Class:  3.65 MB
       Class:  3.80 MB
        Both:  7.46 MB

MaxMetaspaceSize: unlimited
CompressedClassSpaceSize: 1.00 GB
Initial GC threshold: 21.00 MB
Current GC threshold: 54.00 MB
CDS: on
MetaspaceReclaimPolicy: balanced
 - commit_granule_bytes: 65536.
 - commit_granule_words: 8192.
 - virtual_space_node_default_size: 1048576.
 - enlarge_chunks_in_place: 1.
 - new_chunks_are_fully_committed: 0.
 - uncommit_free_chunks: 1.
 - use_allocation_guard: 0.
 - handle_deallocations: 1.


Internal statistics:

num_allocs_failed_limit: 3.
num_arena_births: 330.
num_arena_deaths: 0.
num_vsnodes_births: 5.
num_vsnodes_deaths: 0.
num_space_committed: 518.
num_space_uncommitted: 0.
num_chunks_returned_to_freelist: 3.
num_chunks_taken_from_freelist: 1280.
num_chunk_merges: 3.
num_chunk_splits: 888.
num_chunks_enlarged: 680.
num_purges: 0.
num_inconsistent_stats: 0.

CodeHeap 'non-profiled nmethods': size=120000Kb used=2888Kb max_used=2888Kb free=117111Kb
 bounds [0x000001e756f70000, 0x000001e757250000, 0x000001e75e4a0000]
CodeHeap 'profiled nmethods': size=120000Kb used=9215Kb max_used=9215Kb free=110784Kb
 bounds [0x000001e74f4a0000, 0x000001e74fda0000, 0x000001e7569d0000]
CodeHeap 'non-nmethods': size=5760Kb used=1309Kb max_used=1396Kb free=4450Kb
 bounds [0x000001e7569d0000, 0x000001e756c40000, 0x000001e756f70000]
 total_blobs=5289 nmethods=4663 adapters=538
 compilation: enabled
              stopped_count=0, restarted_count=0
 full_count=0

Compilation events (20 events):
Event: 91.762 Thread 0x000001e766431150 nmethod 4663 0x000001e74fd98990 code [0x000001e74fd98b40, 0x000001e74fd98c88]
Event: 91.762 Thread 0x000001e766431150 4664       3       java.util.HashMap$KeySpliterator::forEachRemaining (186 bytes)
Event: 91.763 Thread 0x000001e766431150 nmethod 4664 0x000001e74fd98d90 code [0x000001e74fd98fa0, 0x000001e74fd997a8]
Event: 91.763 Thread 0x000001e766431150 4665       3       java.nio.ByteBuffer::allocate (20 bytes)
Event: 91.764 Thread 0x000001e766431150 nmethod 4665 0x000001e74fd99a10 code [0x000001e74fd99bc0, 0x000001e74fd99dd8]
Event: 91.765 Thread 0x000001e766431150 4666       3       java.util.concurrent.ForkJoinPool::compareAndExchangeCtl (10 bytes)
Event: 91.767 Thread 0x000001e766431150 nmethod 4666 0x000001e74fd99f10 code [0x000001e74fd9a140, 0x000001e74fd9a9a8]
Event: 91.767 Thread 0x000001e766431150 4667       3       java.lang.invoke.VarHandleGuards::guard_LJJ_J (88 bytes)
Event: 91.771 Thread 0x000001e766431150 nmethod 4667 0x000001e74fd9ac90 code [0x000001e74fd9afe0, 0x000001e74fd9ce08]
Event: 91.771 Thread 0x000001e766431150 4670       3       java.io.OutputStreamWriter::append (6 bytes)
Event: 91.772 Thread 0x000001e766431150 nmethod 4670 0x000001e74fd9d690 code [0x000001e74fd9d8a0, 0x000001e74fd9e108]
Event: 91.772 Thread 0x000001e766431150 4671       3       java.io.OutputStreamWriter::append (34 bytes)
Event: 91.773 Thread 0x000001e766431150 nmethod 4671 0x000001e74fd9e390 code [0x000001e74fd9e5a0, 0x000001e74fd9ed08]
Event: 91.773 Thread 0x000001e766431150 4672       3       sun.misc.Unsafe::compareAndSwapLong (13 bytes)
Event: 91.773 Thread 0x000001e766431150 nmethod 4672 0x000001e74fd9ef90 code [0x000001e74fd9f120, 0x000001e74fd9f258]
Event: 91.773 Thread 0x000001e766431150 4668       3       org.openqa.selenium.json.JsonInput::beginObject (28 bytes)
Event: 91.774 Thread 0x000001e766431150 nmethod 4668 0x000001e74fd9f310 code [0x000001e74fd9f4e0, 0x000001e74fd9f868]
Event: 91.775 Thread 0x000001e766424bc0 4673       4       java.util.WeakHashMap::put (160 bytes)
Event: 91.817 Thread 0x000001e766431150 4675       3       java.net.Socket::getImpl (17 bytes)
Event: 91.818 Thread 0x000001e766431150 nmethod 4675 0x000001e74fd9fa10 code [0x000001e74fd9fbc0, 0x000001e74fd9fde8]

GC Heap History (20 events):
Event: 19.802 GC heap before
{Heap before GC invocations=10 (full 0):
 garbage-first heap   total 66560K, used 49438K [0x0000000082e00000, 0x0000000100000000)
  region size 1024K, 18 young (18432K), 2 survivors (2048K)
 Metaspace       used 31752K, committed 32064K, reserved 1081344K
  class space    used 4031K, committed 4160K, reserved 1048576K
}
Event: 19.810 GC heap after
{Heap after GC invocations=11 (full 0):
 garbage-first heap   total 66560K, used 35233K [0x0000000082e00000, 0x0000000100000000)
  region size 1024K, 2 young (2048K), 2 survivors (2048K)
 Metaspace       used 31752K, committed 32064K, reserved 1081344K
  class space    used 4031K, committed 4160K, reserved 1048576K
}
Event: 37.293 GC heap before
{Heap before GC invocations=12 (full 0):
 garbage-first heap   total 92160K, used 69025K [0x0000000082e00000, 0x0000000100000000)
  region size 1024K, 18 young (18432K), 2 survivors (2048K)
 Metaspace       used 32284K, committed 32576K, reserved 1081344K
  class space    used 4090K, committed 4224K, reserved 1048576K
}
Event: 37.302 GC heap after
{Heap after GC invocations=13 (full 0):
 garbage-first heap   total 92160K, used 53176K [0x0000000082e00000, 0x0000000100000000)
  region size 1024K, 2 young (2048K), 2 survivors (2048K)
 Metaspace       used 32284K, committed 32576K, reserved 1081344K
  class space    used 4090K, committed 4224K, reserved 1048576K
}
Event: 37.474 GC heap before
{Heap before GC invocations=13 (full 0):
 garbage-first heap   total 92160K, used 76728K [0x0000000082e00000, 0x0000000100000000)
  region size 1024K, 25 young (25600K), 2 survivors (2048K)
 Metaspace       used 32284K, committed 32576K, reserved 1081344K
  class space    used 4090K, committed 4224K, reserved 1048576K
}
Event: 37.479 GC heap after
{Heap after GC invocations=14 (full 0):
 garbage-first heap   total 92160K, used 53176K [0x0000000082e00000, 0x0000000100000000)
  region size 1024K, 2 young (2048K), 2 survivors (2048K)
 Metaspace       used 32284K, committed 32576K, reserved 1081344K
  class space    used 4090K, committed 4224K, reserved 1048576K
}
Event: 37.762 GC heap before
{Heap before GC invocations=15 (full 0):
 garbage-first heap   total 96256K, used 68536K [0x0000000082e00000, 0x0000000100000000)
  region size 1024K, 18 young (18432K), 2 survivors (2048K)
 Metaspace       used 32336K, committed 32576K, reserved 1081344K
  class space    used 4090K, committed 4224K, reserved 1048576K
}
Event: 37.770 GC heap after
{Heap after GC invocations=16 (full 0):
 garbage-first heap   total 96256K, used 53544K [0x0000000082e00000, 0x0000000100000000)
  region size 1024K, 3 young (3072K), 3 survivors (3072K)
 Metaspace       used 32336K, committed 32576K, reserved 1081344K
  class space    used 4090K, committed 4224K, reserved 1048576K
}
Event: 46.371 GC heap before
{Heap before GC invocations=17 (full 0):
 garbage-first heap   total 122880K, used 97576K [0x0000000082e00000, 0x0000000100000000)
  region size 1024K, 29 young (29696K), 3 survivors (3072K)
 Metaspace       used 32455K, committed 32768K, reserved 1081344K
  class space    used 4091K, committed 4224K, reserved 1048576K
}
Event: 46.381 GC heap after
{Heap after GC invocations=18 (full 0):
 garbage-first heap   total 122880K, used 71068K [0x0000000082e00000, 0x0000000100000000)
  region size 1024K, 2 young (2048K), 2 survivors (2048K)
 Metaspace       used 32455K, committed 32768K, reserved 1081344K
  class space    used 4091K, committed 4224K, reserved 1048576K
}
Event: 46.866 GC heap before
{Heap before GC invocations=18 (full 0):
 garbage-first heap   total 122880K, used 94620K [0x0000000082e00000, 0x0000000100000000)
  region size 1024K, 26 young (26624K), 2 survivors (2048K)
 Metaspace       used 32514K, committed 32832K, reserved 1081344K
  class space    used 4091K, committed 4224K, reserved 1048576K
}
Event: 46.875 GC heap after
{Heap after GC invocations=19 (full 0):
 garbage-first heap   total 122880K, used 71277K [0x0000000082e00000, 0x0000000100000000)
  region size 1024K, 3 young (3072K), 3 survivors (3072K)
 Metaspace       used 32514K, committed 32832K, reserved 1081344K
  class space    used 4091K, committed 4224K, reserved 1048576K
}
Event: 79.254 GC heap before
{Heap before GC invocations=20 (full 0):
 garbage-first heap   total 153600K, used 121453K [0x0000000082e00000, 0x0000000100000000)
  region size 1024K, 35 young (35840K), 3 survivors (3072K)
 Metaspace       used 32725K, committed 33088K, reserved 1081344K
  class space    used 4101K, committed 4288K, reserved 1048576K
}
Event: 79.264 GC heap after
{Heap after GC invocations=21 (full 0):
 garbage-first heap   total 153600K, used 88764K [0x0000000082e00000, 0x0000000100000000)
  region size 1024K, 3 young (3072K), 3 survivors (3072K)
 Metaspace       used 32725K, committed 33088K, reserved 1081344K
  class space    used 4101K, committed 4288K, reserved 1048576K
}
Event: 79.633 GC heap before
{Heap before GC invocations=21 (full 0):
 garbage-first heap   total 153600K, used 108220K [0x0000000082e00000, 0x0000000100000000)
  region size 1024K, 23 young (23552K), 3 survivors (3072K)
 Metaspace       used 32744K, committed 33152K, reserved 1081344K
  class space    used 4101K, committed 4288K, reserved 1048576K
}
Event: 79.638 GC heap after
{Heap after GC invocations=22 (full 0):
 garbage-first heap   total 153600K, used 88929K [0x0000000082e00000, 0x0000000100000000)
  region size 1024K, 3 young (3072K), 3 survivors (3072K)
 Metaspace       used 32744K, committed 33152K, reserved 1081344K
  class space    used 4101K, committed 4288K, reserved 1048576K
}
Event: 91.333 GC heap before
{Heap before GC invocations=23 (full 0):
 garbage-first heap   total 183296K, used 146273K [0x0000000082e00000, 0x0000000100000000)
  region size 1024K, 42 young (43008K), 3 survivors (3072K)
 Metaspace       used 32808K, committed 33152K, reserved 1081344K
  class space    used 4101K, committed 4288K, reserved 1048576K
}
Event: 91.341 GC heap after
{Heap after GC invocations=24 (full 0):
 garbage-first heap   total 183296K, used 106716K [0x0000000082e00000, 0x0000000100000000)
  region size 1024K, 3 young (3072K), 3 survivors (3072K)
 Metaspace       used 32808K, committed 33152K, reserved 1081344K
  class space    used 4101K, committed 4288K, reserved 1048576K
}
Event: 91.808 GC heap before
{Heap before GC invocations=24 (full 0):
 garbage-first heap   total 183296K, used 115932K [0x0000000082e00000, 0x0000000100000000)
  region size 1024K, 13 young (13312K), 3 survivors (3072K)
 Metaspace       used 32818K, committed 33152K, reserved 1081344K
  class space    used 4101K, committed 4288K, reserved 1048576K
}
Event: 91.815 GC heap after
{Heap after GC invocations=25 (full 0):
 garbage-first heap   total 183296K, used 106928K [0x0000000082e00000, 0x0000000100000000)
  region size 1024K, 3 young (3072K), 3 survivors (3072K)
 Metaspace       used 32818K, committed 33152K, reserved 1081344K
  class space    used 4101K, committed 4288K, reserved 1048576K
}

Deoptimization events (20 events):
Event: 38.707 Thread 0x000001e767235720 Uncommon trap: trap_request=0xffffffbe fr.pc=0x000001e75717a90c relative=0x00000000000006ac
Event: 38.707 Thread 0x000001e767235720 Uncommon trap: reason=profile_predicate action=maybe_recompile pc=0x000001e75717a90c method=java.util.regex.Pattern$CharPropertyGreedy.match(Ljava/util/regex/Matcher;ILjava/lang/CharSequence;)Z @ 103 c2
Event: 38.707 Thread 0x000001e767235720 DEOPT PACKING pc=0x000001e75717a90c sp=0x0000001999dfedb0
Event: 38.707 Thread 0x000001e767235720 DEOPT UNPACKING pc=0x000001e756a223a3 sp=0x0000001999dfed40 mode 2
Event: 38.707 Thread 0x000001e767235720 Uncommon trap: trap_request=0xffffffbe fr.pc=0x000001e75717a90c relative=0x00000000000006ac
Event: 38.707 Thread 0x000001e767235720 Uncommon trap: reason=profile_predicate action=maybe_recompile pc=0x000001e75717a90c method=java.util.regex.Pattern$CharPropertyGreedy.match(Ljava/util/regex/Matcher;ILjava/lang/CharSequence;)Z @ 103 c2
Event: 38.707 Thread 0x000001e767235720 DEOPT PACKING pc=0x000001e75717a90c sp=0x0000001999dfedb0
Event: 38.707 Thread 0x000001e767235720 DEOPT UNPACKING pc=0x000001e756a223a3 sp=0x0000001999dfed40 mode 2
Event: 46.006 Thread 0x000001e746432100 Uncommon trap: trap_request=0xffffffc6 fr.pc=0x000001e757062660 relative=0x0000000000001ac0
Event: 46.006 Thread 0x000001e746432100 Uncommon trap: reason=bimorphic_or_optimized_type_check action=maybe_recompile pc=0x000001e757062660 method=java.util.concurrent.ConcurrentHashMap.putVal(Ljava/lang/Object;Ljava/lang/Object;Z)Ljava/lang/Object; @ 242 c2
Event: 46.006 Thread 0x000001e746432100 DEOPT PACKING pc=0x000001e757062660 sp=0x00000019989fcf40
Event: 46.006 Thread 0x000001e746432100 DEOPT UNPACKING pc=0x000001e756a223a3 sp=0x00000019989fcef0 mode 2
Event: 77.782 Thread 0x000001e746432100 Uncommon trap: trap_request=0xffffffcc fr.pc=0x000001e757206d84 relative=0x0000000000000364
Event: 77.782 Thread 0x000001e746432100 Uncommon trap: reason=intrinsic_or_type_checked_inlining action=make_not_entrant pc=0x000001e757206d84 method=java.util.Arrays.copyOf([Ljava/lang/Object;ILjava/lang/Class;)[Ljava/lang/Object; @ 35 c2
Event: 77.782 Thread 0x000001e746432100 DEOPT PACKING pc=0x000001e757206d84 sp=0x00000019989fdd80
Event: 77.782 Thread 0x000001e746432100 DEOPT UNPACKING pc=0x000001e756a223a3 sp=0x00000019989fdd10 mode 2
Event: 90.725 Thread 0x000001e746432100 Uncommon trap: trap_request=0xffffffcc fr.pc=0x000001e75723c084 relative=0x0000000000000164
Event: 90.725 Thread 0x000001e746432100 Uncommon trap: reason=intrinsic_or_type_checked_inlining action=make_not_entrant pc=0x000001e75723c084 method=java.util.ArrayList$SubList.toArray([Ljava/lang/Object;)[Ljava/lang/Object; @ 58 c2
Event: 90.725 Thread 0x000001e746432100 DEOPT PACKING pc=0x000001e75723c084 sp=0x00000019989fd040
Event: 90.725 Thread 0x000001e746432100 DEOPT UNPACKING pc=0x000001e756a223a3 sp=0x00000019989fcfe0 mode 2

Classes unloaded (0 events):
No events

Classes redefined (0 events):
No events

Internal exceptions (20 events):
Event: 91.748 Thread 0x000001e768a47cd0 Exception <a 'java/net/ConnectException'{0x000000008d73b468}: Connection refused: no further information> (0x000000008d73b468) 
thrown [s\open\src\hotspot\share\prims\jni.cpp, line 535]
Event: 91.748 Thread 0x000001e768a47cd0 Exception <a 'java/net/SocketException'{0x000000008d73b7a0}: Socket is not connected: shutdown> (0x000000008d73b7a0) 
thrown [s\open\src\hotspot\share\prims\jni.cpp, line 535]
Event: 91.749 Thread 0x000001e768a47cd0 Exception <a 'java/net/ConnectException'{0x000000008d73c000}: Connection refused: no further information> (0x000000008d73c000) 
thrown [s\open\src\hotspot\share\prims\jni.cpp, line 535]
Event: 91.749 Thread 0x000001e768a47cd0 Exception <a 'java/net/SocketException'{0x000000008d73c338}: Socket is not connected: shutdown> (0x000000008d73c338) 
thrown [s\open\src\hotspot\share\prims\jni.cpp, line 535]
Event: 91.750 Thread 0x000001e768a47cd0 Exception <a 'java/net/ConnectException'{0x000000008d73cb98}: Connection refused: no further information> (0x000000008d73cb98) 
thrown [s\open\src\hotspot\share\prims\jni.cpp, line 535]
Event: 91.750 Thread 0x000001e768a47cd0 Exception <a 'java/net/SocketException'{0x000000008d73ced0}: Socket is not connected: shutdown> (0x000000008d73ced0) 
thrown [s\open\src\hotspot\share\prims\jni.cpp, line 535]
Event: 91.751 Thread 0x000001e768a47cd0 Exception <a 'java/net/ConnectException'{0x000000008d73d730}: Connection refused: no further information> (0x000000008d73d730) 
thrown [s\open\src\hotspot\share\prims\jni.cpp, line 535]
Event: 91.751 Thread 0x000001e768a47cd0 Exception <a 'java/net/SocketException'{0x000000008d73da68}: Socket is not connected: shutdown> (0x000000008d73da68) 
thrown [s\open\src\hotspot\share\prims\jni.cpp, line 535]
Event: 91.751 Thread 0x000001e768a47cd0 Exception <a 'java/net/ConnectException'{0x000000008d73e2c8}: Connection refused: no further information> (0x000000008d73e2c8) 
thrown [s\open\src\hotspot\share\prims\jni.cpp, line 535]
Event: 91.752 Thread 0x000001e768a47cd0 Exception <a 'java/net/SocketException'{0x000000008d73e600}: Socket is not connected: shutdown> (0x000000008d73e600) 
thrown [s\open\src\hotspot\share\prims\jni.cpp, line 535]
Event: 91.753 Thread 0x000001e768a47cd0 Exception <a 'java/net/ConnectException'{0x000000008d73ee60}: Connection refused: no further information> (0x000000008d73ee60) 
thrown [s\open\src\hotspot\share\prims\jni.cpp, line 535]
Event: 91.753 Thread 0x000001e768a47cd0 Exception <a 'java/net/SocketException'{0x000000008d73f198}: Socket is not connected: shutdown> (0x000000008d73f198) 
thrown [s\open\src\hotspot\share\prims\jni.cpp, line 535]
Event: 91.753 Thread 0x000001e768a47cd0 Exception <a 'java/net/ConnectException'{0x000000008d73f9f8}: Connection refused: no further information> (0x000000008d73f9f8) 
thrown [s\open\src\hotspot\share\prims\jni.cpp, line 535]
Event: 91.753 Thread 0x000001e768a47cd0 Exception <a 'java/net/SocketException'{0x000000008d73fd30}: Socket is not connected: shutdown> (0x000000008d73fd30) 
thrown [s\open\src\hotspot\share\prims\jni.cpp, line 535]
Event: 91.754 Thread 0x000001e768a47cd0 Exception <a 'java/net/ConnectException'{0x000000008d740590}: Connection refused: no further information> (0x000000008d740590) 
thrown [s\open\src\hotspot\share\prims\jni.cpp, line 535]
Event: 91.754 Thread 0x000001e768a47cd0 Exception <a 'java/net/SocketException'{0x000000008d7408c8}: Socket is not connected: shutdown> (0x000000008d7408c8) 
thrown [s\open\src\hotspot\share\prims\jni.cpp, line 535]
Event: 91.755 Thread 0x000001e768a47cd0 Exception <a 'java/net/ConnectException'{0x000000008d741128}: Connection refused: no further information> (0x000000008d741128) 
thrown [s\open\src\hotspot\share\prims\jni.cpp, line 535]
Event: 91.755 Thread 0x000001e768a47cd0 Exception <a 'java/net/SocketException'{0x000000008d741460}: Socket is not connected: shutdown> (0x000000008d741460) 
thrown [s\open\src\hotspot\share\prims\jni.cpp, line 535]
Event: 91.756 Thread 0x000001e768a47cd0 Exception <a 'java/net/ConnectException'{0x000000008d741cc0}: Connection refused: no further information> (0x000000008d741cc0) 
thrown [s\open\src\hotspot\share\prims\jni.cpp, line 535]
Event: 91.756 Thread 0x000001e768a47cd0 Exception <a 'java/net/SocketException'{0x000000008d741ff8}: Socket is not connected: shutdown> (0x000000008d741ff8) 
thrown [s\open\src\hotspot\share\prims\jni.cpp, line 535]

VM Operations (20 events):
Event: 79.265 Executing VM operation: G1CollectForAllocation done
Event: 79.633 Executing VM operation: G1TryInitiateConcMark
Event: 79.638 Executing VM operation: G1TryInitiateConcMark done
Event: 79.679 Executing VM operation: G1Concurrent
Event: 79.692 Executing VM operation: G1Concurrent done
Event: 79.708 Executing VM operation: G1Concurrent
Event: 79.709 Executing VM operation: G1Concurrent done
Event: 83.717 Executing VM operation: Cleanup
Event: 83.717 Executing VM operation: Cleanup done
Event: 88.753 Executing VM operation: Cleanup
Event: 88.753 Executing VM operation: Cleanup done
Event: 89.764 Executing VM operation: Cleanup
Event: 89.764 Executing VM operation: Cleanup done
Event: 90.775 Executing VM operation: Cleanup
Event: 90.775 Executing VM operation: Cleanup done
Event: 91.333 Executing VM operation: G1CollectForAllocation
Event: 91.341 Executing VM operation: G1CollectForAllocation done
Event: 91.807 Executing VM operation: G1TryInitiateConcMark
Event: 91.816 Executing VM operation: G1TryInitiateConcMark done
Event: 91.858 Executing VM operation: G1Concurrent

Events (20 events):
Event: 77.691 Thread 0x000001e768a45650 Thread exited: 0x000001e768a45650
Event: 77.752 Thread 0x000001e768a47cd0 Thread exited: 0x000001e768a47cd0
Event: 77.752 Thread 0x000001e768a45b20 Thread exited: 0x000001e768a45b20
Event: 77.753 Thread 0x000001e768a4a350 Thread exited: 0x000001e768a4a350
Event: 77.753 Thread 0x000001e768a46e60 Thread exited: 0x000001e768a46e60
Event: 79.511 Thread 0x000001e768a46e60 Thread added: 0x000001e768a46e60
Event: 79.512 Thread 0x000001e768a447e0 Thread added: 0x000001e768a447e0
Event: 79.513 Thread 0x000001e768a45650 Thread added: 0x000001e768a45650
Event: 79.524 Thread 0x000001e768a45b20 Thread added: 0x000001e768a45b20
Event: 79.524 Thread 0x000001e768a43970 Thread added: 0x000001e768a43970
Event: 79.621 Thread 0x000001e768a4a350 Thread added: 0x000001e768a4a350
Event: 79.633 Thread 0x000001e7670b8c50 Thread added: 0x000001e7670b8c50
Event: 82.046 Thread 0x000001e7670b8c50 Thread exited: 0x000001e7670b8c50
Event: 88.285 Thread 0x000001e768a47330 Thread added: 0x000001e768a47330
Event: 91.504 Thread 0x000001e768a47800 Thread added: 0x000001e768a47800
Event: 91.505 Thread 0x000001e768a47cd0 Thread added: 0x000001e768a47cd0
Event: 91.505 Thread 0x000001e7688fcdb0 Thread added: 0x000001e7688fcdb0
Event: 91.527 Thread 0x000001e7688fd280 Thread added: 0x000001e7688fd280
Event: 91.528 Thread 0x000001e7688fc410 Thread added: 0x000001e7688fc410
Event: 91.773 Thread 0x000001e7688fdc20 Thread added: 0x000001e7688fdc20


Dynamic libraries:
0x00007ff6b1420000 - 0x00007ff6b1430000 	C:\Program Files\Java\jdk-17\bin\java.exe
0x00007ffbb3c10000 - 0x00007ffbb3e27000 	C:\WINDOWS\SYSTEM32\ntdll.dll
0x00007ffbb1f40000 - 0x00007ffbb2004000 	C:\WINDOWS\System32\KERNEL32.DLL
0x00007ffbb0f40000 - 0x00007ffbb12ec000 	C:\WINDOWS\System32\KERNELBASE.dll
0x00007ffbb1830000 - 0x00007ffbb1941000 	C:\WINDOWS\System32\ucrtbase.dll
0x00007ffb8be40000 - 0x00007ffb8be59000 	C:\Program Files\Java\jdk-17\bin\jli.dll
0x00007ffb8bc80000 - 0x00007ffb8bc9b000 	C:\Program Files\Java\jdk-17\bin\VCRUNTIME140.dll
0x00007ffbb3670000 - 0x00007ffbb3722000 	C:\WINDOWS\System32\ADVAPI32.dll
0x00007ffbb3a20000 - 0x00007ffbb3ac7000 	C:\WINDOWS\System32\msvcrt.dll
0x00007ffbb1e10000 - 0x00007ffbb1eba000 	C:\WINDOWS\System32\sechost.dll
0x00007ffbb1800000 - 0x00007ffbb1828000 	C:\WINDOWS\System32\bcrypt.dll
0x00007ffbb1950000 - 0x00007ffbb1a65000 	C:\WINDOWS\System32\RPCRT4.dll
0x00007ffbb1a70000 - 0x00007ffbb1c1e000 	C:\WINDOWS\System32\USER32.dll
0x00007ffbb16b0000 - 0x00007ffbb16d6000 	C:\WINDOWS\System32\win32u.dll
0x00007ffb8b7b0000 - 0x00007ffb8ba43000 	C:\WINDOWS\WinSxS\amd64_microsoft.windows.common-controls_6595b64144ccf1df_6.0.22621.3672_none_2713b9d173822955\COMCTL32.dll
0x00007ffbb27d0000 - 0x00007ffbb27f9000 	C:\WINDOWS\System32\GDI32.dll
0x00007ffbb16e0000 - 0x00007ffbb17f9000 	C:\WINDOWS\System32\gdi32full.dll
0x00007ffbb12f0000 - 0x00007ffbb138a000 	C:\WINDOWS\System32\msvcp_win.dll
0x00007ffba9060000 - 0x00007ffba906a000 	C:\WINDOWS\SYSTEM32\VERSION.dll
0x00007ffbb39e0000 - 0x00007ffbb3a11000 	C:\WINDOWS\System32\IMM32.DLL
0x00007ffb8bdd0000 - 0x00007ffb8bddc000 	C:\Program Files\Java\jdk-17\bin\vcruntime140_1.dll
0x00007ffb8bd40000 - 0x00007ffb8bdce000 	C:\Program Files\Java\jdk-17\bin\msvcp140.dll
0x00007ffb8aad0000 - 0x00007ffb8b6ad000 	C:\Program Files\Java\jdk-17\bin\server\jvm.dll
0x00007ffbb2800000 - 0x00007ffbb2808000 	C:\WINDOWS\System32\PSAPI.DLL
0x00007ffbaba60000 - 0x00007ffbaba94000 	C:\WINDOWS\SYSTEM32\WINMM.dll
0x00007ffb94170000 - 0x00007ffb94179000 	C:\WINDOWS\SYSTEM32\WSOCK32.dll
0x00007ffbb2810000 - 0x00007ffbb2881000 	C:\WINDOWS\System32\WS2_32.dll
0x00007ffbafed0000 - 0x00007ffbafee8000 	C:\WINDOWS\SYSTEM32\kernel.appcore.dll
0x00007ffb8bca0000 - 0x00007ffb8bcaa000 	C:\Program Files\Java\jdk-17\bin\jimage.dll
0x00007ffbae950000 - 0x00007ffbaeb82000 	C:\WINDOWS\SYSTEM32\DBGHELP.DLL
0x00007ffbb2440000 - 0x00007ffbb27c8000 	C:\WINDOWS\System32\combase.dll
0x00007ffbb3af0000 - 0x00007ffbb3bc7000 	C:\WINDOWS\System32\OLEAUT32.dll
0x00007ffba2cd0000 - 0x00007ffba2d02000 	C:\WINDOWS\SYSTEM32\dbgcore.DLL
0x00007ffbb1630000 - 0x00007ffbb16ab000 	C:\WINDOWS\System32\bcryptPrimitives.dll
0x00007ffb8a870000 - 0x00007ffb8a895000 	C:\Program Files\Java\jdk-17\bin\java.dll
0x00007ffb8a5b0000 - 0x00007ffb8a687000 	C:\Program Files\Java\jdk-17\bin\jsvml.dll
0x00007ffbb2890000 - 0x00007ffbb30ec000 	C:\WINDOWS\System32\SHELL32.dll
0x00007ffbaee40000 - 0x00007ffbaf737000 	C:\WINDOWS\SYSTEM32\windows.storage.dll
0x00007ffbaed00000 - 0x00007ffbaee3f000 	C:\WINDOWS\SYSTEM32\wintypes.dll
0x00007ffbb1c80000 - 0x00007ffbb1d74000 	C:\WINDOWS\System32\SHCORE.dll
0x00007ffbb1ee0000 - 0x00007ffbb1f3e000 	C:\WINDOWS\System32\shlwapi.dll
0x00007ffbb0e70000 - 0x00007ffbb0e91000 	C:\WINDOWS\SYSTEM32\profapi.dll
0x00007ffb8a530000 - 0x00007ffb8a549000 	C:\Program Files\Java\jdk-17\bin\net.dll
0x00007ffbac790000 - 0x00007ffbac8c6000 	C:\WINDOWS\SYSTEM32\WINHTTP.dll
0x00007ffbb0390000 - 0x00007ffbb03f9000 	C:\WINDOWS\system32\mswsock.dll
0x00007ffb8a510000 - 0x00007ffb8a526000 	C:\Program Files\Java\jdk-17\bin\nio.dll
0x00007ffb8a470000 - 0x00007ffb8a488000 	C:\Program Files\Java\jdk-17\bin\zip.dll
0x00007ffb93e70000 - 0x00007ffb93e7a000 	C:\Program Files\Java\jdk-17\bin\management.dll
0x00007ffb94230000 - 0x00007ffb9423b000 	C:\Program Files\Java\jdk-17\bin\management_ext.dll
0x00007ffb89cf0000 - 0x00007ffb89d00000 	C:\Program Files\Java\jdk-17\bin\verify.dll
0x00007ffbb06e0000 - 0x00007ffbb06fb000 	C:\WINDOWS\SYSTEM32\CRYPTSP.dll
0x00007ffbafe90000 - 0x00007ffbafec5000 	C:\WINDOWS\system32\rsaenh.dll
0x00007ffbb0430000 - 0x00007ffbb0458000 	C:\WINDOWS\SYSTEM32\USERENV.dll
0x00007ffbb06c0000 - 0x00007ffbb06cc000 	C:\WINDOWS\SYSTEM32\CRYPTBASE.dll
0x00007ffbaf9a0000 - 0x00007ffbaf9cd000 	C:\WINDOWS\SYSTEM32\IPHLPAPI.DLL
0x00007ffbb30f0000 - 0x00007ffbb30f9000 	C:\WINDOWS\System32\NSI.dll
0x00007ffbacc60000 - 0x00007ffbacc79000 	C:\WINDOWS\SYSTEM32\dhcpcsvc6.DLL
0x00007ffbaca20000 - 0x00007ffbaca3f000 	C:\WINDOWS\SYSTEM32\dhcpcsvc.DLL
0x00007ffbafa10000 - 0x00007ffbafb08000 	C:\WINDOWS\SYSTEM32\DNSAPI.dll
0x00007ffb9c7b0000 - 0x00007ffb9c7bd000 	C:\Program Files\Java\jdk-17\bin\sunmscapi.dll
0x00007ffbb1390000 - 0x00007ffbb14f7000 	C:\WINDOWS\System32\CRYPT32.dll
0x00007ffbb07e0000 - 0x00007ffbb080e000 	C:\WINDOWS\SYSTEM32\ncrypt.dll
0x00007ffbb07a0000 - 0x00007ffbb07d7000 	C:\WINDOWS\SYSTEM32\NTASN1.dll
0x00007ffba9f00000 - 0x00007ffba9f0a000 	C:\Windows\System32\rasadhlp.dll
0x00007ffbaa600000 - 0x00007ffbaa683000 	C:\WINDOWS\System32\fwpuclnt.dll
0x00007ffb943c0000 - 0x00007ffb943c8000 	C:\WINDOWS\system32\wshunix.dll
0x00007ffb942a0000 - 0x00007ffb942b7000 	C:\WINDOWS\system32\napinsp.dll
0x00007ffb94280000 - 0x00007ffb9429b000 	C:\WINDOWS\system32\pnrpnsp.dll
0x00007ffb93ea0000 - 0x00007ffb93eb1000 	C:\WINDOWS\System32\winrnr.dll
0x00007ffb93e80000 - 0x00007ffb93e95000 	C:\WINDOWS\system32\wshbth.dll
0x00007ffb93d90000 - 0x00007ffb93db7000 	C:\WINDOWS\system32\nlansp_c.dll

dbghelp: loaded successfully - version: 4.0.5 - missing functions: none
symbol engine: initialized successfully - sym options: 0x614 - pdb path: .;C:\Program Files\Java\jdk-17\bin;C:\WINDOWS\SYSTEM32;C:\WINDOWS\WinSxS\amd64_microsoft.windows.common-controls_6595b64144ccf1df_6.0.22621.3672_none_2713b9d173822955;C:\Program Files\Java\jdk-17\bin\server

VM Arguments:
java_command: C:\Users\chidy\AppData\Local\Temp\surefire7551628372626524591\surefirebooter9752623232339299859.jar C:\Users\chidy\AppData\Local\Temp\surefire7551628372626524591 2024-07-04T00-19-32_367-jvmRun1 surefire3069315259760760595tmp surefire_018201805002483838870tmp
java_class_path (initial): C:\Users\chidy\AppData\Local\Temp\surefire7551628372626524591\surefirebooter9752623232339299859.jar
Launcher Type: SUN_STANDARD

[Global flags]
     intx CICompilerCount                          = 4                                         {product} {ergonomic}
     uint ConcGCThreads                            = 2                                         {product} {ergonomic}
     uint G1ConcRefinementThreads                  = 8                                         {product} {ergonomic}
   size_t G1HeapRegionSize                         = 1048576                                   {product} {ergonomic}
    uintx GCDrainStackTargetSize                   = 64                                        {product} {ergonomic}
   size_t InitialHeapSize                          = 132120576                                 {product} {ergonomic}
   size_t MarkStackSize                            = 4194304                                   {product} {ergonomic}
   size_t MaxHeapSize                              = 2099249152                                {product} {ergonomic}
   size_t MaxNewSize                               = 1259339776                                {product} {ergonomic}
   size_t MinHeapDeltaBytes                        = 1048576                                   {product} {ergonomic}
   size_t MinHeapSize                              = 8388608                                   {product} {ergonomic}
    uintx NonNMethodCodeHeapSize                   = 5839372                                {pd product} {ergonomic}
    uintx NonProfiledCodeHeapSize                  = 122909434                              {pd product} {ergonomic}
    uintx ProfiledCodeHeapSize                     = 122909434                              {pd product} {ergonomic}
    uintx ReservedCodeCacheSize                    = 251658240                              {pd product} {ergonomic}
     bool SegmentedCodeCache                       = true                                      {product} {ergonomic}
   size_t SoftMaxHeapSize                          = 2099249152                             {manageable} {ergonomic}
     bool UseCompressedClassPointers               = true                           {product lp64_product} {ergonomic}
     bool UseCompressedOops                        = true                           {product lp64_product} {ergonomic}
     bool UseG1GC                                  = true                                      {product} {ergonomic}
     bool UseLargePagesIndividualAllocation        = false                                  {pd product} {ergonomic}

Logging:
Log output configuration:
 #0: stdout all=warning uptime,level,tags
 #1: stderr all=off uptime,level,tags

Environment Variables:
JAVA_HOME=C:\Program Files\Java\jdk-17\
PATH=C:\Program Files\Common Files\Oracle\Java\javapath;C:\WINDOWS\system32;C:\WINDOWS;C:\WINDOWS\System32\Wbem;C:\WINDOWS\System32\WindowsPowerShell\v1.0\;C:\WINDOWS\System32\OpenSSH\;C:\Program Files\dotnet\;C:\Program Files\Microsoft SQL Server\130\Tools\Binn\;C:\Program Files\Microsoft SQL Server\Client SDK\ODBC\170\Tools\Binn\;C:\Program Files\nodejs\;C:\Program Files\nodejs\node_modules;C:\Program Files\Git\cmd;C:\apache-maven-3.9.2\\bin;C:\apache-maven-3.9.2\;C:\Program Files\Java\jdk-17;C:\Program Files\Java\jdk-20;C:\Program Files\Java\jdk-11;C:\Program Files\Java\jdk-17\bin;C:\Program Files\Git\bin;C:\Users\chidy\AppData\Local\Programs\Python\Python312\Scripts\;C:\Users\chidy\AppData\Local\Programs\Python\Python312\;C:\Users\chidy\AppData\Local\Programs\Python\Launcher\;C:\Ruby27-x64\bin;C:\Users\chidy\AppData\Local\Microsoft\WindowsApps;C:\Users\chidy\.dotnet\tools;C:\Users\chidy\AppData\Roaming\npm;C:\apache-maven-3.9.2\bin;C:\Users\chidy\AppData\Local\JetBrains\Toolbox\scripts;C:\Program Files\JetBrains\RubyMine 2023.2.3\bin;;C:\Users\chidy\AppData\Local\Programs\Microsoft VS Code\bin
USERNAME=chidy
OS=Windows_NT
PROCESSOR_IDENTIFIER=Intel64 Family 6 Model 142 Stepping 11, GenuineIntel



---------------  S Y S T E M  ---------------

OS:
 Windows 11 , 64 bit Build 22621 (10.0.22621.3672)
OS uptime: 3 days 3:50 hours
Hyper-V role detected

CPU: total 8 (initial active 8) (4 cores per cpu, 2 threads per core) family 6 model 142 stepping 11 microcode 0xf0, cx8, cmov, fxsr, ht, mmx, 3dnowpref, sse, sse2, sse3, ssse3, sse4.1, sse4.2, popcnt, lzcnt, tsc, tscinvbit, avx, avx2, aes, erms, clmul, bmi1, bmi2, adx, fma, vzeroupper, clflush, clflushopt, hv

Memory: 4k page, system-wide physical 8006M (33M free)
TotalPageFile size 32582M (AvailPageFile size 24M)
current process WorkingSet (physical memory assigned to process): 213M, peak: 325M
current process commit charge ("private bytes"): 513M, peak: 541M

vm_info: Java HotSpot(TM) 64-Bit Server VM (17.0.7+8-LTS-224) for windows-amd64 JRE (17.0.7+8-LTS-224), built on Feb 28 2023 23:03:02 by "mach5one" with MS VC++ 17.1 (VS2022)

END.
