#
# There is insufficient memory for the Java Runtime Environment to continue.
# Native memory allocation (mmap) failed to map 132120576 bytes for G1 virtual space
# Possible reasons:
#   The system is out of physical RAM or swap space
#   The process is running with CompressedOops enabled, and the Java Heap may be blocking the growth of the native heap
# Possible solutions:
#   Reduce memory load on the system
#   Increase physical memory or swap space
#   Check if swap backing store is full
#   Decrease Java heap size (-Xmx/-Xms)
#   Decrease number of Java threads
#   Decrease Java thread stack sizes (-Xss)
#   Set larger code cache with -XX:ReservedCodeCacheSize=
#   JVM is running with Unscaled Compressed Oops mode in which the Java heap is
#     placed in the first 4GB address space. The Java Heap base address is the
#     maximum limit for the native heap growth. Please use -XX:HeapBaseMinAddress
#     to set the Java Heap base and to place the Java Heap above 4GB virtual address.
# This output file may be truncated or incomplete.
#
#  Out of Memory Error (os_windows.cpp:3548), pid=43552, tid=18584
#
# JRE version:  (17.0.5+8) (build )
# Java VM: OpenJDK 64-Bit Server VM (17.0.5+8, mixed mode, sharing, tiered, compressed oops, compressed class ptrs, g1 gc, windows-amd64)
# No core dump will be written. Minidumps are not enabled by default on client versions of Windows
#

---------------  S U M M A R Y ------------

Command Line: -ea -Dfile.encoding=UTF-8 -XX:+ShowCodeDetailsInExceptionMessages --add-opens=jdk.compiler/com.sun.tools.javac.processing=ALL-UNNAMED org.eclipse.jdt.internal.junit.runner.RemoteTestRunner -version 3 -port 50807 -testLoaderClass org.eclipse.jdt.internal.junit4.runner.JUnit4TestLoader -loaderpluginname org.eclipse.jdt.junit4.runtime -classNames stepDefinition.TestRunner

Host: Intel(R) Core(TM) i5-8265U CPU @ 1.60GHz, 8 cores, 7G,  Windows 11 , 64 bit Build 22621 (10.0.22621.3672)
Time: Thu Jul  4 12:35:24 2024 GMT Summer Time elapsed time: 0.057841 seconds (0d 0h 0m 0s)

---------------  T H R E A D  ---------------

Current thread (0x0000014eed2081e0):  JavaThread "Unknown thread" [_thread_in_vm, id=18584, stack(0x000000251de00000,0x000000251df00000)]

Stack: [0x000000251de00000,0x000000251df00000]
Native frames: (J=compiled Java code, j=interpreted, Vv=VM code, C=native code)
V  [jvm.dll+0x676b3a]
V  [jvm.dll+0x831444]
V  [jvm.dll+0x832bee]
V  [jvm.dll+0x833253]
V  [jvm.dll+0x244ce5]
V  [jvm.dll+0x673a49]
V  [jvm.dll+0x66811a]
V  [jvm.dll+0x303ceb]
V  [jvm.dll+0x30b1e6]
V  [jvm.dll+0x35adbe]
V  [jvm.dll+0x35afef]
V  [jvm.dll+0x2dab88]
V  [jvm.dll+0x2dbaf4]
V  [jvm.dll+0x803121]
V  [jvm.dll+0x368bb1]
V  [jvm.dll+0x7e265c]
V  [jvm.dll+0x3eb17f]
V  [jvm.dll+0x3eccc1]
C  [jli.dll+0x5267]
C  [ucrtbase.dll+0x29333]
C  [KERNEL32.DLL+0x1257d]
C  [ntdll.dll+0x5af28]


---------------  P R O C E S S  ---------------

Threads class SMR info:
_java_thread_list=0x00007ffb27702f18, length=0, elements={
}

Java Threads: ( => current thread )

Other Threads:
  0x0000014eed264820 GCTaskThread "GC Thread#0" [stack: 0x000000251df00000,0x000000251e000000] [id=29068]
  0x0000014eed2751a0 ConcurrentGCThread "G1 Main Marker" [stack: 0x000000251e000000,0x000000251e100000] [id=10132]
  0x0000014eed275bb0 ConcurrentGCThread "G1 Conc#0" [stack: 0x000000251e100000,0x000000251e200000] [id=31440]

[error occurred during error reporting (printing all threads), id 0xc0000005, EXCEPTION_ACCESS_VIOLATION (0xc0000005) at pc=0x00007ffb26edb617]

VM state: not at safepoint (not fully initialized)

VM Mutex/Monitor currently owned by a thread:  ([mutex/lock_event])
[0x0000014eed2034d0] Heap_lock - owner thread: 0x0000014eed2081e0

Heap address: 0x0000000082e00000, size: 2002 MB, Compressed Oops mode: 32-bit

CDS archive(s) mapped at: [0x0000000000000000-0x0000000000000000-0x0000000000000000), size 0, SharedBaseAddress: 0x0000000800000000, ArchiveRelocationMode: 0.
Narrow klass base: 0x0000000000000000, Narrow klass shift: 0, Narrow klass range: 0x0

GC Precious Log:
<Empty>

Heap:
 garbage-first heap   total 0K, used 0K [0x0000000082e00000, 0x0000000100000000)
  region size 1024K, 0 young (0K), 0 survivors (0K)

[error occurred during error reporting (printing heap information), id 0xc0000005, EXCEPTION_ACCESS_VIOLATION (0xc0000005) at pc=0x00007ffb272bfcb9]

GC Heap History (0 events):
No events

Dll operation events (1 events):
Event: 0.035 Loaded shared library C:\Users\chidy\.p2\pool\plugins\org.eclipse.justj.openjdk.hotspot.jre.full.win32.x86_64_17.0.5.v20221102-0933\jre\bin\java.dll

Deoptimization events (0 events):
No events

Classes unloaded (0 events):
No events

Classes redefined (0 events):
No events

Internal exceptions (0 events):
No events

VM Operations (0 events):
No events

Events (0 events):
No events


Dynamic libraries:
0x00007ff78e600000 - 0x00007ff78e60e000 	C:\Users\chidy\.p2\pool\plugins\org.eclipse.justj.openjdk.hotspot.jre.full.win32.x86_64_17.0.5.v20221102-0933\jre\bin\javaw.exe
0x00007ffbb3c10000 - 0x00007ffbb3e27000 	C:\WINDOWS\SYSTEM32\ntdll.dll
0x00007ffbb1f40000 - 0x00007ffbb2004000 	C:\WINDOWS\System32\KERNEL32.DLL
0x00007ffbb0f40000 - 0x00007ffbb12ec000 	C:\WINDOWS\System32\KERNELBASE.dll
0x00007ffbb1830000 - 0x00007ffbb1941000 	C:\WINDOWS\System32\ucrtbase.dll
0x00007ffbad2f0000 - 0x00007ffbad307000 	C:\Users\chidy\.p2\pool\plugins\org.eclipse.justj.openjdk.hotspot.jre.full.win32.x86_64_17.0.5.v20221102-0933\jre\bin\jli.dll
0x00007ffbb1a70000 - 0x00007ffbb1c1e000 	C:\WINDOWS\System32\USER32.dll
0x00007ffbb16b0000 - 0x00007ffbb16d6000 	C:\WINDOWS\System32\win32u.dll
0x00007ffbb27d0000 - 0x00007ffbb27f9000 	C:\WINDOWS\System32\GDI32.dll
0x00007ffbb16e0000 - 0x00007ffbb17f9000 	C:\WINDOWS\System32\gdi32full.dll
0x00007ffbb12f0000 - 0x00007ffbb138a000 	C:\WINDOWS\System32\msvcp_win.dll
0x00007ffbaa1f0000 - 0x00007ffbaa209000 	C:\Users\chidy\.p2\pool\plugins\org.eclipse.justj.openjdk.hotspot.jre.full.win32.x86_64_17.0.5.v20221102-0933\jre\bin\VCRUNTIME140.dll
0x00007ffb8b7b0000 - 0x00007ffb8ba43000 	C:\WINDOWS\WinSxS\amd64_microsoft.windows.common-controls_6595b64144ccf1df_6.0.22621.3672_none_2713b9d173822955\COMCTL32.dll
0x00007ffbb3a20000 - 0x00007ffbb3ac7000 	C:\WINDOWS\System32\msvcrt.dll
0x00007ffbb39e0000 - 0x00007ffbb3a11000 	C:\WINDOWS\System32\IMM32.DLL
0x00007ffbacf80000 - 0x00007ffbacf8c000 	C:\Users\chidy\.p2\pool\plugins\org.eclipse.justj.openjdk.hotspot.jre.full.win32.x86_64_17.0.5.v20221102-0933\jre\bin\vcruntime140_1.dll
0x00007ffb83200000 - 0x00007ffb83291000 	C:\Users\chidy\.p2\pool\plugins\org.eclipse.justj.openjdk.hotspot.jre.full.win32.x86_64_17.0.5.v20221102-0933\jre\bin\msvcp140.dll
0x00007ffb26bf0000 - 0x00007ffb27834000 	C:\Users\chidy\.p2\pool\plugins\org.eclipse.justj.openjdk.hotspot.jre.full.win32.x86_64_17.0.5.v20221102-0933\jre\bin\server\jvm.dll
0x00007ffbb3670000 - 0x00007ffbb3722000 	C:\WINDOWS\System32\ADVAPI32.dll
0x00007ffbb1e10000 - 0x00007ffbb1eba000 	C:\WINDOWS\System32\sechost.dll
0x00007ffbb1800000 - 0x00007ffbb1828000 	C:\WINDOWS\System32\bcrypt.dll
0x00007ffbb1950000 - 0x00007ffbb1a65000 	C:\WINDOWS\System32\RPCRT4.dll
0x00007ffbaba60000 - 0x00007ffbaba94000 	C:\WINDOWS\SYSTEM32\WINMM.dll
0x00007ffb94170000 - 0x00007ffb94179000 	C:\WINDOWS\SYSTEM32\WSOCK32.dll
0x00007ffba9060000 - 0x00007ffba906a000 	C:\WINDOWS\SYSTEM32\VERSION.dll
0x00007ffbb2810000 - 0x00007ffbb2881000 	C:\WINDOWS\System32\WS2_32.dll
0x00007ffbafed0000 - 0x00007ffbafee8000 	C:\WINDOWS\SYSTEM32\kernel.appcore.dll
0x00007ffbacf40000 - 0x00007ffbacf4a000 	C:\Users\chidy\.p2\pool\plugins\org.eclipse.justj.openjdk.hotspot.jre.full.win32.x86_64_17.0.5.v20221102-0933\jre\bin\jimage.dll
0x00007ffbae950000 - 0x00007ffbaeb82000 	C:\WINDOWS\SYSTEM32\DBGHELP.DLL
0x00007ffbb2440000 - 0x00007ffbb27c8000 	C:\WINDOWS\System32\combase.dll
0x00007ffbb3af0000 - 0x00007ffbb3bc7000 	C:\WINDOWS\System32\OLEAUT32.dll
0x00007ffba2cd0000 - 0x00007ffba2d02000 	C:\WINDOWS\SYSTEM32\dbgcore.DLL
0x00007ffbb1630000 - 0x00007ffbb16ab000 	C:\WINDOWS\System32\bcryptPrimitives.dll
0x00007ffb8a2c0000 - 0x00007ffb8a2e5000 	C:\Users\chidy\.p2\pool\plugins\org.eclipse.justj.openjdk.hotspot.jre.full.win32.x86_64_17.0.5.v20221102-0933\jre\bin\java.dll

dbghelp: loaded successfully - version: 4.0.5 - missing functions: none
symbol engine: initialized successfully - sym options: 0x614 - pdb path: .;C:\Users\chidy\.p2\pool\plugins\org.eclipse.justj.openjdk.hotspot.jre.full.win32.x86_64_17.0.5.v20221102-0933\jre\bin;C:\WINDOWS\SYSTEM32;C:\WINDOWS\WinSxS\amd64_microsoft.windows.common-controls_6595b64144ccf1df_6.0.22621.3672_none_2713b9d173822955;C:\Users\chidy\.p2\pool\plugins\org.eclipse.justj.openjdk.hotspot.jre.full.win32.x86_64_17.0.5.v20221102-0933\jre\bin\server

VM Arguments:
jvm_args: -ea -Dfile.encoding=UTF-8 -XX:+ShowCodeDetailsInExceptionMessages --add-opens=jdk.compiler/com.sun.tools.javac.processing=ALL-UNNAMED 
java_command: org.eclipse.jdt.internal.junit.runner.RemoteTestRunner -version 3 -port 50807 -testLoaderClass org.eclipse.jdt.internal.junit4.runner.JUnit4TestLoader -loaderpluginname org.eclipse.jdt.junit4.runtime -classNames stepDefinition.TestRunner
java_class_path (initial): C:\Users\chidy\eclipse-workspace\AutomationExecise\target\test-classes;C:\Users\chidy\eclipse-workspace\AutomationExecise\target\classes;C:\Users\chidy\.m2\repository\io\cucumber\cucumber-java\7.2.3\cucumber-java-7.2.3.jar;C:\Users\chidy\.m2\repository\org\apiguardian\apiguardian-api\1.1.2\apiguardian-api-1.1.2.jar;C:\Users\chidy\.m2\repository\io\cucumber\cucumber-core\7.2.3\cucumber-core-7.2.3.jar;C:\Users\chidy\.m2\repository\io\cucumber\cucumber-gherkin\7.2.3\cucumber-gherkin-7.2.3.jar;C:\Users\chidy\.m2\repository\io\cucumber\cucumber-gherkin-messages\7.2.3\cucumber-gherkin-messages-7.2.3.jar;C:\Users\chidy\.m2\repository\io\cucumber\messages\17.1.1\messages-17.1.1.jar;C:\Users\chidy\.m2\repository\io\cucumber\tag-expressions\4.1.0\tag-expressions-4.1.0.jar;C:\Users\chidy\.m2\repository\io\cucumber\cucumber-expressions\15.0.1\cucumber-expressions-15.0.1.jar;C:\Users\chidy\.m2\repository\io\cucumber\datatable\7.2.3\datatable-7.2.3.jar;C:\Users\chidy\.m2\repository\io\cucumber\cucumber-plugin\7.2.3\cucumber-plugin-7.2.3.jar;C:\Users\chidy\.m2\repository\io\cucumber\docstring\7.2.3\docstring-7.2.3.jar;C:\Users\chidy\.m2\repository\io\cucumber\html-formatter\17.0.0\html-formatter-17.0.0.jar;C:\Users\chidy\.m2\repository\io\cucumber\ci-environment\8.1.0\ci-environment-8.1.0.jar;C:\Users\chidy\.m2\repository\io\cucumber\cucumber-junit\7.2.3\cucumber-junit-7.2.3.jar;C:\Users\chidy\.m2\repository\io\cucumber\cucumber-picocontainer\7.2.3\cucumber-picocontainer-7.2.3.jar;C:\Users\chidy\.m2\repository\org\picocontainer\picocontainer\2.15\picocontainer-2.15.jar;C:\Users\chidy\.m2\repository\org\hamcrest\hamcrest-all\1.3\hamcrest-all-1.3.jar;C:\Users\chidy\.m2\repository\io\github\bonigarcia\webdrivermanager\5.0.3\webdrivermanager-5.0.3.jar;C:\Users\chidy\.m2\repository\org\slf4j\slf4j-api\1.7.32\slf4j-api-1.7.32.jar;C:\Users\chidy\.m2\repository\com\google\code\gson\gson\2.8.8\gson-2.8.8.jar;C:\Users\chidy\.m2\repository\org\jsoup\jsoup\1.14.2\
Launcher Type: SUN_STANDARD

[Global flags]
     intx CICompilerCount                          = 4                                         {product} {ergonomic}
     uint ConcGCThreads                            = 2                                         {product} {ergonomic}
     uint G1ConcRefinementThreads                  = 8                                         {product} {ergonomic}
   size_t G1HeapRegionSize                         = 1048576                                   {product} {ergonomic}
    uintx GCDrainStackTargetSize                   = 64                                        {product} {ergonomic}
   size_t InitialHeapSize                          = 132120576                                 {product} {ergonomic}
   size_t MarkStackSize                            = 4194304                                   {product} {ergonomic}
   size_t MaxHeapSize                              = 2099249152                                {product} {ergonomic}
   size_t MinHeapDeltaBytes                        = 1048576                                   {product} {ergonomic}
   size_t MinHeapSize                              = 8388608                                   {product} {ergonomic}
    uintx NonNMethodCodeHeapSize                   = 5839372                                {pd product} {ergonomic}
    uintx NonProfiledCodeHeapSize                  = 122909434                              {pd product} {ergonomic}
    uintx ProfiledCodeHeapSize                     = 122909434                              {pd product} {ergonomic}
    uintx ReservedCodeCacheSize                    = 251658240                              {pd product} {ergonomic}
     bool SegmentedCodeCache                       = true                                      {product} {ergonomic}
     bool ShowCodeDetailsInExceptionMessages       = true                                   {manageable} {command line}
   size_t SoftMaxHeapSize                          = 2099249152                             {manageable} {ergonomic}
     bool UseCompressedClassPointers               = true                           {product lp64_product} {ergonomic}
     bool UseCompressedOops                        = true                           {product lp64_product} {ergonomic}
     bool UseG1GC                                  = true                                      {product} {ergonomic}
     bool UseLargePagesIndividualAllocation        = false                                  {pd product} {ergonomic}

Logging:
Log output configuration:
 #0: stdout all=warning uptime,level,tags
 #1: stderr all=off uptime,level,tags

Environment Variables:
JAVA_HOME=C:\Program Files\Java\jdk-17\
PATH=C:/Users/chidy/.p2/pool/plugins/org.eclipse.justj.openjdk.hotspot.jre.full.win32.x86_64_17.0.5.v20221102-0933/jre/bin/server;C:/Users/chidy/.p2/pool/plugins/org.eclipse.justj.openjdk.hotspot.jre.full.win32.x86_64_17.0.5.v20221102-0933/jre/bin;C:\Program Files\Common Files\Oracle\Java\javapath;C:\WINDOWS\system32;C:\WINDOWS;C:\WINDOWS\System32\Wbem;C:\WINDOWS\System32\WindowsPowerShell\v1.0\;C:\WINDOWS\System32\OpenSSH\;C:\Program Files\dotnet\;C:\Program Files\Microsoft SQL Server\130\Tools\Binn\;C:\Program Files\Microsoft SQL Server\Client SDK\ODBC\170\Tools\Binn\;C:\Program Files\nodejs\;C:\Program Files\nodejs\node_modules;C:\Program Files\Git\cmd;C:\apache-maven-3.9.2\\bin;C:\apache-maven-3.9.2\;C:\Program Files\Java\jdk-17;C:\Program Files\Java\jdk-20;C:\Program Files\Java\jdk-11;C:\Program Files\Java\jdk-17\bin;C:\Program Files\Git\bin;C:\Users\chidy\AppData\Local\Programs\Python\Python312\Scripts\;C:\Users\chidy\AppData\Local\Programs\Python\Python312\;C:\Users\chidy\AppData\Local\Programs\Python\Launcher\;C:\Ruby27-x64\bin;C:\Users\chidy\AppData\Local\Microsoft\WindowsApps;C:\Users\chidy\.dotnet\tools;C:\Users\chidy\AppData\Roaming\npm;C:\apache-maven-3.9.2\bin;C:\Users\chidy\AppData\Local\JetBrains\Toolbox\scripts;C:\Program Files\JetBrains\RubyMine 2023.2.3\bin;;C:\Users\chidy\AppData\Local\Programs\Microsoft VS Code\bin;C:\Users\chidy\OneDrive\Desktop;
USERNAME=chidy
OS=Windows_NT
PROCESSOR_IDENTIFIER=Intel64 Family 6 Model 142 Stepping 11, GenuineIntel
TMP=C:\Users\chidy\AppData\Local\Temp
TEMP=C:\Users\chidy\AppData\Local\Temp



---------------  S Y S T E M  ---------------

OS:
 Windows 11 , 64 bit Build 22621 (10.0.22621.3672)
OS uptime: 3 days 16:04 hours
Hyper-V role detected

CPU: total 8 (initial active 8) (4 cores per cpu, 2 threads per core) family 6 model 142 stepping 11 microcode 0xf0, cx8, cmov, fxsr, ht, mmx, 3dnowpref, sse, sse2, sse3, ssse3, sse4.1, sse4.2, popcnt, lzcnt, tsc, tscinvbit, avx, avx2, aes, erms, clmul, bmi1, bmi2, adx, fma, vzeroupper, clflush, clflushopt, hv

Memory: 4k page, system-wide physical 8006M (353M free)
TotalPageFile size 32582M (AvailPageFile size 18M)
current process WorkingSet (physical memory assigned to process): 11M, peak: 11M
current process commit charge ("private bytes"): 60M, peak: 186M

vm_info: OpenJDK 64-Bit Server VM (17.0.5+8) for windows-amd64 JRE (17.0.5+8), built on Oct 19 2022 04:48:13 by "temurin" with MS VC++ 16.7 (VS2019)

END.
