#
# There is insufficient memory for the Java Runtime Environment to continue.
# Native memory allocation (malloc) failed to allocate 1329776 bytes for Chunk::new
# Possible reasons:
#   The system is out of physical RAM or swap space
#   The process is running with CompressedOops enabled, and the Java Heap may be blocking the growth of the native heap
# Possible solutions:
#   Reduce memory load on the system
#   Increase physical memory or swap space
#   Check if swap backing store is full
#   Decrease Java heap size (-Xmx/-Xms)
#   Decrease number of Java threads
#   Decrease Java thread stack sizes (-Xss)
#   Set larger code cache with -XX:ReservedCodeCacheSize=
#   JVM is running with Unscaled Compressed Oops mode in which the Java heap is
#     placed in the first 4GB address space. The Java Heap base address is the
#     maximum limit for the native heap growth. Please use -XX:HeapBaseMinAddress
#     to set the Java Heap base and to place the Java Heap above 4GB virtual address.
# This output file may be truncated or incomplete.
#
#  Out of Memory Error (arena.cpp:189), pid=30488, tid=11024
#
# JRE version: OpenJDK Runtime Environment Temurin-17.0.5+8 (17.0.5+8) (build 17.0.5+8)
# Java VM: OpenJDK 64-Bit Server VM Temurin-17.0.5+8 (17.0.5+8, mixed mode, tiered, compressed oops, compressed class ptrs, g1 gc, windows-amd64)
# No core dump will be written. Minidumps are not enabled by default on client versions of Windows
#

---------------  S U M M A R Y ------------

Command Line: -ea -Dfile.encoding=UTF-8 -XX:+ShowCodeDetailsInExceptionMessages --add-opens=jdk.compiler/com.sun.tools.javac.processing=ALL-UNNAMED org.eclipse.jdt.internal.junit.runner.RemoteTestRunner -version 3 -port 65334 -testLoaderClass org.eclipse.jdt.internal.junit4.runner.JUnit4TestLoader -loaderpluginname org.eclipse.jdt.junit4.runtime -classNames stepDefinition.TestRunner

Host: Intel(R) Core(TM) i5-8265U CPU @ 1.60GHz, 8 cores, 7G,  Windows 11 , 64 bit Build 22621 (10.0.22621.3672)
Time: Sat Jul  6 23:14:22 2024 GMT Summer Time elapsed time: 77.400859 seconds (0d 0h 1m 17s)

---------------  T H R E A D  ---------------

Current thread (0x0000021e11c6a4f0):  JavaThread "C2 CompilerThread0" daemon [_thread_in_native, id=11024, stack(0x000000e776400000,0x000000e776500000)]


Current CompileTask:
C2:  77413 5065   !   4       io.github.bonigarcia.wdm.config.Config::getPropertyFrom (86 bytes)

Stack: [0x000000e776400000,0x000000e776500000]
Native frames: (J=compiled Java code, j=interpreted, Vv=VM code, C=native code)
V  [jvm.dll+0x676b3a]
V  [jvm.dll+0x831444]
V  [jvm.dll+0x832bee]
V  [jvm.dll+0x833253]
V  [jvm.dll+0x244ce5]
V  [jvm.dll+0xabbac]
V  [jvm.dll+0xac17c]
V  [jvm.dll+0x362d02]
V  [jvm.dll+0x1bb2b2]
V  [jvm.dll+0x217ca9]
V  [jvm.dll+0x216f71]
V  [jvm.dll+0x1a343d]
V  [jvm.dll+0x22698a]
V  [jvm.dll+0x224ac5]
V  [jvm.dll+0x7e727b]
V  [jvm.dll+0x7e17ea]
V  [jvm.dll+0x6759e5]
C  [ucrtbase.dll+0x29333]
C  [KERNEL32.DLL+0x1257d]
C  [ntdll.dll+0x5af28]


---------------  P R O C E S S  ---------------

Threads class SMR info:
_java_thread_list=0x0000021e12a3e930, length=36, elements={
0x0000021e7731aab0, 0x0000021e11c34030, 0x0000021e11c34ea0, 0x0000021e111f1f60,
0x0000021e111f2a20, 0x0000021e111f35d0, 0x0000021e11c57030, 0x0000021e11c6a4f0,
0x0000021e11c6af90, 0x0000021e11c6d990, 0x0000021e11df05d0, 0x0000021e11df0aa0,
0x0000021e131e1bc0, 0x0000021e15927520, 0x0000021e15c607d0, 0x0000021e15e2d3c0,
0x0000021e15e2c550, 0x0000021e15e2c080, 0x0000021e15e2fa40, 0x0000021e15e2e700,
0x0000021e15e2cef0, 0x0000021e15e2d890, 0x0000021e15e2f0a0, 0x0000021e15e2dd60,
0x0000021e135e9e50, 0x0000021e135ea320, 0x0000021e135ebb30, 0x0000021e135e8fe0,
0x0000021e135ed340, 0x0000021e135e7300, 0x0000021e135ece70, 0x0000021e135ed810,
0x0000021e135e5fc0, 0x0000021e135eb660, 0x0000021e135e77d0, 0x0000021e135e6e30
}

Java Threads: ( => current thread )
  0x0000021e7731aab0 JavaThread "main" [_thread_blocked, id=49068, stack(0x000000e775700000,0x000000e775800000)]
  0x0000021e11c34030 JavaThread "Reference Handler" daemon [_thread_blocked, id=40252, stack(0x000000e775e00000,0x000000e775f00000)]
  0x0000021e11c34ea0 JavaThread "Finalizer" daemon [_thread_blocked, id=51736, stack(0x000000e775f00000,0x000000e776000000)]
  0x0000021e111f1f60 JavaThread "Signal Dispatcher" daemon [_thread_blocked, id=45688, stack(0x000000e776000000,0x000000e776100000)]
  0x0000021e111f2a20 JavaThread "Attach Listener" daemon [_thread_blocked, id=32612, stack(0x000000e776100000,0x000000e776200000)]
  0x0000021e111f35d0 JavaThread "Service Thread" daemon [_thread_blocked, id=42616, stack(0x000000e776200000,0x000000e776300000)]
  0x0000021e11c57030 JavaThread "Monitor Deflation Thread" daemon [_thread_blocked, id=11912, stack(0x000000e776300000,0x000000e776400000)]
=>0x0000021e11c6a4f0 JavaThread "C2 CompilerThread0" daemon [_thread_in_native, id=11024, stack(0x000000e776400000,0x000000e776500000)]
  0x0000021e11c6af90 JavaThread "C1 CompilerThread0" daemon [_thread_blocked, id=18512, stack(0x000000e776500000,0x000000e776600000)]
  0x0000021e11c6d990 JavaThread "Sweeper thread" daemon [_thread_blocked, id=23712, stack(0x000000e776600000,0x000000e776700000)]
  0x0000021e11df05d0 JavaThread "Common-Cleaner" daemon [_thread_blocked, id=55048, stack(0x000000e776700000,0x000000e776800000)]
  0x0000021e11df0aa0 JavaThread "Notification Thread" daemon [_thread_blocked, id=42756, stack(0x000000e776800000,0x000000e776900000)]
  0x0000021e131e1bc0 JavaThread "ForkJoinPool.commonPool-worker-1" daemon [_thread_blocked, id=21480, stack(0x000000e777400000,0x000000e777500000)]
  0x0000021e15927520 JavaThread "AsyncHttpClient-1-1" daemon [_thread_blocked, id=720, stack(0x000000e777500000,0x000000e777600000)]
  0x0000021e15c607d0 JavaThread "ForkJoinPool.commonPool-worker-2" daemon [_thread_blocked, id=24024, stack(0x000000e777600000,0x000000e777700000)]
  0x0000021e15e2d3c0 JavaThread "AsyncHttpClient-1-2" daemon [_thread_in_native, id=51132, stack(0x000000e777c00000,0x000000e777d00000)]
  0x0000021e15e2c550 JavaThread "AsyncHttpClient-1-3" daemon [_thread_in_native, id=44492, stack(0x000000e777d00000,0x000000e777e00000)]
  0x0000021e15e2c080 JavaThread "Exec Default Executor" daemon [_thread_in_native, id=46968, stack(0x000000e777e00000,0x000000e777f00000)]
  0x0000021e15e2fa40 JavaThread "Driver Service Executor" daemon [_thread_blocked, id=55420, stack(0x000000e777f00000,0x000000e778000000)]
  0x0000021e15e2e700 JavaThread "Driver Service Executor" daemon [_thread_blocked, id=9576, stack(0x000000e778000000,0x000000e778100000)]
  0x0000021e15e2cef0 JavaThread "Exec Stream Pumper" daemon [_thread_in_native, id=52640, stack(0x000000e778100000,0x000000e778200000)]
  0x0000021e15e2d890 JavaThread "Exec Stream Pumper" daemon [_thread_in_native, id=53492, stack(0x000000e778200000,0x000000e778300000)]
  0x0000021e15e2f0a0 JavaThread "AsyncHttpClient-1-4" daemon [_thread_in_native, id=24308, stack(0x000000e778300000,0x000000e778400000)]
  0x0000021e15e2dd60 JavaThread "AsyncHttpClient-1-5" daemon [_thread_in_native, id=31088, stack(0x000000e778600000,0x000000e778700000)]
  0x0000021e135e9e50 JavaThread "AsyncHttpClient-1-6" daemon [_thread_in_native, id=15220, stack(0x000000e778800000,0x000000e778900000)]
  0x0000021e135ea320 JavaThread "AsyncHttpClient-1-7" daemon [_thread_in_native, id=55788, stack(0x000000e777700000,0x000000e777800000)]
  0x0000021e135ebb30 JavaThread "Exec Default Executor" daemon [_thread_in_native, id=2832, stack(0x000000e778900000,0x000000e778a00000)]
  0x0000021e135e8fe0 JavaThread "Driver Service Executor" daemon [_thread_blocked, id=48360, stack(0x000000e778a00000,0x000000e778b00000)]
  0x0000021e135ed340 JavaThread "Driver Service Executor" daemon [_thread_blocked, id=15588, stack(0x000000e778b00000,0x000000e778c00000)]
  0x0000021e135e7300 JavaThread "Exec Stream Pumper" daemon [_thread_in_native, id=44440, stack(0x000000e778c00000,0x000000e778d00000)]
  0x0000021e135ece70 JavaThread "Exec Stream Pumper" daemon [_thread_in_native, id=30004, stack(0x000000e778d00000,0x000000e778e00000)]
  0x0000021e135ed810 JavaThread "AsyncHttpClient-1-8" daemon [_thread_in_native, id=48424, stack(0x000000e778e00000,0x000000e778f00000)]
  0x0000021e135e5fc0 JavaThread "AsyncHttpClient-1-9" daemon [_thread_in_native, id=55204, stack(0x000000e775400000,0x000000e775500000)]
  0x0000021e135eb660 JavaThread "ForkJoinPool.commonPool-worker-3" daemon [_thread_blocked, id=18260, stack(0x000000e775500000,0x000000e775600000)]
  0x0000021e135e77d0 JavaThread "Driver Service Executor" daemon [_thread_in_native, id=19776, stack(0x000000e777800000,0x000000e777900000)]
  0x0000021e135e6e30 JavaThread "Driver Service Executor" daemon [_thread_blocked, id=17752, stack(0x000000e777900000,0x000000e777a00000)]

Other Threads:
  0x0000021e11c1f030 VMThread "VM Thread" [stack: 0x000000e775d00000,0x000000e775e00000] [id=22640]
  0x0000021e7738e3a0 WatcherThread [stack: 0x000000e776900000,0x000000e776a00000] [id=12600]
  0x0000021e77374dc0 GCTaskThread "GC Thread#0" [stack: 0x000000e775800000,0x000000e775900000] [id=53964]
  0x0000021e12857740 GCTaskThread "GC Thread#1" [stack: 0x000000e776b00000,0x000000e776c00000] [id=55644]
  0x0000021e12ae0440 GCTaskThread "GC Thread#2" [stack: 0x000000e776c00000,0x000000e776d00000] [id=20560]
  0x0000021e12c1cc60 GCTaskThread "GC Thread#3" [stack: 0x000000e776d00000,0x000000e776e00000] [id=4240]
  0x0000021e12c1ded0 GCTaskThread "GC Thread#4" [stack: 0x000000e776e00000,0x000000e776f00000] [id=23332]
  0x0000021e12c1e180 GCTaskThread "GC Thread#5" [stack: 0x000000e776f00000,0x000000e777000000] [id=55952]
  0x0000021e12b1f840 GCTaskThread "GC Thread#6" [stack: 0x000000e777000000,0x000000e777100000] [id=10864]
  0x0000021e12ed44a0 GCTaskThread "GC Thread#7" [stack: 0x000000e777100000,0x000000e777200000] [id=55444]
  0x0000021e77385740 ConcurrentGCThread "G1 Main Marker" [stack: 0x000000e775900000,0x000000e775a00000] [id=41292]
  0x0000021e77386150 ConcurrentGCThread "G1 Conc#0" [stack: 0x000000e775a00000,0x000000e775b00000] [id=8972]
  0x0000021e130c53c0 ConcurrentGCThread "G1 Conc#1" [stack: 0x000000e777200000,0x000000e777300000] [id=53672]
  0x0000021e773be330 ConcurrentGCThread "G1 Refine#0" [stack: 0x000000e775b00000,0x000000e775c00000] [id=13776]
  0x0000021e11050510 ConcurrentGCThread "G1 Service" [stack: 0x000000e775c00000,0x000000e775d00000] [id=1020]

Threads with active compile tasks:
C2 CompilerThread0    79486 5065   !   4       io.github.bonigarcia.wdm.config.Config::getPropertyFrom (86 bytes)

VM state: not at safepoint (normal execution)

VM Mutex/Monitor currently owned by a thread: None

Heap address: 0x0000000082e00000, size: 2002 MB, Compressed Oops mode: 32-bit

CDS archive(s) not mapped
Compressed class space mapped at: 0x0000000100000000-0x0000000140000000, reserved size: 1073741824
Narrow klass base: 0x0000000000000000, Narrow klass shift: 3, Narrow klass range: 0x140000000

GC Precious Log:
 CPUs: 8 total, 8 available
 Memory: 8006M
 Large Page Support: Disabled
 NUMA Support: Disabled
 Compressed Oops: Enabled (32-bit)
 Heap Region Size: 1M
 Heap Min Capacity: 8M
 Heap Initial Capacity: 126M
 Heap Max Capacity: 2002M
 Pre-touch: Disabled
 Parallel Workers: 8
 Concurrent Workers: 2
 Concurrent Refinement Workers: 8
 Periodic GC: Disabled

Heap:
 garbage-first heap   total 155648K, used 112199K [0x0000000082e00000, 0x0000000100000000)
  region size 1024K, 22 young (22528K), 1 survivors (1024K)
 Metaspace       used 49365K, committed 49728K, reserved 1097728K
  class space    used 5977K, committed 6144K, reserved 1048576K

Heap Regions: E=young(eden), S=young(survivor), O=old, HS=humongous(starts), HC=humongous(continues), CS=collection set, F=free, OA=open archive, CA=closed archive, TAMS=top-at-mark-start (previous, next)
|   0|0x0000000082e00000, 0x0000000082f00000, 0x0000000082f00000|100%| O|  |TAMS 0x0000000082f00000, 0x0000000082e00000| Untracked 
|   1|0x0000000082f00000, 0x0000000083000000, 0x0000000083000000|100%| O|  |TAMS 0x0000000083000000, 0x0000000082f00000| Untracked 
|   2|0x0000000083000000, 0x0000000083100000, 0x0000000083100000|100%| O|  |TAMS 0x0000000083100000, 0x0000000083000000| Untracked 
|   3|0x0000000083100000, 0x0000000083200000, 0x0000000083200000|100%| O|  |TAMS 0x0000000083200000, 0x0000000083100000| Untracked 
|   4|0x0000000083200000, 0x0000000083300000, 0x0000000083300000|100%| O|  |TAMS 0x0000000083300000, 0x0000000083200000| Untracked 
|   5|0x0000000083300000, 0x0000000083400000, 0x0000000083400000|100%| O|  |TAMS 0x0000000083400000, 0x0000000083300000| Untracked 
|   6|0x0000000083400000, 0x0000000083500000, 0x0000000083500000|100%| O|  |TAMS 0x0000000083500000, 0x0000000083400000| Untracked 
|   7|0x0000000083500000, 0x0000000083600000, 0x0000000083600000|100%| O|  |TAMS 0x0000000083600000, 0x0000000083500000| Untracked 
|   8|0x0000000083600000, 0x0000000083700000, 0x0000000083700000|100%| O|  |TAMS 0x0000000083700000, 0x0000000083600000| Untracked 
|   9|0x0000000083700000, 0x0000000083800000, 0x0000000083800000|100%| O|  |TAMS 0x0000000083800000, 0x0000000083700000| Untracked 
|  10|0x0000000083800000, 0x0000000083900000, 0x0000000083900000|100%| O|  |TAMS 0x0000000083900000, 0x0000000083800000| Untracked 
|  11|0x0000000083900000, 0x0000000083a00000, 0x0000000083a00000|100%| O|  |TAMS 0x0000000083a00000, 0x0000000083900000| Untracked 
|  12|0x0000000083a00000, 0x0000000083b00000, 0x0000000083b00000|100%| O|  |TAMS 0x0000000083b00000, 0x0000000083a00000| Untracked 
|  13|0x0000000083b00000, 0x0000000083c00000, 0x0000000083c00000|100%| O|  |TAMS 0x0000000083c00000, 0x0000000083b00000| Untracked 
|  14|0x0000000083c00000, 0x0000000083d00000, 0x0000000083d00000|100%| O|  |TAMS 0x0000000083d00000, 0x0000000083c00000| Untracked 
|  15|0x0000000083d00000, 0x0000000083e00000, 0x0000000083e00000|100%| O|  |TAMS 0x0000000083e00000, 0x0000000083d00000| Untracked 
|  16|0x0000000083e00000, 0x0000000083f00000, 0x0000000083f00000|100%| O|  |TAMS 0x0000000083f00000, 0x0000000083e00000| Untracked 
|  17|0x0000000083f00000, 0x0000000084000000, 0x0000000084000000|100%| O|  |TAMS 0x0000000083f00000, 0x0000000083f00000| Untracked 
|  18|0x0000000084000000, 0x0000000084077600, 0x0000000084100000| 46%| O|  |TAMS 0x0000000084000000, 0x0000000084000000| Untracked 
|  19|0x0000000084100000, 0x0000000084200000, 0x0000000084200000|100%| O|  |TAMS 0x0000000084200000, 0x0000000084100000| Untracked 
|  20|0x0000000084200000, 0x0000000084200000, 0x0000000084300000|  0%| F|  |TAMS 0x0000000084200000, 0x0000000084200000| Untracked 
|  21|0x0000000084300000, 0x0000000084400000, 0x0000000084400000|100%| O|  |TAMS 0x0000000084400000, 0x0000000084300000| Untracked 
|  22|0x0000000084400000, 0x0000000084500000, 0x0000000084500000|100%| O|  |TAMS 0x0000000084465c00, 0x0000000084400000| Untracked 
|  23|0x0000000084500000, 0x0000000084500000, 0x0000000084600000|  0%| F|  |TAMS 0x0000000084500000, 0x0000000084500000| Untracked 
|  24|0x0000000084600000, 0x0000000084700000, 0x0000000084700000|100%|HS|  |TAMS 0x0000000084700000, 0x0000000084600000| Complete 
|  25|0x0000000084700000, 0x0000000084800000, 0x0000000084800000|100%|HC|  |TAMS 0x0000000084800000, 0x0000000084700000| Complete 
|  26|0x0000000084800000, 0x0000000084900000, 0x0000000084900000|100%|HC|  |TAMS 0x0000000084900000, 0x0000000084800000| Complete 
|  27|0x0000000084900000, 0x0000000084a00000, 0x0000000084a00000|100%|HC|  |TAMS 0x0000000084a00000, 0x0000000084900000| Complete 
|  28|0x0000000084a00000, 0x0000000084b00000, 0x0000000084b00000|100%|HC|  |TAMS 0x0000000084b00000, 0x0000000084a00000| Complete 
|  29|0x0000000084b00000, 0x0000000084c00000, 0x0000000084c00000|100%|HC|  |TAMS 0x0000000084c00000, 0x0000000084b00000| Complete 
|  30|0x0000000084c00000, 0x0000000084d00000, 0x0000000084d00000|100%|HC|  |TAMS 0x0000000084d00000, 0x0000000084c00000| Complete 
|  31|0x0000000084d00000, 0x0000000084e00000, 0x0000000084e00000|100%|HC|  |TAMS 0x0000000084e00000, 0x0000000084d00000| Complete 
|  32|0x0000000084e00000, 0x0000000084f00000, 0x0000000084f00000|100%|HC|  |TAMS 0x0000000084f00000, 0x0000000084e00000| Complete 
|  33|0x0000000084f00000, 0x0000000085000000, 0x0000000085000000|100%|HC|  |TAMS 0x0000000085000000, 0x0000000084f00000| Complete 
|  34|0x0000000085000000, 0x0000000085100000, 0x0000000085100000|100%|HC|  |TAMS 0x0000000085100000, 0x0000000085000000| Complete 
|  35|0x0000000085100000, 0x0000000085200000, 0x0000000085200000|100%|HC|  |TAMS 0x0000000085200000, 0x0000000085100000| Complete 
|  36|0x0000000085200000, 0x0000000085300000, 0x0000000085300000|100%|HC|  |TAMS 0x0000000085300000, 0x0000000085200000| Complete 
|  37|0x0000000085300000, 0x0000000085400000, 0x0000000085400000|100%|HC|  |TAMS 0x0000000085400000, 0x0000000085300000| Complete 
|  38|0x0000000085400000, 0x0000000085500000, 0x0000000085500000|100%|HC|  |TAMS 0x0000000085500000, 0x0000000085400000| Complete 
|  39|0x0000000085500000, 0x0000000085600000, 0x0000000085600000|100%|HC|  |TAMS 0x0000000085600000, 0x0000000085500000| Complete 
|  40|0x0000000085600000, 0x0000000085700000, 0x0000000085700000|100%|HC|  |TAMS 0x0000000085700000, 0x0000000085600000| Complete 
|  41|0x0000000085700000, 0x0000000085700000, 0x0000000085800000|  0%| F|  |TAMS 0x0000000085700000, 0x0000000085700000| Untracked 
|  42|0x0000000085800000, 0x0000000085800000, 0x0000000085900000|  0%| F|  |TAMS 0x0000000085800000, 0x0000000085800000| Untracked 
|  43|0x0000000085900000, 0x0000000085900000, 0x0000000085a00000|  0%| F|  |TAMS 0x0000000085900000, 0x0000000085900000| Untracked 
|  44|0x0000000085a00000, 0x0000000085a00000, 0x0000000085b00000|  0%| F|  |TAMS 0x0000000085a00000, 0x0000000085a00000| Untracked 
|  45|0x0000000085b00000, 0x0000000085b00000, 0x0000000085c00000|  0%| F|  |TAMS 0x0000000085b00000, 0x0000000085b00000| Untracked 
|  46|0x0000000085c00000, 0x0000000085c00000, 0x0000000085d00000|  0%| F|  |TAMS 0x0000000085c00000, 0x0000000085c00000| Untracked 
|  47|0x0000000085d00000, 0x0000000085d00000, 0x0000000085e00000|  0%| F|  |TAMS 0x0000000085d00000, 0x0000000085d00000| Untracked 
|  48|0x0000000085e00000, 0x0000000085e00000, 0x0000000085f00000|  0%| F|  |TAMS 0x0000000085e00000, 0x0000000085e00000| Untracked 
|  49|0x0000000085f00000, 0x0000000085f00000, 0x0000000086000000|  0%| F|  |TAMS 0x0000000085f00000, 0x0000000085f00000| Untracked 
|  50|0x0000000086000000, 0x0000000086000000, 0x0000000086100000|  0%| F|  |TAMS 0x0000000086000000, 0x0000000086000000| Untracked 
|  51|0x0000000086100000, 0x0000000086100000, 0x0000000086200000|  0%| F|  |TAMS 0x0000000086100000, 0x0000000086100000| Untracked 
|  52|0x0000000086200000, 0x0000000086200000, 0x0000000086300000|  0%| F|  |TAMS 0x0000000086200000, 0x0000000086200000| Untracked 
|  53|0x0000000086300000, 0x0000000086300000, 0x0000000086400000|  0%| F|  |TAMS 0x0000000086300000, 0x0000000086300000| Untracked 
|  54|0x0000000086400000, 0x0000000086400000, 0x0000000086500000|  0%| F|  |TAMS 0x0000000086400000, 0x0000000086400000| Untracked 
|  55|0x0000000086500000, 0x0000000086500000, 0x0000000086600000|  0%| F|  |TAMS 0x0000000086500000, 0x0000000086500000| Untracked 
|  56|0x0000000086600000, 0x0000000086700000, 0x0000000086700000|100%|HS|  |TAMS 0x0000000086700000, 0x0000000086600000| Complete 
|  57|0x0000000086700000, 0x0000000086800000, 0x0000000086800000|100%|HC|  |TAMS 0x0000000086800000, 0x0000000086700000| Complete 
|  58|0x0000000086800000, 0x0000000086900000, 0x0000000086900000|100%|HC|  |TAMS 0x0000000086900000, 0x0000000086800000| Complete 
|  59|0x0000000086900000, 0x0000000086a00000, 0x0000000086a00000|100%|HC|  |TAMS 0x0000000086a00000, 0x0000000086900000| Complete 
|  60|0x0000000086a00000, 0x0000000086b00000, 0x0000000086b00000|100%|HC|  |TAMS 0x0000000086b00000, 0x0000000086a00000| Complete 
|  61|0x0000000086b00000, 0x0000000086c00000, 0x0000000086c00000|100%|HC|  |TAMS 0x0000000086c00000, 0x0000000086b00000| Complete 
|  62|0x0000000086c00000, 0x0000000086d00000, 0x0000000086d00000|100%|HC|  |TAMS 0x0000000086d00000, 0x0000000086c00000| Complete 
|  63|0x0000000086d00000, 0x0000000086e00000, 0x0000000086e00000|100%|HC|  |TAMS 0x0000000086e00000, 0x0000000086d00000| Complete 
|  64|0x0000000086e00000, 0x0000000086f00000, 0x0000000086f00000|100%|HC|  |TAMS 0x0000000086f00000, 0x0000000086e00000| Complete 
|  65|0x0000000086f00000, 0x0000000087000000, 0x0000000087000000|100%|HC|  |TAMS 0x0000000087000000, 0x0000000086f00000| Complete 
|  66|0x0000000087000000, 0x0000000087100000, 0x0000000087100000|100%|HC|  |TAMS 0x0000000087100000, 0x0000000087000000| Complete 
|  67|0x0000000087100000, 0x0000000087200000, 0x0000000087200000|100%|HC|  |TAMS 0x0000000087200000, 0x0000000087100000| Complete 
|  68|0x0000000087200000, 0x0000000087300000, 0x0000000087300000|100%|HC|  |TAMS 0x0000000087300000, 0x0000000087200000| Complete 
|  69|0x0000000087300000, 0x0000000087400000, 0x0000000087400000|100%|HC|  |TAMS 0x0000000087400000, 0x0000000087300000| Complete 
|  70|0x0000000087400000, 0x0000000087500000, 0x0000000087500000|100%|HC|  |TAMS 0x0000000087500000, 0x0000000087400000| Complete 
|  71|0x0000000087500000, 0x0000000087600000, 0x0000000087600000|100%|HC|  |TAMS 0x0000000087600000, 0x0000000087500000| Complete 
|  72|0x0000000087600000, 0x0000000087700000, 0x0000000087700000|100%|HC|  |TAMS 0x0000000087700000, 0x0000000087600000| Complete 
|  73|0x0000000087700000, 0x0000000087700000, 0x0000000087800000|  0%| F|  |TAMS 0x0000000087700000, 0x0000000087700000| Untracked 
|  74|0x0000000087800000, 0x0000000087800000, 0x0000000087900000|  0%| F|  |TAMS 0x0000000087800000, 0x0000000087800000| Untracked 
|  75|0x0000000087900000, 0x0000000087900000, 0x0000000087a00000|  0%| F|  |TAMS 0x0000000087900000, 0x0000000087900000| Untracked 
|  76|0x0000000087a00000, 0x0000000087a00000, 0x0000000087b00000|  0%| F|  |TAMS 0x0000000087a00000, 0x0000000087a00000| Untracked 
|  77|0x0000000087b00000, 0x0000000087b00000, 0x0000000087c00000|  0%| F|  |TAMS 0x0000000087b00000, 0x0000000087b00000| Untracked 
|  78|0x0000000087c00000, 0x0000000087c00000, 0x0000000087d00000|  0%| F|  |TAMS 0x0000000087c00000, 0x0000000087c00000| Untracked 
|  79|0x0000000087d00000, 0x0000000087d00000, 0x0000000087e00000|  0%| F|  |TAMS 0x0000000087d00000, 0x0000000087d00000| Untracked 
|  80|0x0000000087e00000, 0x0000000087e00000, 0x0000000087f00000|  0%| F|  |TAMS 0x0000000087e00000, 0x0000000087e00000| Untracked 
|  81|0x0000000087f00000, 0x0000000087f00000, 0x0000000088000000|  0%| F|  |TAMS 0x0000000087f00000, 0x0000000087f00000| Untracked 
|  82|0x0000000088000000, 0x0000000088000000, 0x0000000088100000|  0%| F|  |TAMS 0x0000000088000000, 0x0000000088000000| Untracked 
|  83|0x0000000088100000, 0x0000000088200000, 0x0000000088200000|100%|HS|  |TAMS 0x0000000088200000, 0x0000000088100000| Complete 
|  84|0x0000000088200000, 0x0000000088300000, 0x0000000088300000|100%|HC|  |TAMS 0x0000000088300000, 0x0000000088200000| Complete 
|  85|0x0000000088300000, 0x0000000088400000, 0x0000000088400000|100%|HC|  |TAMS 0x0000000088400000, 0x0000000088300000| Complete 
|  86|0x0000000088400000, 0x0000000088500000, 0x0000000088500000|100%|HC|  |TAMS 0x0000000088500000, 0x0000000088400000| Complete 
|  87|0x0000000088500000, 0x0000000088600000, 0x0000000088600000|100%|HC|  |TAMS 0x0000000088600000, 0x0000000088500000| Complete 
|  88|0x0000000088600000, 0x0000000088700000, 0x0000000088700000|100%|HC|  |TAMS 0x0000000088700000, 0x0000000088600000| Complete 
|  89|0x0000000088700000, 0x0000000088800000, 0x0000000088800000|100%|HC|  |TAMS 0x0000000088800000, 0x0000000088700000| Complete 
|  90|0x0000000088800000, 0x0000000088900000, 0x0000000088900000|100%|HC|  |TAMS 0x0000000088900000, 0x0000000088800000| Complete 
|  91|0x0000000088900000, 0x0000000088a00000, 0x0000000088a00000|100%|HC|  |TAMS 0x0000000088a00000, 0x0000000088900000| Complete 
|  92|0x0000000088a00000, 0x0000000088b00000, 0x0000000088b00000|100%|HC|  |TAMS 0x0000000088b00000, 0x0000000088a00000| Complete 
|  93|0x0000000088b00000, 0x0000000088c00000, 0x0000000088c00000|100%|HC|  |TAMS 0x0000000088c00000, 0x0000000088b00000| Complete 
|  94|0x0000000088c00000, 0x0000000088d00000, 0x0000000088d00000|100%|HC|  |TAMS 0x0000000088d00000, 0x0000000088c00000| Complete 
|  95|0x0000000088d00000, 0x0000000088e00000, 0x0000000088e00000|100%|HC|  |TAMS 0x0000000088e00000, 0x0000000088d00000| Complete 
|  96|0x0000000088e00000, 0x0000000088f00000, 0x0000000088f00000|100%|HC|  |TAMS 0x0000000088f00000, 0x0000000088e00000| Complete 
|  97|0x0000000088f00000, 0x0000000089000000, 0x0000000089000000|100%|HC|  |TAMS 0x0000000089000000, 0x0000000088f00000| Complete 
|  98|0x0000000089000000, 0x0000000089100000, 0x0000000089100000|100%|HC|  |TAMS 0x0000000089100000, 0x0000000089000000| Complete 
|  99|0x0000000089100000, 0x0000000089200000, 0x0000000089200000|100%|HC|  |TAMS 0x0000000089200000, 0x0000000089100000| Complete 
| 100|0x0000000089200000, 0x0000000089200000, 0x0000000089300000|  0%| F|  |TAMS 0x0000000089200000, 0x0000000089200000| Untracked 
| 101|0x0000000089300000, 0x0000000089300000, 0x0000000089400000|  0%| F|  |TAMS 0x0000000089300000, 0x0000000089300000| Untracked 
| 102|0x0000000089400000, 0x0000000089400000, 0x0000000089500000|  0%| F|  |TAMS 0x0000000089400000, 0x0000000089400000| Untracked 
| 103|0x0000000089500000, 0x0000000089500000, 0x0000000089600000|  0%| F|  |TAMS 0x0000000089500000, 0x0000000089500000| Untracked 
| 104|0x0000000089600000, 0x0000000089700000, 0x0000000089700000|100%|HS|  |TAMS 0x0000000089600000, 0x0000000089600000| Complete 
| 105|0x0000000089700000, 0x0000000089800000, 0x0000000089800000|100%|HC|  |TAMS 0x0000000089700000, 0x0000000089700000| Complete 
| 106|0x0000000089800000, 0x0000000089900000, 0x0000000089900000|100%|HC|  |TAMS 0x0000000089800000, 0x0000000089800000| Complete 
| 107|0x0000000089900000, 0x0000000089a00000, 0x0000000089a00000|100%|HC|  |TAMS 0x0000000089900000, 0x0000000089900000| Complete 
| 108|0x0000000089a00000, 0x0000000089b00000, 0x0000000089b00000|100%|HC|  |TAMS 0x0000000089a00000, 0x0000000089a00000| Complete 
| 109|0x0000000089b00000, 0x0000000089c00000, 0x0000000089c00000|100%|HC|  |TAMS 0x0000000089b00000, 0x0000000089b00000| Complete 
| 110|0x0000000089c00000, 0x0000000089d00000, 0x0000000089d00000|100%|HC|  |TAMS 0x0000000089c00000, 0x0000000089c00000| Complete 
| 111|0x0000000089d00000, 0x0000000089e00000, 0x0000000089e00000|100%|HC|  |TAMS 0x0000000089d00000, 0x0000000089d00000| Complete 
| 112|0x0000000089e00000, 0x0000000089f00000, 0x0000000089f00000|100%|HC|  |TAMS 0x0000000089e00000, 0x0000000089e00000| Complete 
| 113|0x0000000089f00000, 0x000000008a000000, 0x000000008a000000|100%|HC|  |TAMS 0x0000000089f00000, 0x0000000089f00000| Complete 
| 114|0x000000008a000000, 0x000000008a100000, 0x000000008a100000|100%|HC|  |TAMS 0x000000008a000000, 0x000000008a000000| Complete 
| 115|0x000000008a100000, 0x000000008a200000, 0x000000008a200000|100%|HC|  |TAMS 0x000000008a100000, 0x000000008a100000| Complete 
| 116|0x000000008a200000, 0x000000008a300000, 0x000000008a300000|100%|HC|  |TAMS 0x000000008a200000, 0x000000008a200000| Complete 
| 117|0x000000008a300000, 0x000000008a400000, 0x000000008a400000|100%|HC|  |TAMS 0x000000008a300000, 0x000000008a300000| Complete 
| 118|0x000000008a400000, 0x000000008a500000, 0x000000008a500000|100%|HC|  |TAMS 0x000000008a400000, 0x000000008a400000| Complete 
| 119|0x000000008a500000, 0x000000008a600000, 0x000000008a600000|100%|HC|  |TAMS 0x000000008a500000, 0x000000008a500000| Complete 
| 120|0x000000008a600000, 0x000000008a700000, 0x000000008a700000|100%|HC|  |TAMS 0x000000008a600000, 0x000000008a600000| Complete 
| 121|0x000000008a700000, 0x000000008a700000, 0x000000008a800000|  0%| F|  |TAMS 0x000000008a700000, 0x000000008a700000| Untracked 
| 122|0x000000008a800000, 0x000000008a800000, 0x000000008a900000|  0%| F|  |TAMS 0x000000008a800000, 0x000000008a800000| Untracked 
| 123|0x000000008a900000, 0x000000008a900000, 0x000000008aa00000|  0%| F|  |TAMS 0x000000008a900000, 0x000000008a900000| Untracked 
| 124|0x000000008aa00000, 0x000000008aa00000, 0x000000008ab00000|  0%| F|  |TAMS 0x000000008aa00000, 0x000000008aa00000| Untracked 
| 125|0x000000008ab00000, 0x000000008ab00000, 0x000000008ac00000|  0%| F|  |TAMS 0x000000008ab00000, 0x000000008ab00000| Untracked 
| 126|0x000000008ac00000, 0x000000008ac00000, 0x000000008ad00000|  0%| F|  |TAMS 0x000000008ac00000, 0x000000008ac00000| Untracked 
| 127|0x000000008ad00000, 0x000000008ad00000, 0x000000008ae00000|  0%| F|  |TAMS 0x000000008ad00000, 0x000000008ad00000| Untracked 
| 128|0x000000008ae00000, 0x000000008ae00000, 0x000000008af00000|  0%| F|  |TAMS 0x000000008ae00000, 0x000000008ae00000| Untracked 
| 129|0x000000008af00000, 0x000000008af00000, 0x000000008b000000|  0%| F|  |TAMS 0x000000008af00000, 0x000000008af00000| Untracked 
| 130|0x000000008b000000, 0x000000008b044c80, 0x000000008b100000| 26%| E|  |TAMS 0x000000008b000000, 0x000000008b000000| Complete 
| 131|0x000000008b100000, 0x000000008b200000, 0x000000008b200000|100%| E|CS|TAMS 0x000000008b100000, 0x000000008b100000| Complete 
| 132|0x000000008b200000, 0x000000008b300000, 0x000000008b300000|100%| E|CS|TAMS 0x000000008b200000, 0x000000008b200000| Complete 
| 133|0x000000008b300000, 0x000000008b400000, 0x000000008b400000|100%| E|CS|TAMS 0x000000008b300000, 0x000000008b300000| Complete 
| 134|0x000000008b400000, 0x000000008b500000, 0x000000008b500000|100%| E|CS|TAMS 0x000000008b400000, 0x000000008b400000| Complete 
| 135|0x000000008b500000, 0x000000008b600000, 0x000000008b600000|100%| E|CS|TAMS 0x000000008b500000, 0x000000008b500000| Complete 
| 136|0x000000008b600000, 0x000000008b700000, 0x000000008b700000|100%| E|CS|TAMS 0x000000008b600000, 0x000000008b600000| Complete 
| 137|0x000000008b700000, 0x000000008b800000, 0x000000008b800000|100%| E|CS|TAMS 0x000000008b700000, 0x000000008b700000| Complete 
| 138|0x000000008b800000, 0x000000008b900000, 0x000000008b900000|100%| E|CS|TAMS 0x000000008b800000, 0x000000008b800000| Complete 
| 139|0x000000008b900000, 0x000000008ba00000, 0x000000008ba00000|100%| E|CS|TAMS 0x000000008b900000, 0x000000008b900000| Complete 
| 140|0x000000008ba00000, 0x000000008bb00000, 0x000000008bb00000|100%| E|CS|TAMS 0x000000008ba00000, 0x000000008ba00000| Complete 
| 141|0x000000008bb00000, 0x000000008bc00000, 0x000000008bc00000|100%| E|CS|TAMS 0x000000008bb00000, 0x000000008bb00000| Complete 
| 142|0x000000008bc00000, 0x000000008bd00000, 0x000000008bd00000|100%| E|CS|TAMS 0x000000008bc00000, 0x000000008bc00000| Complete 
| 143|0x000000008bd00000, 0x000000008be00000, 0x000000008be00000|100%| E|CS|TAMS 0x000000008bd00000, 0x000000008bd00000| Complete 
| 144|0x000000008be00000, 0x000000008bf00000, 0x000000008bf00000|100%| E|CS|TAMS 0x000000008be00000, 0x000000008be00000| Complete 
| 145|0x000000008bf00000, 0x000000008c000000, 0x000000008c000000|100%| E|CS|TAMS 0x000000008bf00000, 0x000000008bf00000| Complete 
| 146|0x000000008c000000, 0x000000008c01a600, 0x000000008c100000| 10%| S|CS|TAMS 0x000000008c000000, 0x000000008c000000| Complete 
| 147|0x000000008c100000, 0x000000008c200000, 0x000000008c200000|100%| E|CS|TAMS 0x000000008c100000, 0x000000008c100000| Complete 
| 148|0x000000008c200000, 0x000000008c300000, 0x000000008c300000|100%| E|CS|TAMS 0x000000008c200000, 0x000000008c200000| Complete 
| 149|0x000000008c300000, 0x000000008c400000, 0x000000008c400000|100%| E|CS|TAMS 0x000000008c300000, 0x000000008c300000| Complete 
| 150|0x000000008c400000, 0x000000008c500000, 0x000000008c500000|100%| E|CS|TAMS 0x000000008c400000, 0x000000008c400000| Complete 
| 151|0x000000008c500000, 0x000000008c600000, 0x000000008c600000|100%| E|CS|TAMS 0x000000008c500000, 0x000000008c500000| Complete 

Card table byte_map: [0x0000021e7b0d0000,0x0000021e7b4c0000] _byte_map_base: 0x0000021e7acb9000

Marking Bits (Prev, Next): (CMBitMap*) 0x0000021e773753d0, (CMBitMap*) 0x0000021e77375410
 Prev Bits: [0x0000021e7b8b0000, 0x0000021e7d7f8000)
 Next Bits: [0x0000021e7d800000, 0x0000021e7f748000)

Polling page: 0x0000021e76ac0000

Metaspace:

Usage:
  Non-class:     42.37 MB used.
      Class:      5.84 MB used.
       Both:     48.21 MB used.

Virtual space:
  Non-class space:       48.00 MB reserved,      42.56 MB ( 89%) committed,  6 nodes.
      Class space:        1.00 GB reserved,       6.00 MB ( <1%) committed,  1 nodes.
             Both:        1.05 GB reserved,      48.56 MB (  5%) committed. 

Chunk freelists:
   Non-Class:  656.00 KB
       Class:  1.97 MB
        Both:  2.61 MB

MaxMetaspaceSize: unlimited
CompressedClassSpaceSize: 1.00 GB
Initial GC threshold: 21.00 MB
Current GC threshold: 79.81 MB
CDS: off
MetaspaceReclaimPolicy: balanced
 - commit_granule_bytes: 65536.
 - commit_granule_words: 8192.
 - virtual_space_node_default_size: 1048576.
 - enlarge_chunks_in_place: 1.
 - new_chunks_are_fully_committed: 0.
 - uncommit_free_chunks: 1.
 - use_allocation_guard: 0.
 - handle_deallocations: 1.


Internal statistics:

num_allocs_failed_limit: 6.
num_arena_births: 416.
num_arena_deaths: 0.
num_vsnodes_births: 7.
num_vsnodes_deaths: 0.
num_space_committed: 776.
num_space_uncommitted: 0.
num_chunks_returned_to_freelist: 6.
num_chunks_taken_from_freelist: 1606.
num_chunk_merges: 0.
num_chunk_splits: 1105.
num_chunks_enlarged: 846.
num_purges: 0.
num_inconsistent_stats: 0.

CodeHeap 'non-profiled nmethods': size=120000Kb used=2855Kb max_used=2855Kb free=117144Kb
 bounds [0x0000021e07ad0000, 0x0000021e07da0000, 0x0000021e0f000000]
CodeHeap 'profiled nmethods': size=120000Kb used=10854Kb max_used=10854Kb free=109145Kb
 bounds [0x0000021e005a0000, 0x0000021e01040000, 0x0000021e07ad0000]
CodeHeap 'non-nmethods': size=5760Kb used=1334Kb max_used=1422Kb free=4425Kb
 bounds [0x0000021e00000000, 0x0000021e00270000, 0x0000021e005a0000]
 total_blobs=5925 nmethods=5264 adapters=573
 compilation: enabled
              stopped_count=0, restarted_count=0
 full_count=0

Compilation events (20 events):
Event: 77.078 Thread 0x0000021e11c6af90 5079       3       java.util.TreeMap$TreeMapSpliterator::estimateSize (6 bytes)
Event: 77.078 Thread 0x0000021e11c6af90 nmethod 5079 0x0000021e00f82590 code [0x0000021e00f82720, 0x0000021e00f82868]
Event: 77.078 Thread 0x0000021e11c6af90 5080       3       java.util.TreeMap$TreeMapSpliterator::getEstimate (68 bytes)
Event: 77.079 Thread 0x0000021e11c6af90 nmethod 5080 0x0000021e00f82910 code [0x0000021e00f82ae0, 0x0000021e00f82ff8]
Event: 77.079 Thread 0x0000021e11c6af90 5083       3       java.util.stream.AbstractPipeline::exactOutputSizeIfKnown (86 bytes)
Event: 77.080 Thread 0x0000021e11c6af90 nmethod 5083 0x0000021e00f83210 code [0x0000021e00f83400, 0x0000021e00f83aa8]
Event: 77.080 Thread 0x0000021e11c6af90 5081       3       java.util.TreeMap$TreeMapSpliterator::<init> (38 bytes)
Event: 77.080 Thread 0x0000021e11c6af90 nmethod 5081 0x0000021e00f83d10 code [0x0000021e00f83ec0, 0x0000021e00f84158]
Event: 77.080 Thread 0x0000021e11c6af90 5082       3       java.util.stream.ReferencePipeline$StatefulOp::<init> (29 bytes)
Event: 77.081 Thread 0x0000021e11c6af90 nmethod 5082 0x0000021e00f84210 code [0x0000021e00f843c0, 0x0000021e00f84588]
Event: 77.085 Thread 0x0000021e11c6af90 5084       3       java.util.List::of (4 bytes)
Event: 77.085 Thread 0x0000021e11c6af90 nmethod 5084 0x0000021e00f84690 code [0x0000021e00f84820, 0x0000021e00f84918]
Event: 77.137 Thread 0x0000021e11c6af90 5085       3       java.security.AccessControlContext::combine (205 bytes)
Event: 77.139 Thread 0x0000021e11c6af90 nmethod 5085 0x0000021e00f84990 code [0x0000021e00f84bc0, 0x0000021e00f85758]
Event: 77.148 Thread 0x0000021e11c6af90 5086       3       java.lang.ProcessEnvironment::put (16 bytes)
Event: 77.149 Thread 0x0000021e11c6af90 nmethod 5086 0x0000021e00f85a90 code [0x0000021e00f85c60, 0x0000021e00f85f08]
Event: 77.149 Thread 0x0000021e11c6af90 5087       3       java.lang.ProcessEnvironment::validateName (54 bytes)
Event: 77.151 Thread 0x0000021e11c6af90 nmethod 5087 0x0000021e00f86010 code [0x0000021e00f862c0, 0x0000021e00f86e68]
Event: 77.151 Thread 0x0000021e11c6af90 5088       3       java.lang.ProcessEnvironment::validateValue (43 bytes)
Event: 77.154 Thread 0x0000021e11c6af90 nmethod 5088 0x0000021e00f87290 code [0x0000021e00f87500, 0x0000021e00f87e68]

GC Heap History (20 events):
Event: 25.389 GC heap before
{Heap before GC invocations=13 (full 0):
 garbage-first heap   total 75776K, used 59867K [0x0000000082e00000, 0x0000000100000000)
  region size 1024K, 24 young (24576K), 1 survivors (1024K)
 Metaspace       used 45136K, committed 45504K, reserved 1089536K
  class space    used 5453K, committed 5632K, reserved 1048576K
}
Event: 25.392 GC heap after
{Heap after GC invocations=14 (full 0):
 garbage-first heap   total 75776K, used 36232K [0x0000000082e00000, 0x0000000100000000)
  region size 1024K, 1 young (1024K), 1 survivors (1024K)
 Metaspace       used 45136K, committed 45504K, reserved 1089536K
  class space    used 5453K, committed 5632K, reserved 1048576K
}
Event: 25.545 GC heap before
{Heap before GC invocations=15 (full 0):
 garbage-first heap   total 75776K, used 60808K [0x0000000082e00000, 0x0000000100000000)
  region size 1024K, 25 young (25600K), 1 survivors (1024K)
 Metaspace       used 45159K, committed 45504K, reserved 1089536K
  class space    used 5455K, committed 5632K, reserved 1048576K
}
Event: 25.547 GC heap after
{Heap after GC invocations=16 (full 0):
 garbage-first heap   total 75776K, used 36223K [0x0000000082e00000, 0x0000000100000000)
  region size 1024K, 1 young (1024K), 1 survivors (1024K)
 Metaspace       used 45159K, committed 45504K, reserved 1089536K
  class space    used 5455K, committed 5632K, reserved 1048576K
}
Event: 25.800 GC heap before
{Heap before GC invocations=16 (full 0):
 garbage-first heap   total 75776K, used 38271K [0x0000000082e00000, 0x0000000100000000)
  region size 1024K, 4 young (4096K), 1 survivors (1024K)
 Metaspace       used 45169K, committed 45568K, reserved 1089536K
  class space    used 5455K, committed 5632K, reserved 1048576K
}
Event: 25.802 GC heap after
{Heap after GC invocations=17 (full 0):
 garbage-first heap   total 93184K, used 36380K [0x0000000082e00000, 0x0000000100000000)
  region size 1024K, 1 young (1024K), 1 survivors (1024K)
 Metaspace       used 45169K, committed 45568K, reserved 1089536K
  class space    used 5455K, committed 5632K, reserved 1048576K
}
Event: 42.352 GC heap before
{Heap before GC invocations=17 (full 0):
 garbage-first heap   total 93184K, used 87580K [0x0000000082e00000, 0x0000000100000000)
  region size 1024K, 35 young (35840K), 1 survivors (1024K)
 Metaspace       used 48508K, committed 48832K, reserved 1097728K
  class space    used 5912K, committed 6080K, reserved 1048576K
}
Event: 42.357 GC heap after
{Heap after GC invocations=18 (full 0):
 garbage-first heap   total 93184K, used 55731K [0x0000000082e00000, 0x0000000100000000)
  region size 1024K, 3 young (3072K), 3 survivors (3072K)
 Metaspace       used 48508K, committed 48832K, reserved 1097728K
  class space    used 5912K, committed 6080K, reserved 1048576K
}
Event: 42.527 GC heap before
{Heap before GC invocations=18 (full 0):
 garbage-first heap   total 93184K, used 78259K [0x0000000082e00000, 0x0000000100000000)
  region size 1024K, 25 young (25600K), 3 survivors (3072K)
 Metaspace       used 48508K, committed 48832K, reserved 1097728K
  class space    used 5912K, committed 6080K, reserved 1048576K
}
Event: 42.531 GC heap after
{Heap after GC invocations=19 (full 0):
 garbage-first heap   total 93184K, used 55907K [0x0000000082e00000, 0x0000000100000000)
  region size 1024K, 1 young (1024K), 1 survivors (1024K)
 Metaspace       used 48508K, committed 48832K, reserved 1097728K
  class space    used 5912K, committed 6080K, reserved 1048576K
}
Event: 42.822 GC heap before
{Heap before GC invocations=20 (full 0):
 garbage-first heap   total 102400K, used 72291K [0x0000000082e00000, 0x0000000100000000)
  region size 1024K, 18 young (18432K), 1 survivors (1024K)
 Metaspace       used 48529K, committed 48896K, reserved 1097728K
  class space    used 5912K, committed 6080K, reserved 1048576K
}
Event: 42.823 GC heap after
{Heap after GC invocations=21 (full 0):
 garbage-first heap   total 102400K, used 56005K [0x0000000082e00000, 0x0000000100000000)
  region size 1024K, 1 young (1024K), 1 survivors (1024K)
 Metaspace       used 48529K, committed 48896K, reserved 1097728K
  class space    used 5912K, committed 6080K, reserved 1048576K
}
Event: 49.719 GC heap before
{Heap before GC invocations=22 (full 0):
 garbage-first heap   total 126976K, used 104133K [0x0000000082e00000, 0x0000000100000000)
  region size 1024K, 31 young (31744K), 1 survivors (1024K)
 Metaspace       used 48635K, committed 49024K, reserved 1097728K
  class space    used 5912K, committed 6080K, reserved 1048576K
}
Event: 49.721 GC heap after
{Heap after GC invocations=23 (full 0):
 garbage-first heap   total 126976K, used 73819K [0x0000000082e00000, 0x0000000100000000)
  region size 1024K, 1 young (1024K), 1 survivors (1024K)
 Metaspace       used 48635K, committed 49024K, reserved 1097728K
  class space    used 5912K, committed 6080K, reserved 1048576K
}
Event: 50.504 GC heap before
{Heap before GC invocations=23 (full 0):
 garbage-first heap   total 126976K, used 93275K [0x0000000082e00000, 0x0000000100000000)
  region size 1024K, 21 young (21504K), 1 survivors (1024K)
 Metaspace       used 48665K, committed 49024K, reserved 1097728K
  class space    used 5912K, committed 6080K, reserved 1048576K
}
Event: 50.506 GC heap after
{Heap after GC invocations=24 (full 0):
 garbage-first heap   total 126976K, used 73996K [0x0000000082e00000, 0x0000000100000000)
  region size 1024K, 1 young (1024K), 1 survivors (1024K)
 Metaspace       used 48665K, committed 49024K, reserved 1097728K
  class space    used 5912K, committed 6080K, reserved 1048576K
}
Event: 76.710 GC heap before
{Heap before GC invocations=25 (full 0):
 garbage-first heap   total 155648K, used 126220K [0x0000000082e00000, 0x0000000100000000)
  region size 1024K, 35 young (35840K), 1 survivors (1024K)
 Metaspace       used 49053K, committed 49472K, reserved 1097728K
  class space    used 5948K, committed 6144K, reserved 1048576K
}
Event: 76.720 GC heap after
{Heap after GC invocations=26 (full 0):
 garbage-first heap   total 155648K, used 91883K [0x0000000082e00000, 0x0000000100000000)
  region size 1024K, 2 young (2048K), 2 survivors (2048K)
 Metaspace       used 49053K, committed 49472K, reserved 1097728K
  class space    used 5948K, committed 6144K, reserved 1048576K
}
Event: 76.786 GC heap before
{Heap before GC invocations=26 (full 0):
 garbage-first heap   total 155648K, used 95979K [0x0000000082e00000, 0x0000000100000000)
  region size 1024K, 7 young (7168K), 2 survivors (2048K)
 Metaspace       used 49053K, committed 49472K, reserved 1097728K
  class space    used 5948K, committed 6144K, reserved 1048576K
}
Event: 76.794 GC heap after
{Heap after GC invocations=27 (full 0):
 garbage-first heap   total 155648K, used 91719K [0x0000000082e00000, 0x0000000100000000)
  region size 1024K, 1 young (1024K), 1 survivors (1024K)
 Metaspace       used 49053K, committed 49472K, reserved 1097728K
  class space    used 5948K, committed 6144K, reserved 1048576K
}

Dll operation events (9 events):
Event: 0.026 Loaded shared library C:\Users\chidy\.p2\pool\plugins\org.eclipse.justj.openjdk.hotspot.jre.full.win32.x86_64_17.0.5.v20221102-0933\jre\bin\java.dll
Event: 0.385 Loaded shared library C:\Users\chidy\.p2\pool\plugins\org.eclipse.justj.openjdk.hotspot.jre.full.win32.x86_64_17.0.5.v20221102-0933\jre\bin\net.dll
Event: 0.389 Loaded shared library C:\Users\chidy\.p2\pool\plugins\org.eclipse.justj.openjdk.hotspot.jre.full.win32.x86_64_17.0.5.v20221102-0933\jre\bin\nio.dll
Event: 0.408 Loaded shared library C:\Users\chidy\.p2\pool\plugins\org.eclipse.justj.openjdk.hotspot.jre.full.win32.x86_64_17.0.5.v20221102-0933\jre\bin\zip.dll
Event: 0.586 Loaded shared library C:\Users\chidy\.p2\pool\plugins\org.eclipse.justj.openjdk.hotspot.jre.full.win32.x86_64_17.0.5.v20221102-0933\jre\bin\verify.dll
Event: 0.785 Loaded shared library C:\Users\chidy\.p2\pool\plugins\org.eclipse.justj.openjdk.hotspot.jre.full.win32.x86_64_17.0.5.v20221102-0933\jre\bin\jimage.dll
Event: 3.472 Loaded shared library C:\Users\chidy\.p2\pool\plugins\org.eclipse.justj.openjdk.hotspot.jre.full.win32.x86_64_17.0.5.v20221102-0933\jre\bin\sunmscapi.dll
Event: 6.776 Loaded shared library C:\Users\chidy\.p2\pool\plugins\org.eclipse.justj.openjdk.hotspot.jre.full.win32.x86_64_17.0.5.v20221102-0933\jre\bin\management.dll
Event: 6.783 Loaded shared library C:\Users\chidy\.p2\pool\plugins\org.eclipse.justj.openjdk.hotspot.jre.full.win32.x86_64_17.0.5.v20221102-0933\jre\bin\management_ext.dll

Deoptimization events (20 events):
Event: 74.967 Thread 0x0000021e7731aab0 Uncommon trap: trap_request=0xffffff45 fr.pc=0x0000021e07b96920 relative=0x0000000000000280
Event: 74.967 Thread 0x0000021e7731aab0 Uncommon trap: reason=unstable_if action=reinterpret pc=0x0000021e07b96920 method=java.util.regex.Matcher.reset()Ljava/util/regex/Matcher; @ 80 c2
Event: 74.967 Thread 0x0000021e7731aab0 DEOPT PACKING pc=0x0000021e07b96920 sp=0x000000e7757fe2d0
Event: 74.967 Thread 0x0000021e7731aab0 DEOPT UNPACKING pc=0x0000021e000523a3 sp=0x000000e7757fe268 mode 2
Event: 74.994 Thread 0x0000021e7731aab0 Uncommon trap: trap_request=0xffffff45 fr.pc=0x0000021e07d43b70 relative=0x0000000000000d30
Event: 74.994 Thread 0x0000021e7731aab0 Uncommon trap: reason=unstable_if action=reinterpret pc=0x0000021e07d43b70 method=java.util.regex.Pattern.sequence(Ljava/util/regex/Pattern$Node;)Ljava/util/regex/Pattern$Node; @ 234 c2
Event: 74.994 Thread 0x0000021e7731aab0 DEOPT PACKING pc=0x0000021e07d43b70 sp=0x000000e7757fd7d0
Event: 74.994 Thread 0x0000021e7731aab0 DEOPT UNPACKING pc=0x0000021e000523a3 sp=0x000000e7757fd768 mode 2
Event: 75.013 Thread 0x0000021e7731aab0 Uncommon trap: trap_request=0xffffff45 fr.pc=0x0000021e07b9762c relative=0x00000000000000ac
Event: 75.013 Thread 0x0000021e7731aab0 Uncommon trap: reason=unstable_if action=reinterpret pc=0x0000021e07b9762c method=java.util.regex.CharPredicates.lambda$ASCII_SPACE$20(I)Z @ 4 c2
Event: 75.013 Thread 0x0000021e7731aab0 DEOPT PACKING pc=0x0000021e07b9762c sp=0x000000e7757fd420
Event: 75.013 Thread 0x0000021e7731aab0 DEOPT UNPACKING pc=0x0000021e000523a3 sp=0x000000e7757fd348 mode 2
Event: 75.095 Thread 0x0000021e7731aab0 Uncommon trap: trap_request=0xffffffcc fr.pc=0x0000021e07d80be8 relative=0x0000000000000348
Event: 75.095 Thread 0x0000021e7731aab0 Uncommon trap: reason=intrinsic_or_type_checked_inlining action=make_not_entrant pc=0x0000021e07d80be8 method=java.util.Arrays.copyOf([Ljava/lang/Object;ILjava/lang/Class;)[Ljava/lang/Object; @ 35 c2
Event: 75.095 Thread 0x0000021e7731aab0 DEOPT PACKING pc=0x0000021e07d80be8 sp=0x000000e7757fe010
Event: 75.095 Thread 0x0000021e7731aab0 DEOPT UNPACKING pc=0x0000021e000523a3 sp=0x000000e7757fdfa0 mode 2
Event: 76.445 Thread 0x0000021e7731aab0 Uncommon trap: trap_request=0xffffffcc fr.pc=0x0000021e07d8e29c relative=0x000000000000179c
Event: 76.445 Thread 0x0000021e7731aab0 Uncommon trap: reason=intrinsic_or_type_checked_inlining action=make_not_entrant pc=0x0000021e07d8e29c method=java.util.ArrayList$SubList.toArray([Ljava/lang/Object;)[Ljava/lang/Object; @ 58 c2
Event: 76.445 Thread 0x0000021e7731aab0 DEOPT PACKING pc=0x0000021e07d8e29c sp=0x000000e7757fd460
Event: 76.445 Thread 0x0000021e7731aab0 DEOPT UNPACKING pc=0x0000021e000523a3 sp=0x000000e7757fd3a8 mode 2

Classes unloaded (0 events):
No events

Classes redefined (0 events):
No events

Internal exceptions (20 events):
Event: 50.387 Thread 0x0000021e135e8fe0 Exception <a 'java/net/ConnectException'{0x000000008979ff70}: Connection refused: no further information> (0x000000008979ff70) 
thrown [s\src\hotspot\share\prims\jni.cpp, line 535]
Event: 50.387 Thread 0x0000021e135e8fe0 Exception <a 'java/net/SocketException'{0x00000000897a02a8}: Socket is not connected: shutdown> (0x00000000897a02a8) 
thrown [s\src\hotspot\share\prims\jni.cpp, line 535]
Event: 50.402 Thread 0x0000021e135e8fe0 Exception <a 'java/net/ConnectException'{0x00000000897a0b08}: Connection refused: no further information> (0x00000000897a0b08) 
thrown [s\src\hotspot\share\prims\jni.cpp, line 535]
Event: 50.402 Thread 0x0000021e135e8fe0 Exception <a 'java/net/SocketException'{0x00000000897a0e40}: Socket is not connected: shutdown> (0x00000000897a0e40) 
thrown [s\src\hotspot\share\prims\jni.cpp, line 535]
Event: 50.417 Thread 0x0000021e135e8fe0 Exception <a 'java/net/ConnectException'{0x00000000897a16a0}: Connection refused: no further information> (0x00000000897a16a0) 
thrown [s\src\hotspot\share\prims\jni.cpp, line 535]
Event: 50.418 Thread 0x0000021e135e8fe0 Exception <a 'java/net/SocketException'{0x00000000897a19d8}: Socket is not connected: shutdown> (0x00000000897a19d8) 
thrown [s\src\hotspot\share\prims\jni.cpp, line 535]
Event: 50.434 Thread 0x0000021e135e8fe0 Exception <a 'java/net/ConnectException'{0x00000000897a2238}: Connection refused: no further information> (0x00000000897a2238) 
thrown [s\src\hotspot\share\prims\jni.cpp, line 535]
Event: 50.434 Thread 0x0000021e135e8fe0 Exception <a 'java/net/SocketException'{0x00000000897a2570}: Socket is not connected: shutdown> (0x00000000897a2570) 
thrown [s\src\hotspot\share\prims\jni.cpp, line 535]
Event: 50.450 Thread 0x0000021e135e8fe0 Exception <a 'java/net/ConnectException'{0x00000000897a2dd0}: Connection refused: no further information> (0x00000000897a2dd0) 
thrown [s\src\hotspot\share\prims\jni.cpp, line 535]
Event: 50.450 Thread 0x0000021e135e8fe0 Exception <a 'java/net/SocketException'{0x00000000897a3108}: Socket is not connected: shutdown> (0x00000000897a3108) 
thrown [s\src\hotspot\share\prims\jni.cpp, line 535]
Event: 50.465 Thread 0x0000021e135e8fe0 Exception <a 'java/net/ConnectException'{0x00000000897a3968}: Connection refused: no further information> (0x00000000897a3968) 
thrown [s\src\hotspot\share\prims\jni.cpp, line 535]
Event: 50.465 Thread 0x0000021e135e8fe0 Exception <a 'java/net/SocketException'{0x00000000897a3ca0}: Socket is not connected: shutdown> (0x00000000897a3ca0) 
thrown [s\src\hotspot\share\prims\jni.cpp, line 535]
Event: 50.481 Thread 0x0000021e135e8fe0 Exception <a 'java/net/ConnectException'{0x00000000897a4500}: Connection refused: no further information> (0x00000000897a4500) 
thrown [s\src\hotspot\share\prims\jni.cpp, line 535]
Event: 50.481 Thread 0x0000021e135e8fe0 Exception <a 'java/net/SocketException'{0x00000000897a4838}: Socket is not connected: shutdown> (0x00000000897a4838) 
thrown [s\src\hotspot\share\prims\jni.cpp, line 535]
Event: 74.766 Thread 0x0000021e135e9e50 Exception <a 'sun/net/ConnectionResetException'{0x000000008c4a3ec0}: Connection reset> (0x000000008c4a3ec0) 
thrown [s\src\hotspot\share\prims\jni.cpp, line 535]
Event: 74.831 Thread 0x0000021e7731aab0 Exception <a 'java/lang/reflect/InvocationTargetException'{0x000000008c4765d0}> (0x000000008c4765d0) 
thrown [s\src\hotspot\share\runtime\reflection.cpp, line 1121]
Event: 77.039 Thread 0x0000021e7731aab0 Exception <a 'java/net/SocketException'{0x000000008b852e30}: Socket is not connected: shutdown> (0x000000008b852e30) 
thrown [s\src\hotspot\share\prims\jni.cpp, line 535]
Event: 77.065 Thread 0x0000021e7731aab0 Exception <a 'java/net/SocketException'{0x000000008b867818}: Socket is not connected: shutdown> (0x000000008b867818) 
thrown [s\src\hotspot\share\prims\jni.cpp, line 535]
Event: 77.158 Thread 0x0000021e135e77d0 Exception <a 'java/net/ConnectException'{0x000000008b8dbb60}: Connection refused: no further information> (0x000000008b8dbb60) 
thrown [s\src\hotspot\share\prims\jni.cpp, line 535]
Event: 77.158 Thread 0x0000021e135e77d0 Exception <a 'java/net/SocketException'{0x000000008b8dbe98}: Socket is not connected: shutdown> (0x000000008b8dbe98) 
thrown [s\src\hotspot\share\prims\jni.cpp, line 535]

VM Operations (20 events):
Event: 49.719 Executing VM operation: G1CollectForAllocation
Event: 49.721 Executing VM operation: G1CollectForAllocation done
Event: 50.504 Executing VM operation: G1TryInitiateConcMark
Event: 50.506 Executing VM operation: G1TryInitiateConcMark done
Event: 50.540 Executing VM operation: G1Concurrent
Event: 50.545 Executing VM operation: G1Concurrent done
Event: 50.557 Executing VM operation: G1Concurrent
Event: 50.557 Executing VM operation: G1Concurrent done
Event: 70.686 Executing VM operation: Cleanup
Event: 70.686 Executing VM operation: Cleanup done
Event: 72.692 Executing VM operation: Cleanup
Event: 72.692 Executing VM operation: Cleanup done
Event: 74.711 Executing VM operation: Cleanup
Event: 74.711 Executing VM operation: Cleanup done
Event: 75.726 Executing VM operation: Cleanup
Event: 75.726 Executing VM operation: Cleanup done
Event: 76.710 Executing VM operation: G1CollectForAllocation
Event: 76.720 Executing VM operation: G1CollectForAllocation done
Event: 76.786 Executing VM operation: G1CollectForAllocation
Event: 76.794 Executing VM operation: G1CollectForAllocation done

Events (20 events):
Event: 74.830 Thread 0x0000021e135e8640 Thread exited: 0x0000021e135e8640
Event: 74.830 Thread 0x0000021e135eacc0 Thread exited: 0x0000021e135eacc0
Event: 74.833 loading class java/lang/StackTraceElement$HashedModules
Event: 74.834 loading class java/lang/StackTraceElement$HashedModules done
Event: 74.841 loading class java/lang/Throwable$WrappedPrintWriter
Event: 74.842 loading class java/lang/Throwable$PrintStreamOrWriter
Event: 74.842 loading class java/lang/Throwable$PrintStreamOrWriter done
Event: 74.842 loading class java/lang/Throwable$WrappedPrintWriter done
Event: 74.884 loading class java/util/concurrent/ConcurrentHashMap$EntrySpliterator
Event: 74.884 loading class java/util/concurrent/ConcurrentHashMap$EntrySpliterator done
Event: 74.893 loading class java/lang/Throwable$WrappedPrintStream
Event: 74.893 loading class java/lang/Throwable$WrappedPrintStream done
Event: 74.995 loading class java/util/regex/Pattern$Behind
Event: 74.997 loading class java/util/regex/Pattern$Behind done
Event: 75.012 loading class java/util/regex/Pattern$1MatcherIterator
Event: 75.012 loading class java/util/regex/Pattern$1MatcherIterator done
Event: 77.083 Thread 0x0000021e135eb660 Thread added: 0x0000021e135eb660
Event: 77.137 Thread 0x0000021e135e6490 Thread added: 0x0000021e135e6490
Event: 77.138 Thread 0x0000021e135e77d0 Thread added: 0x0000021e135e77d0
Event: 77.138 Thread 0x0000021e135e6e30 Thread added: 0x0000021e135e6e30


Dynamic libraries:
0x00007ff6fecb0000 - 0x00007ff6fecbe000 	C:\Users\chidy\.p2\pool\plugins\org.eclipse.justj.openjdk.hotspot.jre.full.win32.x86_64_17.0.5.v20221102-0933\jre\bin\javaw.exe
0x00007ffbb3c10000 - 0x00007ffbb3e27000 	C:\WINDOWS\SYSTEM32\ntdll.dll
0x00007ffbb1f40000 - 0x00007ffbb2004000 	C:\WINDOWS\System32\KERNEL32.DLL
0x00007ffbb0f40000 - 0x00007ffbb12ec000 	C:\WINDOWS\System32\KERNELBASE.dll
0x00007ffbb1830000 - 0x00007ffbb1941000 	C:\WINDOWS\System32\ucrtbase.dll
0x00007ffb9b310000 - 0x00007ffb9b329000 	C:\Users\chidy\.p2\pool\plugins\org.eclipse.justj.openjdk.hotspot.jre.full.win32.x86_64_17.0.5.v20221102-0933\jre\bin\VCRUNTIME140.dll
0x00007ffb9afc0000 - 0x00007ffb9afd7000 	C:\Users\chidy\.p2\pool\plugins\org.eclipse.justj.openjdk.hotspot.jre.full.win32.x86_64_17.0.5.v20221102-0933\jre\bin\jli.dll
0x00007ffbb1a70000 - 0x00007ffbb1c1e000 	C:\WINDOWS\System32\USER32.dll
0x00007ffbb16b0000 - 0x00007ffbb16d6000 	C:\WINDOWS\System32\win32u.dll
0x00007ffb8b7b0000 - 0x00007ffb8ba43000 	C:\WINDOWS\WinSxS\amd64_microsoft.windows.common-controls_6595b64144ccf1df_6.0.22621.3672_none_2713b9d173822955\COMCTL32.dll
0x00007ffbb27d0000 - 0x00007ffbb27f9000 	C:\WINDOWS\System32\GDI32.dll
0x00007ffbb3a20000 - 0x00007ffbb3ac7000 	C:\WINDOWS\System32\msvcrt.dll
0x00007ffbb16e0000 - 0x00007ffbb17f9000 	C:\WINDOWS\System32\gdi32full.dll
0x00007ffbb12f0000 - 0x00007ffbb138a000 	C:\WINDOWS\System32\msvcp_win.dll
0x00007ffbb39e0000 - 0x00007ffbb3a11000 	C:\WINDOWS\System32\IMM32.DLL
0x00007ffbad300000 - 0x00007ffbad30c000 	C:\Users\chidy\.p2\pool\plugins\org.eclipse.justj.openjdk.hotspot.jre.full.win32.x86_64_17.0.5.v20221102-0933\jre\bin\vcruntime140_1.dll
0x00007ffb81510000 - 0x00007ffb815a1000 	C:\Users\chidy\.p2\pool\plugins\org.eclipse.justj.openjdk.hotspot.jre.full.win32.x86_64_17.0.5.v20221102-0933\jre\bin\msvcp140.dll
0x00007ffb13770000 - 0x00007ffb143b4000 	C:\Users\chidy\.p2\pool\plugins\org.eclipse.justj.openjdk.hotspot.jre.full.win32.x86_64_17.0.5.v20221102-0933\jre\bin\server\jvm.dll
0x00007ffbb3670000 - 0x00007ffbb3722000 	C:\WINDOWS\System32\ADVAPI32.dll
0x00007ffbb1e10000 - 0x00007ffbb1eba000 	C:\WINDOWS\System32\sechost.dll
0x00007ffbb1800000 - 0x00007ffbb1828000 	C:\WINDOWS\System32\bcrypt.dll
0x00007ffbb1950000 - 0x00007ffbb1a65000 	C:\WINDOWS\System32\RPCRT4.dll
0x00007ffb94170000 - 0x00007ffb94179000 	C:\WINDOWS\SYSTEM32\WSOCK32.dll
0x00007ffbb2810000 - 0x00007ffbb2881000 	C:\WINDOWS\System32\WS2_32.dll
0x00007ffba9060000 - 0x00007ffba906a000 	C:\WINDOWS\SYSTEM32\VERSION.dll
0x00007ffbaba60000 - 0x00007ffbaba94000 	C:\WINDOWS\SYSTEM32\WINMM.dll
0x00007ffbafed0000 - 0x00007ffbafee8000 	C:\WINDOWS\SYSTEM32\kernel.appcore.dll
0x00007ffb9c260000 - 0x00007ffb9c26a000 	C:\Users\chidy\.p2\pool\plugins\org.eclipse.justj.openjdk.hotspot.jre.full.win32.x86_64_17.0.5.v20221102-0933\jre\bin\jimage.dll
0x00007ffbae950000 - 0x00007ffbaeb82000 	C:\WINDOWS\SYSTEM32\DBGHELP.DLL
0x00007ffbb2440000 - 0x00007ffbb27c8000 	C:\WINDOWS\System32\combase.dll
0x00007ffbb3af0000 - 0x00007ffbb3bc7000 	C:\WINDOWS\System32\OLEAUT32.dll
0x00007ffba2cd0000 - 0x00007ffba2d02000 	C:\WINDOWS\SYSTEM32\dbgcore.DLL
0x00007ffbb1630000 - 0x00007ffbb16ab000 	C:\WINDOWS\System32\bcryptPrimitives.dll
0x00007ffb826c0000 - 0x00007ffb826e5000 	C:\Users\chidy\.p2\pool\plugins\org.eclipse.justj.openjdk.hotspot.jre.full.win32.x86_64_17.0.5.v20221102-0933\jre\bin\java.dll
0x00007ffb93910000 - 0x00007ffb93928000 	C:\Users\chidy\.p2\pool\plugins\org.eclipse.justj.openjdk.hotspot.jre.full.win32.x86_64_17.0.5.v20221102-0933\jre\bin\zip.dll
0x00007ffbb2890000 - 0x00007ffbb30ec000 	C:\WINDOWS\System32\SHELL32.dll
0x00007ffbaee40000 - 0x00007ffbaf737000 	C:\WINDOWS\SYSTEM32\windows.storage.dll
0x00007ffbaed00000 - 0x00007ffbaee3f000 	C:\WINDOWS\SYSTEM32\wintypes.dll
0x00007ffbb1c80000 - 0x00007ffbb1d74000 	C:\WINDOWS\System32\SHCORE.dll
0x00007ffbb1ee0000 - 0x00007ffbb1f3e000 	C:\WINDOWS\System32\shlwapi.dll
0x00007ffbb0e70000 - 0x00007ffbb0e91000 	C:\WINDOWS\SYSTEM32\profapi.dll
0x00007ffb826a0000 - 0x00007ffb826b9000 	C:\Users\chidy\.p2\pool\plugins\org.eclipse.justj.openjdk.hotspot.jre.full.win32.x86_64_17.0.5.v20221102-0933\jre\bin\net.dll
0x00007ffbac790000 - 0x00007ffbac8c6000 	C:\WINDOWS\SYSTEM32\WINHTTP.dll
0x00007ffbb0390000 - 0x00007ffbb03f9000 	C:\WINDOWS\system32\mswsock.dll
0x00007ffb82370000 - 0x00007ffb82385000 	C:\Users\chidy\.p2\pool\plugins\org.eclipse.justj.openjdk.hotspot.jre.full.win32.x86_64_17.0.5.v20221102-0933\jre\bin\nio.dll
0x00007ffbaf9a0000 - 0x00007ffbaf9cd000 	C:\WINDOWS\SYSTEM32\IPHLPAPI.DLL
0x00007ffbb30f0000 - 0x00007ffbb30f9000 	C:\WINDOWS\System32\NSI.dll
0x00007ffbacc60000 - 0x00007ffbacc79000 	C:\WINDOWS\SYSTEM32\dhcpcsvc6.DLL
0x00007ffbaca20000 - 0x00007ffbaca3f000 	C:\WINDOWS\SYSTEM32\dhcpcsvc.DLL
0x00007ffbafa10000 - 0x00007ffbafb08000 	C:\WINDOWS\SYSTEM32\DNSAPI.dll
0x00007ffb831e0000 - 0x00007ffb831f0000 	C:\Users\chidy\.p2\pool\plugins\org.eclipse.justj.openjdk.hotspot.jre.full.win32.x86_64_17.0.5.v20221102-0933\jre\bin\verify.dll
0x00007ffbb06e0000 - 0x00007ffbb06fb000 	C:\WINDOWS\SYSTEM32\CRYPTSP.dll
0x00007ffbafe90000 - 0x00007ffbafec5000 	C:\WINDOWS\system32\rsaenh.dll
0x00007ffbb0430000 - 0x00007ffbb0458000 	C:\WINDOWS\SYSTEM32\USERENV.dll
0x00007ffbb06c0000 - 0x00007ffbb06cc000 	C:\WINDOWS\SYSTEM32\CRYPTBASE.dll
0x00007ffba3f60000 - 0x00007ffba3f6e000 	C:\Users\chidy\.p2\pool\plugins\org.eclipse.justj.openjdk.hotspot.jre.full.win32.x86_64_17.0.5.v20221102-0933\jre\bin\sunmscapi.dll
0x00007ffbb1390000 - 0x00007ffbb14f7000 	C:\WINDOWS\System32\CRYPT32.dll
0x00007ffbb07e0000 - 0x00007ffbb080e000 	C:\WINDOWS\SYSTEM32\ncrypt.dll
0x00007ffbb07a0000 - 0x00007ffbb07d7000 	C:\WINDOWS\SYSTEM32\NTASN1.dll
0x00007ffba9f00000 - 0x00007ffba9f0a000 	C:\Windows\System32\rasadhlp.dll
0x00007ffbaa600000 - 0x00007ffbaa683000 	C:\WINDOWS\System32\fwpuclnt.dll
0x00007ffbabbe0000 - 0x00007ffbabbe9000 	C:\Users\chidy\.p2\pool\plugins\org.eclipse.justj.openjdk.hotspot.jre.full.win32.x86_64_17.0.5.v20221102-0933\jre\bin\management.dll
0x00007ffba9cc0000 - 0x00007ffba9ccb000 	C:\Users\chidy\.p2\pool\plugins\org.eclipse.justj.openjdk.hotspot.jre.full.win32.x86_64_17.0.5.v20221102-0933\jre\bin\management_ext.dll
0x00007ffbb2800000 - 0x00007ffbb2808000 	C:\WINDOWS\System32\PSAPI.DLL
0x00007ffb942a0000 - 0x00007ffb942b7000 	C:\WINDOWS\system32\napinsp.dll
0x00007ffb94280000 - 0x00007ffb9429b000 	C:\WINDOWS\system32\pnrpnsp.dll
0x00007ffb93ea0000 - 0x00007ffb93eb1000 	C:\WINDOWS\System32\winrnr.dll
0x00007ffb93e80000 - 0x00007ffb93e95000 	C:\WINDOWS\system32\wshbth.dll
0x00007ffb93d90000 - 0x00007ffb93db7000 	C:\WINDOWS\system32\nlansp_c.dll
0x00007ffb943c0000 - 0x00007ffb943c8000 	C:\WINDOWS\system32\wshunix.dll

dbghelp: loaded successfully - version: 4.0.5 - missing functions: none
symbol engine: initialized successfully - sym options: 0x614 - pdb path: .;C:\Users\chidy\.p2\pool\plugins\org.eclipse.justj.openjdk.hotspot.jre.full.win32.x86_64_17.0.5.v20221102-0933\jre\bin;C:\WINDOWS\SYSTEM32;C:\WINDOWS\WinSxS\amd64_microsoft.windows.common-controls_6595b64144ccf1df_6.0.22621.3672_none_2713b9d173822955;C:\Users\chidy\.p2\pool\plugins\org.eclipse.justj.openjdk.hotspot.jre.full.win32.x86_64_17.0.5.v20221102-0933\jre\bin\server

VM Arguments:
jvm_args: -ea -Dfile.encoding=UTF-8 -XX:+ShowCodeDetailsInExceptionMessages --add-opens=jdk.compiler/com.sun.tools.javac.processing=ALL-UNNAMED 
java_command: org.eclipse.jdt.internal.junit.runner.RemoteTestRunner -version 3 -port 65334 -testLoaderClass org.eclipse.jdt.internal.junit4.runner.JUnit4TestLoader -loaderpluginname org.eclipse.jdt.junit4.runtime -classNames stepDefinition.TestRunner
java_class_path (initial): C:\Users\chidy\eclipse-workspace\AutomationExecise\target\test-classes;C:\Users\chidy\eclipse-workspace\AutomationExecise\target\classes;C:\Users\chidy\.m2\repository\io\cucumber\cucumber-java\7.2.3\cucumber-java-7.2.3.jar;C:\Users\chidy\.m2\repository\org\apiguardian\apiguardian-api\1.1.2\apiguardian-api-1.1.2.jar;C:\Users\chidy\.m2\repository\io\cucumber\cucumber-core\7.2.3\cucumber-core-7.2.3.jar;C:\Users\chidy\.m2\repository\io\cucumber\cucumber-gherkin\7.2.3\cucumber-gherkin-7.2.3.jar;C:\Users\chidy\.m2\repository\io\cucumber\cucumber-gherkin-messages\7.2.3\cucumber-gherkin-messages-7.2.3.jar;C:\Users\chidy\.m2\repository\io\cucumber\messages\17.1.1\messages-17.1.1.jar;C:\Users\chidy\.m2\repository\io\cucumber\tag-expressions\4.1.0\tag-expressions-4.1.0.jar;C:\Users\chidy\.m2\repository\io\cucumber\cucumber-expressions\15.0.1\cucumber-expressions-15.0.1.jar;C:\Users\chidy\.m2\repository\io\cucumber\datatable\7.2.3\datatable-7.2.3.jar;C:\Users\chidy\.m2\repository\io\cucumber\cucumber-plugin\7.2.3\cucumber-plugin-7.2.3.jar;C:\Users\chidy\.m2\repository\io\cucumber\docstring\7.2.3\docstring-7.2.3.jar;C:\Users\chidy\.m2\repository\io\cucumber\html-formatter\17.0.0\html-formatter-17.0.0.jar;C:\Users\chidy\.m2\repository\io\cucumber\ci-environment\8.1.0\ci-environment-8.1.0.jar;C:\Users\chidy\.m2\repository\io\cucumber\cucumber-junit\7.2.3\cucumber-junit-7.2.3.jar;C:\Users\chidy\.m2\repository\io\cucumber\cucumber-picocontainer\7.2.3\cucumber-picocontainer-7.2.3.jar;C:\Users\chidy\.m2\repository\org\picocontainer\picocontainer\2.15\picocontainer-2.15.jar;C:\Users\chidy\.m2\repository\org\hamcrest\hamcrest-all\1.3\hamcrest-all-1.3.jar;C:\Users\chidy\.m2\repository\io\github\bonigarcia\webdrivermanager\5.0.3\webdrivermanager-5.0.3.jar;C:\Users\chidy\.m2\repository\org\slf4j\slf4j-api\1.7.32\slf4j-api-1.7.32.jar;C:\Users\chidy\.m2\repository\com\google\code\gson\gson\2.8.8\gson-2.8.8.jar;C:\Users\chidy\.m2\repository\org\jsoup\jsoup\1.14.2\
Launcher Type: SUN_STANDARD

[Global flags]
     intx CICompilerCount                          = 4                                         {product} {ergonomic}
     uint ConcGCThreads                            = 2                                         {product} {ergonomic}
     uint G1ConcRefinementThreads                  = 8                                         {product} {ergonomic}
   size_t G1HeapRegionSize                         = 1048576                                   {product} {ergonomic}
    uintx GCDrainStackTargetSize                   = 64                                        {product} {ergonomic}
   size_t InitialHeapSize                          = 132120576                                 {product} {ergonomic}
   size_t MarkStackSize                            = 4194304                                   {product} {ergonomic}
   size_t MaxHeapSize                              = 2099249152                                {product} {ergonomic}
   size_t MaxNewSize                               = 1259339776                                {product} {ergonomic}
   size_t MinHeapDeltaBytes                        = 1048576                                   {product} {ergonomic}
   size_t MinHeapSize                              = 8388608                                   {product} {ergonomic}
    uintx NonNMethodCodeHeapSize                   = 5839372                                {pd product} {ergonomic}
    uintx NonProfiledCodeHeapSize                  = 122909434                              {pd product} {ergonomic}
    uintx ProfiledCodeHeapSize                     = 122909434                              {pd product} {ergonomic}
    uintx ReservedCodeCacheSize                    = 251658240                              {pd product} {ergonomic}
     bool SegmentedCodeCache                       = true                                      {product} {ergonomic}
     bool ShowCodeDetailsInExceptionMessages       = true                                   {manageable} {command line}
   size_t SoftMaxHeapSize                          = 2099249152                             {manageable} {ergonomic}
     bool UseCompressedClassPointers               = true                           {product lp64_product} {ergonomic}
     bool UseCompressedOops                        = true                           {product lp64_product} {ergonomic}
     bool UseG1GC                                  = true                                      {product} {ergonomic}
     bool UseLargePagesIndividualAllocation        = false                                  {pd product} {ergonomic}

Logging:
Log output configuration:
 #0: stdout all=warning uptime,level,tags
 #1: stderr all=off uptime,level,tags

Environment Variables:
JAVA_HOME=C:\Program Files\Java\jdk-17\
PATH=C:/Users/chidy/.p2/pool/plugins/org.eclipse.justj.openjdk.hotspot.jre.full.win32.x86_64_17.0.5.v20221102-0933/jre/bin/server;C:/Users/chidy/.p2/pool/plugins/org.eclipse.justj.openjdk.hotspot.jre.full.win32.x86_64_17.0.5.v20221102-0933/jre/bin;C:\Program Files\Common Files\Oracle\Java\javapath;C:\WINDOWS\system32;C:\WINDOWS;C:\WINDOWS\System32\Wbem;C:\WINDOWS\System32\WindowsPowerShell\v1.0\;C:\WINDOWS\System32\OpenSSH\;C:\Program Files\dotnet\;C:\Program Files\Microsoft SQL Server\130\Tools\Binn\;C:\Program Files\Microsoft SQL Server\Client SDK\ODBC\170\Tools\Binn\;C:\Program Files\nodejs\;C:\Program Files\nodejs\node_modules;C:\Program Files\Git\cmd;C:\apache-maven-3.9.2\\bin;C:\apache-maven-3.9.2\;C:\Program Files\Java\jdk-17;C:\Program Files\Java\jdk-20;C:\Program Files\Java\jdk-11;C:\Program Files\Java\jdk-17\bin;C:\Program Files\Git\bin;C:\Users\chidy\AppData\Local\Programs\Python\Python312\Scripts\;C:\Users\chidy\AppData\Local\Programs\Python\Python312\;C:\Users\chidy\AppData\Local\Programs\Python\Launcher\;C:\Ruby27-x64\bin;C:\Users\chidy\AppData\Local\Microsoft\WindowsApps;C:\Users\chidy\.dotnet\tools;C:\Users\chidy\AppData\Roaming\npm;C:\apache-maven-3.9.2\bin;C:\Users\chidy\AppData\Local\JetBrains\Toolbox\scripts;C:\Program Files\JetBrains\RubyMine 2023.2.3\bin;;C:\Users\chidy\AppData\Local\Programs\Microsoft VS Code\bin;C:\Users\chidy\OneDrive\Desktop;
USERNAME=chidy
OS=Windows_NT
PROCESSOR_IDENTIFIER=Intel64 Family 6 Model 142 Stepping 11, GenuineIntel
TMP=C:\Users\chidy\AppData\Local\Temp
TEMP=C:\Users\chidy\AppData\Local\Temp



---------------  S Y S T E M  ---------------

OS:
 Windows 11 , 64 bit Build 22621 (10.0.22621.3672)
OS uptime: 6 days 2:43 hours
Hyper-V role detected

CPU: total 8 (initial active 8) (4 cores per cpu, 2 threads per core) family 6 model 142 stepping 11 microcode 0xf0, cx8, cmov, fxsr, ht, mmx, 3dnowpref, sse, sse2, sse3, ssse3, sse4.1, sse4.2, popcnt, lzcnt, tsc, tscinvbit, avx, avx2, aes, erms, clmul, bmi1, bmi2, adx, fma, vzeroupper, clflush, clflushopt, hv

Memory: 4k page, system-wide physical 8006M (260M free)
TotalPageFile size 32582M (AvailPageFile size 14M)
current process WorkingSet (physical memory assigned to process): 208M, peak: 356M
current process commit charge ("private bytes"): 457M, peak: 460M

vm_info: OpenJDK 64-Bit Server VM (17.0.5+8) for windows-amd64 JRE (17.0.5+8), built on Oct 19 2022 04:48:13 by "temurin" with MS VC++ 16.7 (VS2019)

END.
