#
# There is insufficient memory for the Java Runtime Environment to continue.
# Native memory allocation (malloc) failed to allocate 32744 bytes for ChunkPool::allocate
# Possible reasons:
#   The system is out of physical RAM or swap space
#   The process is running with CompressedOops enabled, and the Java Heap may be blocking the growth of the native heap
# Possible solutions:
#   Reduce memory load on the system
#   Increase physical memory or swap space
#   Check if swap backing store is full
#   Decrease Java heap size (-Xmx/-Xms)
#   Decrease number of Java threads
#   Decrease Java thread stack sizes (-Xss)
#   Set larger code cache with -XX:ReservedCodeCacheSize=
#   JVM is running with Unscaled Compressed Oops mode in which the Java heap is
#     placed in the first 4GB address space. The Java Heap base address is the
#     maximum limit for the native heap growth. Please use -XX:HeapBaseMinAddress
#     to set the Java Heap base and to place the Java Heap above 4GB virtual address.
# This output file may be truncated or incomplete.
#
#  Out of Memory Error (arena.cpp:78), pid=36164, tid=43504
#
# JRE version: Java(TM) SE Runtime Environment (17.0.7+8) (build 17.0.7+8-LTS-224)
# Java VM: Java HotSpot(TM) 64-Bit Server VM (17.0.7+8-LTS-224, mixed mode, sharing, tiered, compressed oops, compressed class ptrs, g1 gc, windows-amd64)
# No core dump will be written. Minidumps are not enabled by default on client versions of Windows
#

---------------  S U M M A R Y ------------

Command Line: C:\Users\chidy\AppData\Local\Temp\surefire11543899565071764863\surefirebooter1641755843351252055.jar C:\Users\chidy\AppData\Local\Temp\surefire11543899565071764863 2024-07-04T12-35-42_222-jvmRun1 surefire3067805683598496678tmp surefire_08130429850334556030tmp

Host: Intel(R) Core(TM) i5-8265U CPU @ 1.60GHz, 8 cores, 7G,  Windows 11 , 64 bit Build 22621 (10.0.22621.3672)
Time: Thu Jul  4 12:35:42 2024 GMT Summer Time elapsed time: 0.134524 seconds (0d 0h 0m 0s)

---------------  T H R E A D  ---------------

Current thread (0x000001eacddd7330):  JavaThread "C2 CompilerThread0" daemon [_thread_in_native, id=43504, stack(0x000000c7ccd00000,0x000000c7cce00000)]


Current CompileTask:
C2:    134  118 %     4       java.lang.StringLatin1::indexOfChar @ 7 (33 bytes)

Stack: [0x000000c7ccd00000,0x000000c7cce00000]
Native frames: (J=compiled Java code, j=interpreted, Vv=VM code, C=native code)
V  [jvm.dll+0x676a4a]
V  [jvm.dll+0x7d74f4]
V  [jvm.dll+0x7d8c9e]
V  [jvm.dll+0x7d9303]
V  [jvm.dll+0x2452c5]
V  [jvm.dll+0xaac80]
V  [jvm.dll+0xaafcc]
V  [jvm.dll+0x654000]
V  [jvm.dll+0x60a6bb]
V  [jvm.dll+0x608bb4]
V  [jvm.dll+0x21794e]
V  [jvm.dll+0x216f01]
V  [jvm.dll+0x1a35e0]
V  [jvm.dll+0x226a6e]
V  [jvm.dll+0x224e15]
V  [jvm.dll+0x78d05c]
V  [jvm.dll+0x78759a]
V  [jvm.dll+0x675875]
C  [ucrtbase.dll+0x29333]
C  [KERNEL32.DLL+0x1257d]
C  [ntdll.dll+0x5af28]


---------------  P R O C E S S  ---------------

Threads class SMR info:
_java_thread_list=0x000001eace91e420, length=13, elements={
0x000001eaade03450, 0x000001eacddb7720, 0x000001eacddb99a0, 0x000001eacddd16d0,
0x000001eacddd3db0, 0x000001eacddd6480, 0x000001eacddd6a40, 0x000001eacddd7330,
0x000001eacdde4310, 0x000001eacddf7510, 0x000001eace8d8a90, 0x000001eace8e4a70,
0x000001eace903c90
}

Java Threads: ( => current thread )
  0x000001eaade03450 JavaThread "main" [_thread_in_vm, id=8132, stack(0x000000c7cc000000,0x000000c7cc100000)]
  0x000001eacddb7720 JavaThread "Reference Handler" daemon [_thread_blocked, id=31252, stack(0x000000c7cc700000,0x000000c7cc800000)]
  0x000001eacddb99a0 JavaThread "Finalizer" daemon [_thread_blocked, id=43800, stack(0x000000c7cc800000,0x000000c7cc900000)]
  0x000001eacddd16d0 JavaThread "Signal Dispatcher" daemon [_thread_blocked, id=17376, stack(0x000000c7cc900000,0x000000c7cca00000)]
  0x000001eacddd3db0 JavaThread "Attach Listener" daemon [_thread_blocked, id=22576, stack(0x000000c7cca00000,0x000000c7ccb00000)]
  0x000001eacddd6480 JavaThread "Service Thread" daemon [_thread_blocked, id=40312, stack(0x000000c7ccb00000,0x000000c7ccc00000)]
  0x000001eacddd6a40 JavaThread "Monitor Deflation Thread" daemon [_thread_blocked, id=42160, stack(0x000000c7ccc00000,0x000000c7ccd00000)]
=>0x000001eacddd7330 JavaThread "C2 CompilerThread0" daemon [_thread_in_native, id=43504, stack(0x000000c7ccd00000,0x000000c7cce00000)]
  0x000001eacdde4310 JavaThread "C1 CompilerThread0" daemon [_thread_blocked, id=50920, stack(0x000000c7cce00000,0x000000c7ccf00000)]
  0x000001eacddf7510 JavaThread "Sweeper thread" daemon [_thread_blocked, id=53596, stack(0x000000c7ccf00000,0x000000c7cd000000)]
  0x000001eace8d8a90 JavaThread "Notification Thread" daemon [_thread_blocked, id=46908, stack(0x000000c7cd000000,0x000000c7cd100000)]
  0x000001eace8e4a70 JavaThread "Common-Cleaner" daemon [_thread_blocked, id=53256, stack(0x000000c7cd200000,0x000000c7cd300000)]
  0x000001eace903c90 JavaThread "surefire-forkedjvm-command-thread" daemon [_thread_in_native, id=15736, stack(0x000000c7cd300000,0x000000c7cd400000)]

Other Threads:
  0x000001eacddb26f0 VMThread "VM Thread" [stack: 0x000000c7cc600000,0x000000c7cc700000] [id=35036]
  0x000001eace8df9a0 WatcherThread [stack: 0x000000c7cd100000,0x000000c7cd200000] [id=6128]
  0x000001eaade5e660 GCTaskThread "GC Thread#0" [stack: 0x000000c7cc100000,0x000000c7cc200000] [id=38276]
  0x000001eaade6efe0 ConcurrentGCThread "G1 Main Marker" [stack: 0x000000c7cc200000,0x000000c7cc300000] [id=47620]
  0x000001eaade70a00 ConcurrentGCThread "G1 Conc#0" [stack: 0x000000c7cc300000,0x000000c7cc400000] [id=26180]
  0x000001eacdc724c0 ConcurrentGCThread "G1 Refine#0" [stack: 0x000000c7cc400000,0x000000c7cc500000] [id=37332]
  0x000001eacdc72ee0 ConcurrentGCThread "G1 Service" [stack: 0x000000c7cc500000,0x000000c7cc600000] [id=45828]

Threads with active compile tasks:
C2 CompilerThread0      184  118 %     4       java.lang.StringLatin1::indexOfChar @ 7 (33 bytes)

VM state: not at safepoint (normal execution)

VM Mutex/Monitor currently owned by a thread: None

Heap address: 0x0000000082e00000, size: 2002 MB, Compressed Oops mode: 32-bit

CDS archive(s) mapped at: [0x0000000800000000-0x0000000800bd0000-0x0000000800bd0000), size 12386304, SharedBaseAddress: 0x0000000800000000, ArchiveRelocationMode: 0.
Compressed class space mapped at: 0x0000000800c00000-0x0000000840c00000, reserved size: 1073741824
Narrow klass base: 0x0000000800000000, Narrow klass shift: 0, Narrow klass range: 0x100000000

GC Precious Log:
 CPUs: 8 total, 8 available
 Memory: 8006M
 Large Page Support: Disabled
 NUMA Support: Disabled
 Compressed Oops: Enabled (32-bit)
 Heap Region Size: 1M
 Heap Min Capacity: 8M
 Heap Initial Capacity: 126M
 Heap Max Capacity: 2002M
 Pre-touch: Disabled
 Parallel Workers: 8
 Concurrent Workers: 2
 Concurrent Refinement Workers: 8
 Periodic GC: Disabled

Heap:
 garbage-first heap   total 129024K, used 2048K [0x0000000082e00000, 0x0000000100000000)
  region size 1024K, 3 young (3072K), 0 survivors (0K)
 Metaspace       used 630K, committed 768K, reserved 1056768K
  class space    used 57K, committed 128K, reserved 1048576K

Heap Regions: E=young(eden), S=young(survivor), O=old, HS=humongous(starts), HC=humongous(continues), CS=collection set, F=free, OA=open archive, CA=closed archive, TAMS=top-at-mark-start (previous, next)
|   0|0x0000000082e00000, 0x0000000082e00000, 0x0000000082f00000|  0%| F|  |TAMS 0x0000000082e00000, 0x0000000082e00000| Untracked 
|   1|0x0000000082f00000, 0x0000000082f00000, 0x0000000083000000|  0%| F|  |TAMS 0x0000000082f00000, 0x0000000082f00000| Untracked 
|   2|0x0000000083000000, 0x0000000083000000, 0x0000000083100000|  0%| F|  |TAMS 0x0000000083000000, 0x0000000083000000| Untracked 
|   3|0x0000000083100000, 0x0000000083100000, 0x0000000083200000|  0%| F|  |TAMS 0x0000000083100000, 0x0000000083100000| Untracked 
|   4|0x0000000083200000, 0x0000000083200000, 0x0000000083300000|  0%| F|  |TAMS 0x0000000083200000, 0x0000000083200000| Untracked 
|   5|0x0000000083300000, 0x0000000083300000, 0x0000000083400000|  0%| F|  |TAMS 0x0000000083300000, 0x0000000083300000| Untracked 
|   6|0x0000000083400000, 0x0000000083400000, 0x0000000083500000|  0%| F|  |TAMS 0x0000000083400000, 0x0000000083400000| Untracked 
|   7|0x0000000083500000, 0x0000000083500000, 0x0000000083600000|  0%| F|  |TAMS 0x0000000083500000, 0x0000000083500000| Untracked 
|   8|0x0000000083600000, 0x0000000083600000, 0x0000000083700000|  0%| F|  |TAMS 0x0000000083600000, 0x0000000083600000| Untracked 
|   9|0x0000000083700000, 0x0000000083700000, 0x0000000083800000|  0%| F|  |TAMS 0x0000000083700000, 0x0000000083700000| Untracked 
|  10|0x0000000083800000, 0x0000000083800000, 0x0000000083900000|  0%| F|  |TAMS 0x0000000083800000, 0x0000000083800000| Untracked 
|  11|0x0000000083900000, 0x0000000083900000, 0x0000000083a00000|  0%| F|  |TAMS 0x0000000083900000, 0x0000000083900000| Untracked 
|  12|0x0000000083a00000, 0x0000000083a00000, 0x0000000083b00000|  0%| F|  |TAMS 0x0000000083a00000, 0x0000000083a00000| Untracked 
|  13|0x0000000083b00000, 0x0000000083b00000, 0x0000000083c00000|  0%| F|  |TAMS 0x0000000083b00000, 0x0000000083b00000| Untracked 
|  14|0x0000000083c00000, 0x0000000083c00000, 0x0000000083d00000|  0%| F|  |TAMS 0x0000000083c00000, 0x0000000083c00000| Untracked 
|  15|0x0000000083d00000, 0x0000000083d00000, 0x0000000083e00000|  0%| F|  |TAMS 0x0000000083d00000, 0x0000000083d00000| Untracked 
|  16|0x0000000083e00000, 0x0000000083e00000, 0x0000000083f00000|  0%| F|  |TAMS 0x0000000083e00000, 0x0000000083e00000| Untracked 
|  17|0x0000000083f00000, 0x0000000083f00000, 0x0000000084000000|  0%| F|  |TAMS 0x0000000083f00000, 0x0000000083f00000| Untracked 
|  18|0x0000000084000000, 0x0000000084000000, 0x0000000084100000|  0%| F|  |TAMS 0x0000000084000000, 0x0000000084000000| Untracked 
|  19|0x0000000084100000, 0x0000000084100000, 0x0000000084200000|  0%| F|  |TAMS 0x0000000084100000, 0x0000000084100000| Untracked 
|  20|0x0000000084200000, 0x0000000084200000, 0x0000000084300000|  0%| F|  |TAMS 0x0000000084200000, 0x0000000084200000| Untracked 
|  21|0x0000000084300000, 0x0000000084300000, 0x0000000084400000|  0%| F|  |TAMS 0x0000000084300000, 0x0000000084300000| Untracked 
|  22|0x0000000084400000, 0x0000000084400000, 0x0000000084500000|  0%| F|  |TAMS 0x0000000084400000, 0x0000000084400000| Untracked 
|  23|0x0000000084500000, 0x0000000084500000, 0x0000000084600000|  0%| F|  |TAMS 0x0000000084500000, 0x0000000084500000| Untracked 
|  24|0x0000000084600000, 0x0000000084600000, 0x0000000084700000|  0%| F|  |TAMS 0x0000000084600000, 0x0000000084600000| Untracked 
|  25|0x0000000084700000, 0x0000000084700000, 0x0000000084800000|  0%| F|  |TAMS 0x0000000084700000, 0x0000000084700000| Untracked 
|  26|0x0000000084800000, 0x0000000084800000, 0x0000000084900000|  0%| F|  |TAMS 0x0000000084800000, 0x0000000084800000| Untracked 
|  27|0x0000000084900000, 0x0000000084900000, 0x0000000084a00000|  0%| F|  |TAMS 0x0000000084900000, 0x0000000084900000| Untracked 
|  28|0x0000000084a00000, 0x0000000084a00000, 0x0000000084b00000|  0%| F|  |TAMS 0x0000000084a00000, 0x0000000084a00000| Untracked 
|  29|0x0000000084b00000, 0x0000000084b00000, 0x0000000084c00000|  0%| F|  |TAMS 0x0000000084b00000, 0x0000000084b00000| Untracked 
|  30|0x0000000084c00000, 0x0000000084c00000, 0x0000000084d00000|  0%| F|  |TAMS 0x0000000084c00000, 0x0000000084c00000| Untracked 
|  31|0x0000000084d00000, 0x0000000084d00000, 0x0000000084e00000|  0%| F|  |TAMS 0x0000000084d00000, 0x0000000084d00000| Untracked 
|  32|0x0000000084e00000, 0x0000000084e00000, 0x0000000084f00000|  0%| F|  |TAMS 0x0000000084e00000, 0x0000000084e00000| Untracked 
|  33|0x0000000084f00000, 0x0000000084f00000, 0x0000000085000000|  0%| F|  |TAMS 0x0000000084f00000, 0x0000000084f00000| Untracked 
|  34|0x0000000085000000, 0x0000000085000000, 0x0000000085100000|  0%| F|  |TAMS 0x0000000085000000, 0x0000000085000000| Untracked 
|  35|0x0000000085100000, 0x0000000085100000, 0x0000000085200000|  0%| F|  |TAMS 0x0000000085100000, 0x0000000085100000| Untracked 
|  36|0x0000000085200000, 0x0000000085200000, 0x0000000085300000|  0%| F|  |TAMS 0x0000000085200000, 0x0000000085200000| Untracked 
|  37|0x0000000085300000, 0x0000000085300000, 0x0000000085400000|  0%| F|  |TAMS 0x0000000085300000, 0x0000000085300000| Untracked 
|  38|0x0000000085400000, 0x0000000085400000, 0x0000000085500000|  0%| F|  |TAMS 0x0000000085400000, 0x0000000085400000| Untracked 
|  39|0x0000000085500000, 0x0000000085500000, 0x0000000085600000|  0%| F|  |TAMS 0x0000000085500000, 0x0000000085500000| Untracked 
|  40|0x0000000085600000, 0x0000000085600000, 0x0000000085700000|  0%| F|  |TAMS 0x0000000085600000, 0x0000000085600000| Untracked 
|  41|0x0000000085700000, 0x0000000085700000, 0x0000000085800000|  0%| F|  |TAMS 0x0000000085700000, 0x0000000085700000| Untracked 
|  42|0x0000000085800000, 0x0000000085800000, 0x0000000085900000|  0%| F|  |TAMS 0x0000000085800000, 0x0000000085800000| Untracked 
|  43|0x0000000085900000, 0x0000000085900000, 0x0000000085a00000|  0%| F|  |TAMS 0x0000000085900000, 0x0000000085900000| Untracked 
|  44|0x0000000085a00000, 0x0000000085a00000, 0x0000000085b00000|  0%| F|  |TAMS 0x0000000085a00000, 0x0000000085a00000| Untracked 
|  45|0x0000000085b00000, 0x0000000085b00000, 0x0000000085c00000|  0%| F|  |TAMS 0x0000000085b00000, 0x0000000085b00000| Untracked 
|  46|0x0000000085c00000, 0x0000000085c00000, 0x0000000085d00000|  0%| F|  |TAMS 0x0000000085c00000, 0x0000000085c00000| Untracked 
|  47|0x0000000085d00000, 0x0000000085d00000, 0x0000000085e00000|  0%| F|  |TAMS 0x0000000085d00000, 0x0000000085d00000| Untracked 
|  48|0x0000000085e00000, 0x0000000085e00000, 0x0000000085f00000|  0%| F|  |TAMS 0x0000000085e00000, 0x0000000085e00000| Untracked 
|  49|0x0000000085f00000, 0x0000000085f00000, 0x0000000086000000|  0%| F|  |TAMS 0x0000000085f00000, 0x0000000085f00000| Untracked 
|  50|0x0000000086000000, 0x0000000086000000, 0x0000000086100000|  0%| F|  |TAMS 0x0000000086000000, 0x0000000086000000| Untracked 
|  51|0x0000000086100000, 0x0000000086100000, 0x0000000086200000|  0%| F|  |TAMS 0x0000000086100000, 0x0000000086100000| Untracked 
|  52|0x0000000086200000, 0x0000000086200000, 0x0000000086300000|  0%| F|  |TAMS 0x0000000086200000, 0x0000000086200000| Untracked 
|  53|0x0000000086300000, 0x0000000086300000, 0x0000000086400000|  0%| F|  |TAMS 0x0000000086300000, 0x0000000086300000| Untracked 
|  54|0x0000000086400000, 0x0000000086400000, 0x0000000086500000|  0%| F|  |TAMS 0x0000000086400000, 0x0000000086400000| Untracked 
|  55|0x0000000086500000, 0x0000000086500000, 0x0000000086600000|  0%| F|  |TAMS 0x0000000086500000, 0x0000000086500000| Untracked 
|  56|0x0000000086600000, 0x0000000086600000, 0x0000000086700000|  0%| F|  |TAMS 0x0000000086600000, 0x0000000086600000| Untracked 
|  57|0x0000000086700000, 0x0000000086700000, 0x0000000086800000|  0%| F|  |TAMS 0x0000000086700000, 0x0000000086700000| Untracked 
|  58|0x0000000086800000, 0x0000000086800000, 0x0000000086900000|  0%| F|  |TAMS 0x0000000086800000, 0x0000000086800000| Untracked 
|  59|0x0000000086900000, 0x0000000086900000, 0x0000000086a00000|  0%| F|  |TAMS 0x0000000086900000, 0x0000000086900000| Untracked 
|  60|0x0000000086a00000, 0x0000000086a00000, 0x0000000086b00000|  0%| F|  |TAMS 0x0000000086a00000, 0x0000000086a00000| Untracked 
|  61|0x0000000086b00000, 0x0000000086b00000, 0x0000000086c00000|  0%| F|  |TAMS 0x0000000086b00000, 0x0000000086b00000| Untracked 
|  62|0x0000000086c00000, 0x0000000086c00000, 0x0000000086d00000|  0%| F|  |TAMS 0x0000000086c00000, 0x0000000086c00000| Untracked 
|  63|0x0000000086d00000, 0x0000000086d00000, 0x0000000086e00000|  0%| F|  |TAMS 0x0000000086d00000, 0x0000000086d00000| Untracked 
|  64|0x0000000086e00000, 0x0000000086e00000, 0x0000000086f00000|  0%| F|  |TAMS 0x0000000086e00000, 0x0000000086e00000| Untracked 
|  65|0x0000000086f00000, 0x0000000086f00000, 0x0000000087000000|  0%| F|  |TAMS 0x0000000086f00000, 0x0000000086f00000| Untracked 
|  66|0x0000000087000000, 0x0000000087000000, 0x0000000087100000|  0%| F|  |TAMS 0x0000000087000000, 0x0000000087000000| Untracked 
|  67|0x0000000087100000, 0x0000000087100000, 0x0000000087200000|  0%| F|  |TAMS 0x0000000087100000, 0x0000000087100000| Untracked 
|  68|0x0000000087200000, 0x0000000087200000, 0x0000000087300000|  0%| F|  |TAMS 0x0000000087200000, 0x0000000087200000| Untracked 
|  69|0x0000000087300000, 0x0000000087300000, 0x0000000087400000|  0%| F|  |TAMS 0x0000000087300000, 0x0000000087300000| Untracked 
|  70|0x0000000087400000, 0x0000000087400000, 0x0000000087500000|  0%| F|  |TAMS 0x0000000087400000, 0x0000000087400000| Untracked 
|  71|0x0000000087500000, 0x0000000087500000, 0x0000000087600000|  0%| F|  |TAMS 0x0000000087500000, 0x0000000087500000| Untracked 
|  72|0x0000000087600000, 0x0000000087600000, 0x0000000087700000|  0%| F|  |TAMS 0x0000000087600000, 0x0000000087600000| Untracked 
|  73|0x0000000087700000, 0x0000000087700000, 0x0000000087800000|  0%| F|  |TAMS 0x0000000087700000, 0x0000000087700000| Untracked 
|  74|0x0000000087800000, 0x0000000087800000, 0x0000000087900000|  0%| F|  |TAMS 0x0000000087800000, 0x0000000087800000| Untracked 
|  75|0x0000000087900000, 0x0000000087900000, 0x0000000087a00000|  0%| F|  |TAMS 0x0000000087900000, 0x0000000087900000| Untracked 
|  76|0x0000000087a00000, 0x0000000087a00000, 0x0000000087b00000|  0%| F|  |TAMS 0x0000000087a00000, 0x0000000087a00000| Untracked 
|  77|0x0000000087b00000, 0x0000000087b00000, 0x0000000087c00000|  0%| F|  |TAMS 0x0000000087b00000, 0x0000000087b00000| Untracked 
|  78|0x0000000087c00000, 0x0000000087c00000, 0x0000000087d00000|  0%| F|  |TAMS 0x0000000087c00000, 0x0000000087c00000| Untracked 
|  79|0x0000000087d00000, 0x0000000087d00000, 0x0000000087e00000|  0%| F|  |TAMS 0x0000000087d00000, 0x0000000087d00000| Untracked 
|  80|0x0000000087e00000, 0x0000000087e00000, 0x0000000087f00000|  0%| F|  |TAMS 0x0000000087e00000, 0x0000000087e00000| Untracked 
|  81|0x0000000087f00000, 0x0000000087f00000, 0x0000000088000000|  0%| F|  |TAMS 0x0000000087f00000, 0x0000000087f00000| Untracked 
|  82|0x0000000088000000, 0x0000000088000000, 0x0000000088100000|  0%| F|  |TAMS 0x0000000088000000, 0x0000000088000000| Untracked 
|  83|0x0000000088100000, 0x0000000088100000, 0x0000000088200000|  0%| F|  |TAMS 0x0000000088100000, 0x0000000088100000| Untracked 
|  84|0x0000000088200000, 0x0000000088200000, 0x0000000088300000|  0%| F|  |TAMS 0x0000000088200000, 0x0000000088200000| Untracked 
|  85|0x0000000088300000, 0x0000000088300000, 0x0000000088400000|  0%| F|  |TAMS 0x0000000088300000, 0x0000000088300000| Untracked 
|  86|0x0000000088400000, 0x0000000088400000, 0x0000000088500000|  0%| F|  |TAMS 0x0000000088400000, 0x0000000088400000| Untracked 
|  87|0x0000000088500000, 0x0000000088500000, 0x0000000088600000|  0%| F|  |TAMS 0x0000000088500000, 0x0000000088500000| Untracked 
|  88|0x0000000088600000, 0x0000000088600000, 0x0000000088700000|  0%| F|  |TAMS 0x0000000088600000, 0x0000000088600000| Untracked 
|  89|0x0000000088700000, 0x0000000088700000, 0x0000000088800000|  0%| F|  |TAMS 0x0000000088700000, 0x0000000088700000| Untracked 
|  90|0x0000000088800000, 0x0000000088800000, 0x0000000088900000|  0%| F|  |TAMS 0x0000000088800000, 0x0000000088800000| Untracked 
|  91|0x0000000088900000, 0x0000000088900000, 0x0000000088a00000|  0%| F|  |TAMS 0x0000000088900000, 0x0000000088900000| Untracked 
|  92|0x0000000088a00000, 0x0000000088a00000, 0x0000000088b00000|  0%| F|  |TAMS 0x0000000088a00000, 0x0000000088a00000| Untracked 
|  93|0x0000000088b00000, 0x0000000088b00000, 0x0000000088c00000|  0%| F|  |TAMS 0x0000000088b00000, 0x0000000088b00000| Untracked 
|  94|0x0000000088c00000, 0x0000000088c00000, 0x0000000088d00000|  0%| F|  |TAMS 0x0000000088c00000, 0x0000000088c00000| Untracked 
|  95|0x0000000088d00000, 0x0000000088d00000, 0x0000000088e00000|  0%| F|  |TAMS 0x0000000088d00000, 0x0000000088d00000| Untracked 
|  96|0x0000000088e00000, 0x0000000088e00000, 0x0000000088f00000|  0%| F|  |TAMS 0x0000000088e00000, 0x0000000088e00000| Untracked 
|  97|0x0000000088f00000, 0x0000000088f00000, 0x0000000089000000|  0%| F|  |TAMS 0x0000000088f00000, 0x0000000088f00000| Untracked 
|  98|0x0000000089000000, 0x0000000089000000, 0x0000000089100000|  0%| F|  |TAMS 0x0000000089000000, 0x0000000089000000| Untracked 
|  99|0x0000000089100000, 0x0000000089100000, 0x0000000089200000|  0%| F|  |TAMS 0x0000000089100000, 0x0000000089100000| Untracked 
| 100|0x0000000089200000, 0x0000000089200000, 0x0000000089300000|  0%| F|  |TAMS 0x0000000089200000, 0x0000000089200000| Untracked 
| 101|0x0000000089300000, 0x0000000089300000, 0x0000000089400000|  0%| F|  |TAMS 0x0000000089300000, 0x0000000089300000| Untracked 
| 102|0x0000000089400000, 0x0000000089400000, 0x0000000089500000|  0%| F|  |TAMS 0x0000000089400000, 0x0000000089400000| Untracked 
| 103|0x0000000089500000, 0x0000000089500000, 0x0000000089600000|  0%| F|  |TAMS 0x0000000089500000, 0x0000000089500000| Untracked 
| 104|0x0000000089600000, 0x0000000089600000, 0x0000000089700000|  0%| F|  |TAMS 0x0000000089600000, 0x0000000089600000| Untracked 
| 105|0x0000000089700000, 0x0000000089700000, 0x0000000089800000|  0%| F|  |TAMS 0x0000000089700000, 0x0000000089700000| Untracked 
| 106|0x0000000089800000, 0x0000000089800000, 0x0000000089900000|  0%| F|  |TAMS 0x0000000089800000, 0x0000000089800000| Untracked 
| 107|0x0000000089900000, 0x0000000089900000, 0x0000000089a00000|  0%| F|  |TAMS 0x0000000089900000, 0x0000000089900000| Untracked 
| 108|0x0000000089a00000, 0x0000000089a00000, 0x0000000089b00000|  0%| F|  |TAMS 0x0000000089a00000, 0x0000000089a00000| Untracked 
| 109|0x0000000089b00000, 0x0000000089b00000, 0x0000000089c00000|  0%| F|  |TAMS 0x0000000089b00000, 0x0000000089b00000| Untracked 
| 110|0x0000000089c00000, 0x0000000089c00000, 0x0000000089d00000|  0%| F|  |TAMS 0x0000000089c00000, 0x0000000089c00000| Untracked 
| 111|0x0000000089d00000, 0x0000000089d00000, 0x0000000089e00000|  0%| F|  |TAMS 0x0000000089d00000, 0x0000000089d00000| Untracked 
| 112|0x0000000089e00000, 0x0000000089e00000, 0x0000000089f00000|  0%| F|  |TAMS 0x0000000089e00000, 0x0000000089e00000| Untracked 
| 113|0x0000000089f00000, 0x0000000089f00000, 0x000000008a000000|  0%| F|  |TAMS 0x0000000089f00000, 0x0000000089f00000| Untracked 
| 114|0x000000008a000000, 0x000000008a000000, 0x000000008a100000|  0%| F|  |TAMS 0x000000008a000000, 0x000000008a000000| Untracked 
| 115|0x000000008a100000, 0x000000008a100000, 0x000000008a200000|  0%| F|  |TAMS 0x000000008a100000, 0x000000008a100000| Untracked 
| 116|0x000000008a200000, 0x000000008a200000, 0x000000008a300000|  0%| F|  |TAMS 0x000000008a200000, 0x000000008a200000| Untracked 
| 117|0x000000008a300000, 0x000000008a300000, 0x000000008a400000|  0%| F|  |TAMS 0x000000008a300000, 0x000000008a300000| Untracked 
| 118|0x000000008a400000, 0x000000008a400000, 0x000000008a500000|  0%| F|  |TAMS 0x000000008a400000, 0x000000008a400000| Untracked 
| 119|0x000000008a500000, 0x000000008a500000, 0x000000008a600000|  0%| F|  |TAMS 0x000000008a500000, 0x000000008a500000| Untracked 
| 120|0x000000008a600000, 0x000000008a600000, 0x000000008a700000|  0%| F|  |TAMS 0x000000008a600000, 0x000000008a600000| Untracked 
| 121|0x000000008a700000, 0x000000008a700000, 0x000000008a800000|  0%| F|  |TAMS 0x000000008a700000, 0x000000008a700000| Untracked 
| 122|0x000000008a800000, 0x000000008a800000, 0x000000008a900000|  0%| F|  |TAMS 0x000000008a800000, 0x000000008a800000| Untracked 
| 123|0x000000008a900000, 0x000000008a976838, 0x000000008aa00000| 46%| E|  |TAMS 0x000000008a900000, 0x000000008a900000| Complete 
| 124|0x000000008aa00000, 0x000000008ab00000, 0x000000008ab00000|100%| E|CS|TAMS 0x000000008aa00000, 0x000000008aa00000| Complete 
| 125|0x000000008ab00000, 0x000000008ac00000, 0x000000008ac00000|100%| E|CS|TAMS 0x000000008ab00000, 0x000000008ab00000| Complete 

Card table byte_map: [0x000001eac6cb0000,0x000001eac70a0000] _byte_map_base: 0x000001eac6899000

Marking Bits (Prev, Next): (CMBitMap*) 0x000001eaade5ec70, (CMBitMap*) 0x000001eaade5ecb0
 Prev Bits: [0x000001eac7490000, 0x000001eac93d8000)
 Next Bits: [0x000001eac93e0000, 0x000001eacb328000)

Polling page: 0x000001eaaded0000

Metaspace:

Usage:
  Non-class:    606.55 KB used.
      Class:     63.48 KB used.
       Both:    670.04 KB used.

Virtual space:
  Non-class space:        8.00 MB reserved,     704.00 KB (  9%) committed,  1 nodes.
      Class space:        1.00 GB reserved,     128.00 KB ( <1%) committed,  1 nodes.
             Both:        1.01 GB reserved,     832.00 KB ( <1%) committed. 

Chunk freelists:
   Non-Class:  3.90 MB
       Class:  3.73 MB
        Both:  7.63 MB

MaxMetaspaceSize: unlimited
CompressedClassSpaceSize: 1.00 GB
Initial GC threshold: 21.00 MB
Current GC threshold: 21.00 MB
CDS: on
MetaspaceReclaimPolicy: balanced
 - commit_granule_bytes: 65536.
 - commit_granule_words: 8192.
 - virtual_space_node_default_size: 1048576.
 - enlarge_chunks_in_place: 1.
 - new_chunks_are_fully_committed: 0.
 - uncommit_free_chunks: 1.
 - use_allocation_guard: 0.
 - handle_deallocations: 1.


Internal statistics:

num_allocs_failed_limit: 0.
num_arena_births: 8.
num_arena_deaths: 0.
num_vsnodes_births: 2.
num_vsnodes_deaths: 0.
num_space_committed: 13.
num_space_uncommitted: 0.
num_chunks_returned_to_freelist: 0.
num_chunks_taken_from_freelist: 16.
num_chunk_merges: 0.
num_chunk_splits: 9.
num_chunks_enlarged: 9.
num_purges: 0.
num_inconsistent_stats: 0.

CodeHeap 'non-profiled nmethods': size=120000Kb used=45Kb max_used=45Kb free=119954Kb
 bounds [0x000001eabe920000, 0x000001eabeb90000, 0x000001eac5e50000]
CodeHeap 'profiled nmethods': size=120000Kb used=227Kb max_used=227Kb free=119772Kb
 bounds [0x000001eab6e50000, 0x000001eab70c0000, 0x000001eabe380000]
CodeHeap 'non-nmethods': size=5760Kb used=1111Kb max_used=1111Kb free=4648Kb
 bounds [0x000001eabe380000, 0x000001eabe5f0000, 0x000001eabe920000]
 total_blobs=565 nmethods=175 adapters=303
 compilation: enabled
              stopped_count=0, restarted_count=0
 full_count=0

Compilation events (20 events):
Event: 0.119 Thread 0x000001eacdde4310  112       3       java.lang.StringBuilder::append (8 bytes)
Event: 0.119 Thread 0x000001eacdde4310 nmethod 112 0x000001eab6e74990 code [0x000001eab6e74b20, 0x000001eab6e74c68]
Event: 0.119 Thread 0x000001eacdde4310  113       3       java.lang.AbstractStringBuilder::append (45 bytes)
Event: 0.120 Thread 0x000001eacdde4310 nmethod 113 0x000001eab6e74d10 code [0x000001eab6e74ee0, 0x000001eab6e75228]
Event: 0.121 Thread 0x000001eacdde4310  114       3       java.lang.StringLatin1::lastIndexOf (40 bytes)
Event: 0.121 Thread 0x000001eacdde4310 nmethod 114 0x000001eab6e75390 code [0x000001eab6e75560, 0x000001eab6e75958]
Event: 0.126 Thread 0x000001eacdde4310  116       3       java.lang.System::getSecurityManager (12 bytes)
Event: 0.126 Thread 0x000001eacdde4310 nmethod 116 0x000001eab6e75a90 code [0x000001eab6e75c20, 0x000001eab6e75d98]
Event: 0.126 Thread 0x000001eacdde4310  117       3       java.lang.System::allowSecurityManager (13 bytes)
Event: 0.126 Thread 0x000001eacdde4310 nmethod 117 0x000001eab6e75e90 code [0x000001eab6e76020, 0x000001eab6e76138]
Event: 0.126 Thread 0x000001eacddd7330  118 %     4       java.lang.StringLatin1::indexOfChar @ 7 (33 bytes)
Event: 0.127 Thread 0x000001eacdde4310  119       3       java.lang.StringCoding::hasNegatives (25 bytes)
Event: 0.127 Thread 0x000001eacdde4310 nmethod 119 0x000001eab6e76190 code [0x000001eab6e76340, 0x000001eab6e76578]
Event: 0.128 Thread 0x000001eacdde4310  120       3       java.lang.Character::toLowerCase (9 bytes)
Event: 0.129 Thread 0x000001eacdde4310 nmethod 120 0x000001eab6e76690 code [0x000001eab6e76840, 0x000001eab6e76a38]
Event: 0.129 Thread 0x000001eacdde4310  121       3       jdk.internal.misc.Unsafe::putReferenceRelease (9 bytes)
Event: 0.129 Thread 0x000001eacdde4310 nmethod 121 0x000001eab6e76b10 code [0x000001eab6e76ca0, 0x000001eab6e76df8]
Event: 0.129 Thread 0x000001eacdde4310  123       3       java.util.concurrent.ConcurrentHashMap::setTabAt (20 bytes)
Event: 0.129 Thread 0x000001eacdde4310 nmethod 123 0x000001eab6e76e90 code [0x000001eab6e77040, 0x000001eab6e77268]
Event: 0.129 Thread 0x000001eacdde4310  125       3       java.util.Properties::loadConvert (540 bytes)

GC Heap History (0 events):
No events

Deoptimization events (0 events):
No events

Classes unloaded (0 events):
No events

Classes redefined (0 events):
No events

Internal exceptions (0 events):
No events

VM Operations (2 events):
Event: 0.087 Executing VM operation: HandshakeAllThreads
Event: 0.087 Executing VM operation: HandshakeAllThreads done

Events (20 events):
Event: 0.120 loading class java/util/concurrent/atomic/AtomicReference done
Event: 0.120 loading class java/lang/Thread$State
Event: 0.120 loading class java/lang/Thread$State done
Event: 0.120 loading class java/util/concurrent/CountDownLatch
Event: 0.120 loading class java/util/concurrent/CountDownLatch done
Event: 0.120 loading class java/util/concurrent/CountDownLatch$Sync
Event: 0.120 loading class java/util/concurrent/CountDownLatch$Sync done
Event: 0.120 loading class java/util/concurrent/Semaphore
Event: 0.120 loading class java/util/concurrent/Semaphore done
Event: 0.120 loading class java/util/concurrent/Semaphore$NonfairSync
Event: 0.121 loading class java/util/concurrent/Semaphore$Sync
Event: 0.121 loading class java/util/concurrent/Semaphore$Sync done
Event: 0.121 loading class java/util/concurrent/Semaphore$NonfairSync done
Event: 0.122 Thread 0x000001eace903c90 Thread added: 0x000001eace903c90
Event: 0.129 loading class java/lang/IllegalStateException
Event: 0.129 loading class java/lang/IllegalStateException done
Event: 0.130 loading class java/lang/NoSuchFieldError
Event: 0.131 loading class java/lang/NoSuchFieldError done
Event: 0.131 loading class java/util/concurrent/ConcurrentLinkedQueue$Itr
Event: 0.131 loading class java/util/concurrent/ConcurrentLinkedQueue$Itr done


Dynamic libraries:
0x00007ff6b1420000 - 0x00007ff6b1430000 	C:\Program Files\Java\jdk-17\bin\java.exe
0x00007ffbb3c10000 - 0x00007ffbb3e27000 	C:\WINDOWS\SYSTEM32\ntdll.dll
0x00007ffbb1f40000 - 0x00007ffbb2004000 	C:\WINDOWS\System32\KERNEL32.DLL
0x00007ffbb0f40000 - 0x00007ffbb12ec000 	C:\WINDOWS\System32\KERNELBASE.dll
0x00007ffbb1830000 - 0x00007ffbb1941000 	C:\WINDOWS\System32\ucrtbase.dll
0x00007ffb8be40000 - 0x00007ffb8be59000 	C:\Program Files\Java\jdk-17\bin\jli.dll
0x00007ffbb3670000 - 0x00007ffbb3722000 	C:\WINDOWS\System32\ADVAPI32.dll
0x00007ffbb3a20000 - 0x00007ffbb3ac7000 	C:\WINDOWS\System32\msvcrt.dll
0x00007ffb8bc80000 - 0x00007ffb8bc9b000 	C:\Program Files\Java\jdk-17\bin\VCRUNTIME140.dll
0x00007ffbb1e10000 - 0x00007ffbb1eba000 	C:\WINDOWS\System32\sechost.dll
0x00007ffbb1800000 - 0x00007ffbb1828000 	C:\WINDOWS\System32\bcrypt.dll
0x00007ffbb1950000 - 0x00007ffbb1a65000 	C:\WINDOWS\System32\RPCRT4.dll
0x00007ffbb1a70000 - 0x00007ffbb1c1e000 	C:\WINDOWS\System32\USER32.dll
0x00007ffb8b7b0000 - 0x00007ffb8ba43000 	C:\WINDOWS\WinSxS\amd64_microsoft.windows.common-controls_6595b64144ccf1df_6.0.22621.3672_none_2713b9d173822955\COMCTL32.dll
0x00007ffbb16b0000 - 0x00007ffbb16d6000 	C:\WINDOWS\System32\win32u.dll
0x00007ffbb27d0000 - 0x00007ffbb27f9000 	C:\WINDOWS\System32\GDI32.dll
0x00007ffbb16e0000 - 0x00007ffbb17f9000 	C:\WINDOWS\System32\gdi32full.dll
0x00007ffba9060000 - 0x00007ffba906a000 	C:\WINDOWS\SYSTEM32\VERSION.dll
0x00007ffbb12f0000 - 0x00007ffbb138a000 	C:\WINDOWS\System32\msvcp_win.dll
0x00007ffbb39e0000 - 0x00007ffbb3a11000 	C:\WINDOWS\System32\IMM32.DLL
0x00007ffb8bdd0000 - 0x00007ffb8bddc000 	C:\Program Files\Java\jdk-17\bin\vcruntime140_1.dll
0x00007ffb8bd40000 - 0x00007ffb8bdce000 	C:\Program Files\Java\jdk-17\bin\msvcp140.dll
0x00007ffb8aad0000 - 0x00007ffb8b6ad000 	C:\Program Files\Java\jdk-17\bin\server\jvm.dll
0x00007ffbb2800000 - 0x00007ffbb2808000 	C:\WINDOWS\System32\PSAPI.DLL
0x00007ffb94170000 - 0x00007ffb94179000 	C:\WINDOWS\SYSTEM32\WSOCK32.dll
0x00007ffbb2810000 - 0x00007ffbb2881000 	C:\WINDOWS\System32\WS2_32.dll
0x00007ffbaba60000 - 0x00007ffbaba94000 	C:\WINDOWS\SYSTEM32\WINMM.dll
0x00007ffbafed0000 - 0x00007ffbafee8000 	C:\WINDOWS\SYSTEM32\kernel.appcore.dll
0x00007ffb8bca0000 - 0x00007ffb8bcaa000 	C:\Program Files\Java\jdk-17\bin\jimage.dll
0x00007ffbae950000 - 0x00007ffbaeb82000 	C:\WINDOWS\SYSTEM32\DBGHELP.DLL
0x00007ffbb2440000 - 0x00007ffbb27c8000 	C:\WINDOWS\System32\combase.dll
0x00007ffbb3af0000 - 0x00007ffbb3bc7000 	C:\WINDOWS\System32\OLEAUT32.dll
0x00007ffba2cd0000 - 0x00007ffba2d02000 	C:\WINDOWS\SYSTEM32\dbgcore.DLL
0x00007ffbb1630000 - 0x00007ffbb16ab000 	C:\WINDOWS\System32\bcryptPrimitives.dll
0x00007ffb8a870000 - 0x00007ffb8a895000 	C:\Program Files\Java\jdk-17\bin\java.dll
0x00007ffb8a5b0000 - 0x00007ffb8a687000 	C:\Program Files\Java\jdk-17\bin\jsvml.dll
0x00007ffbb2890000 - 0x00007ffbb30ec000 	C:\WINDOWS\System32\SHELL32.dll
0x00007ffbaee40000 - 0x00007ffbaf737000 	C:\WINDOWS\SYSTEM32\windows.storage.dll
0x00007ffbaed00000 - 0x00007ffbaee3f000 	C:\WINDOWS\SYSTEM32\wintypes.dll
0x00007ffbb1c80000 - 0x00007ffbb1d74000 	C:\WINDOWS\System32\SHCORE.dll
0x00007ffbb1ee0000 - 0x00007ffbb1f3e000 	C:\WINDOWS\System32\shlwapi.dll
0x00007ffbb0e70000 - 0x00007ffbb0e91000 	C:\WINDOWS\SYSTEM32\profapi.dll
0x00007ffb8a530000 - 0x00007ffb8a549000 	C:\Program Files\Java\jdk-17\bin\net.dll
0x00007ffbac790000 - 0x00007ffbac8c6000 	C:\WINDOWS\SYSTEM32\WINHTTP.dll
0x00007ffbb0390000 - 0x00007ffbb03f9000 	C:\WINDOWS\system32\mswsock.dll
0x00007ffb8a510000 - 0x00007ffb8a526000 	C:\Program Files\Java\jdk-17\bin\nio.dll
0x00007ffb8a470000 - 0x00007ffb8a488000 	C:\Program Files\Java\jdk-17\bin\zip.dll
0x00007ffb93e70000 - 0x00007ffb93e7a000 	C:\Program Files\Java\jdk-17\bin\management.dll
0x00007ffb94230000 - 0x00007ffb9423b000 	C:\Program Files\Java\jdk-17\bin\management_ext.dll

dbghelp: loaded successfully - version: 4.0.5 - missing functions: none
symbol engine: initialized successfully - sym options: 0x614 - pdb path: .;C:\Program Files\Java\jdk-17\bin;C:\WINDOWS\SYSTEM32;C:\WINDOWS\WinSxS\amd64_microsoft.windows.common-controls_6595b64144ccf1df_6.0.22621.3672_none_2713b9d173822955;C:\Program Files\Java\jdk-17\bin\server

VM Arguments:
java_command: C:\Users\chidy\AppData\Local\Temp\surefire11543899565071764863\surefirebooter1641755843351252055.jar C:\Users\chidy\AppData\Local\Temp\surefire11543899565071764863 2024-07-04T12-35-42_222-jvmRun1 surefire3067805683598496678tmp surefire_08130429850334556030tmp
java_class_path (initial): C:\Users\chidy\AppData\Local\Temp\surefire11543899565071764863\surefirebooter1641755843351252055.jar
Launcher Type: SUN_STANDARD

[Global flags]
     intx CICompilerCount                          = 4                                         {product} {ergonomic}
     uint ConcGCThreads                            = 2                                         {product} {ergonomic}
     uint G1ConcRefinementThreads                  = 8                                         {product} {ergonomic}
   size_t G1HeapRegionSize                         = 1048576                                   {product} {ergonomic}
    uintx GCDrainStackTargetSize                   = 64                                        {product} {ergonomic}
   size_t InitialHeapSize                          = 132120576                                 {product} {ergonomic}
   size_t MarkStackSize                            = 4194304                                   {product} {ergonomic}
   size_t MaxHeapSize                              = 2099249152                                {product} {ergonomic}
   size_t MaxNewSize                               = 1259339776                                {product} {ergonomic}
   size_t MinHeapDeltaBytes                        = 1048576                                   {product} {ergonomic}
   size_t MinHeapSize                              = 8388608                                   {product} {ergonomic}
    uintx NonNMethodCodeHeapSize                   = 5839372                                {pd product} {ergonomic}
    uintx NonProfiledCodeHeapSize                  = 122909434                              {pd product} {ergonomic}
    uintx ProfiledCodeHeapSize                     = 122909434                              {pd product} {ergonomic}
    uintx ReservedCodeCacheSize                    = 251658240                              {pd product} {ergonomic}
     bool SegmentedCodeCache                       = true                                      {product} {ergonomic}
   size_t SoftMaxHeapSize                          = 2099249152                             {manageable} {ergonomic}
     bool UseCompressedClassPointers               = true                           {product lp64_product} {ergonomic}
     bool UseCompressedOops                        = true                           {product lp64_product} {ergonomic}
     bool UseG1GC                                  = true                                      {product} {ergonomic}
     bool UseLargePagesIndividualAllocation        = false                                  {pd product} {ergonomic}

Logging:
Log output configuration:
 #0: stdout all=warning uptime,level,tags
 #1: stderr all=off uptime,level,tags

Environment Variables:
JAVA_HOME=C:\Program Files\Java\jdk-17\
PATH=C:\Program Files\Common Files\Oracle\Java\javapath;C:\WINDOWS\system32;C:\WINDOWS;C:\WINDOWS\System32\Wbem;C:\WINDOWS\System32\WindowsPowerShell\v1.0\;C:\WINDOWS\System32\OpenSSH\;C:\Program Files\dotnet\;C:\Program Files\Microsoft SQL Server\130\Tools\Binn\;C:\Program Files\Microsoft SQL Server\Client SDK\ODBC\170\Tools\Binn\;C:\Program Files\nodejs\;C:\Program Files\nodejs\node_modules;C:\Program Files\Git\cmd;C:\apache-maven-3.9.2\\bin;C:\apache-maven-3.9.2\;C:\Program Files\Java\jdk-17;C:\Program Files\Java\jdk-20;C:\Program Files\Java\jdk-11;C:\Program Files\Java\jdk-17\bin;C:\Program Files\Git\bin;C:\Users\chidy\AppData\Local\Programs\Python\Python312\Scripts\;C:\Users\chidy\AppData\Local\Programs\Python\Python312\;C:\Users\chidy\AppData\Local\Programs\Python\Launcher\;C:\Ruby27-x64\bin;C:\Users\chidy\AppData\Local\Microsoft\WindowsApps;C:\Users\chidy\.dotnet\tools;C:\Users\chidy\AppData\Roaming\npm;C:\apache-maven-3.9.2\bin;C:\Users\chidy\AppData\Local\JetBrains\Toolbox\scripts;C:\Program Files\JetBrains\RubyMine 2023.2.3\bin;;C:\Users\chidy\AppData\Local\Programs\Microsoft VS Code\bin
USERNAME=chidy
OS=Windows_NT
PROCESSOR_IDENTIFIER=Intel64 Family 6 Model 142 Stepping 11, GenuineIntel



---------------  S Y S T E M  ---------------

OS:
 Windows 11 , 64 bit Build 22621 (10.0.22621.3672)
OS uptime: 3 days 16:05 hours
Hyper-V role detected

CPU: total 8 (initial active 8) (4 cores per cpu, 2 threads per core) family 6 model 142 stepping 11 microcode 0xf0, cx8, cmov, fxsr, ht, mmx, 3dnowpref, sse, sse2, sse3, ssse3, sse4.1, sse4.2, popcnt, lzcnt, tsc, tscinvbit, avx, avx2, aes, erms, clmul, bmi1, bmi2, adx, fma, vzeroupper, clflush, clflushopt, hv

Memory: 4k page, system-wide physical 8006M (177M free)
TotalPageFile size 32582M (AvailPageFile size 1M)
current process WorkingSet (physical memory assigned to process): 34M, peak: 34M
current process commit charge ("private bytes"): 209M, peak: 209M

vm_info: Java HotSpot(TM) 64-Bit Server VM (17.0.7+8-LTS-224) for windows-amd64 JRE (17.0.7+8-LTS-224), built on Feb 28 2023 23:03:02 by "mach5one" with MS VC++ 17.1 (VS2022)

END.
